[0.011s] Invoking command in '/home/robin/robotic_arm/build/config_moveit': CMAKE_PREFIX_PATH=${CMAKE_PREFIX_PATH}:/home/robin/opencv_ros2/install/ros2_opencv:/home/robin/colcon_ws/install/ur5_control:/home/robin/colcon_ws/install/eYantra_Turtle:/home/robin/Robotics-and-ROS-2-Learn-by-Doing-Manipulators/Section5_Control/arduinobot_ws/install/arduinobot_py_examples:/home/robin/Robotics-and-ROS-2-Learn-by-Doing-Manipulators/Section4_Digital_Twin/arduinobot_ws/install/arduinobot_py_examples:/home/robin/Self-Driving-and-ROS-2-Learn-by-Doing-Odometry-Control/Section7_Differential_Kinematics/bumperbot_ws/install/bumperbot_py_examples:/home/robin/Self-Driving-and-ROS-2-Learn-by-Doing-Odometry-Control/Section6_Kinematics/bumperbot_ws/install/bumperbot_py_examples:/home/robin/Self-Driving-and-ROS-2-Learn-by-Doing-Odometry-Control/Section5_Control/bumperbot_ws/install/bumperbot_py_examples:/home/robin/Self-Driving-and-ROS-2-Learn-by-Doing-Odometry-Control/Section4_Locomotion/bumperbot_ws/install/bumperbot_py_examples:/opt/ros/humble /usr/bin/cmake /home/robin/robotic_arm/src/config_moveit -DCMAKE_INSTALL_PREFIX=/home/robin/robotic_arm/install/config_moveit
[0.067s] -- The C compiler identification is GNU 11.4.0
[0.115s] -- The CXX compiler identification is GNU 11.4.0
[0.123s] -- Detecting C compiler ABI info
[0.185s] -- Detecting C compiler ABI info - done
[0.190s] -- Check for working C compiler: /usr/bin/cc - skipped
[0.190s] -- Detecting C compile features
[0.191s] -- Detecting C compile features - done
[0.193s] -- Detecting CXX compiler ABI info
[0.260s] -- Detecting CXX compiler ABI info - done
[0.266s] -- Check for working CXX compiler: /usr/bin/c++ - skipped
[0.266s] -- Detecting CXX compile features
[0.267s] -- Detecting CXX compile features - done
[0.278s] -- Found ament_cmake: 1.3.10 (/opt/ros/humble/share/ament_cmake/cmake)
[0.424s] -- Found Python3: /usr/bin/python3 (found version "3.10.12") found components: Interpreter 
[0.616s] -- Configuring done
[0.618s] -- Generating done
[0.618s] -- Build files have been written to: /home/robin/robotic_arm/build/config_moveit
[0.622s] Invoked command in '/home/robin/robotic_arm/build/config_moveit' returned '0': CMAKE_PREFIX_PATH=${CMAKE_PREFIX_PATH}:/home/robin/opencv_ros2/install/ros2_opencv:/home/robin/colcon_ws/install/ur5_control:/home/robin/colcon_ws/install/eYantra_Turtle:/home/robin/Robotics-and-ROS-2-Learn-by-Doing-Manipulators/Section5_Control/arduinobot_ws/install/arduinobot_py_examples:/home/robin/Robotics-and-ROS-2-Learn-by-Doing-Manipulators/Section4_Digital_Twin/arduinobot_ws/install/arduinobot_py_examples:/home/robin/Self-Driving-and-ROS-2-Learn-by-Doing-Odometry-Control/Section7_Differential_Kinematics/bumperbot_ws/install/bumperbot_py_examples:/home/robin/Self-Driving-and-ROS-2-Learn-by-Doing-Odometry-Control/Section6_Kinematics/bumperbot_ws/install/bumperbot_py_examples:/home/robin/Self-Driving-and-ROS-2-Learn-by-Doing-Odometry-Control/Section5_Control/bumperbot_ws/install/bumperbot_py_examples:/home/robin/Self-Driving-and-ROS-2-Learn-by-Doing-Odometry-Control/Section4_Locomotion/bumperbot_ws/install/bumperbot_py_examples:/opt/ros/humble /usr/bin/cmake /home/robin/robotic_arm/src/config_moveit -DCMAKE_INSTALL_PREFIX=/home/robin/robotic_arm/install/config_moveit
[0.624s] Invoking command in '/home/robin/robotic_arm/build/config_moveit': CMAKE_PREFIX_PATH=${CMAKE_PREFIX_PATH}:/home/robin/opencv_ros2/install/ros2_opencv:/home/robin/colcon_ws/install/ur5_control:/home/robin/colcon_ws/install/eYantra_Turtle:/home/robin/Robotics-and-ROS-2-Learn-by-Doing-Manipulators/Section5_Control/arduinobot_ws/install/arduinobot_py_examples:/home/robin/Robotics-and-ROS-2-Learn-by-Doing-Manipulators/Section4_Digital_Twin/arduinobot_ws/install/arduinobot_py_examples:/home/robin/Self-Driving-and-ROS-2-Learn-by-Doing-Odometry-Control/Section7_Differential_Kinematics/bumperbot_ws/install/bumperbot_py_examples:/home/robin/Self-Driving-and-ROS-2-Learn-by-Doing-Odometry-Control/Section6_Kinematics/bumperbot_ws/install/bumperbot_py_examples:/home/robin/Self-Driving-and-ROS-2-Learn-by-Doing-Odometry-Control/Section5_Control/bumperbot_ws/install/bumperbot_py_examples:/home/robin/Self-Driving-and-ROS-2-Learn-by-Doing-Odometry-Control/Section4_Locomotion/bumperbot_ws/install/bumperbot_py_examples:/opt/ros/humble /usr/bin/cmake --build /home/robin/robotic_arm/build/config_moveit -- -j12 -l12
[0.657s] Invoked command in '/home/robin/robotic_arm/build/config_moveit' returned '0': CMAKE_PREFIX_PATH=${CMAKE_PREFIX_PATH}:/home/robin/opencv_ros2/install/ros2_opencv:/home/robin/colcon_ws/install/ur5_control:/home/robin/colcon_ws/install/eYantra_Turtle:/home/robin/Robotics-and-ROS-2-Learn-by-Doing-Manipulators/Section5_Control/arduinobot_ws/install/arduinobot_py_examples:/home/robin/Robotics-and-ROS-2-Learn-by-Doing-Manipulators/Section4_Digital_Twin/arduinobot_ws/install/arduinobot_py_examples:/home/robin/Self-Driving-and-ROS-2-Learn-by-Doing-Odometry-Control/Section7_Differential_Kinematics/bumperbot_ws/install/bumperbot_py_examples:/home/robin/Self-Driving-and-ROS-2-Learn-by-Doing-Odometry-Control/Section6_Kinematics/bumperbot_ws/install/bumperbot_py_examples:/home/robin/Self-Driving-and-ROS-2-Learn-by-Doing-Odometry-Control/Section5_Control/bumperbot_ws/install/bumperbot_py_examples:/home/robin/Self-Driving-and-ROS-2-Learn-by-Doing-Odometry-Control/Section4_Locomotion/bumperbot_ws/install/bumperbot_py_examples:/opt/ros/humble /usr/bin/cmake --build /home/robin/robotic_arm/build/config_moveit -- -j12 -l12
[0.679s] Invoking command in '/home/robin/robotic_arm/build/config_moveit': CMAKE_PREFIX_PATH=${CMAKE_PREFIX_PATH}:/home/robin/opencv_ros2/install/ros2_opencv:/home/robin/colcon_ws/install/ur5_control:/home/robin/colcon_ws/install/eYantra_Turtle:/home/robin/Robotics-and-ROS-2-Learn-by-Doing-Manipulators/Section5_Control/arduinobot_ws/install/arduinobot_py_examples:/home/robin/Robotics-and-ROS-2-Learn-by-Doing-Manipulators/Section4_Digital_Twin/arduinobot_ws/install/arduinobot_py_examples:/home/robin/Self-Driving-and-ROS-2-Learn-by-Doing-Odometry-Control/Section7_Differential_Kinematics/bumperbot_ws/install/bumperbot_py_examples:/home/robin/Self-Driving-and-ROS-2-Learn-by-Doing-Odometry-Control/Section6_Kinematics/bumperbot_ws/install/bumperbot_py_examples:/home/robin/Self-Driving-and-ROS-2-Learn-by-Doing-Odometry-Control/Section5_Control/bumperbot_ws/install/bumperbot_py_examples:/home/robin/Self-Driving-and-ROS-2-Learn-by-Doing-Odometry-Control/Section4_Locomotion/bumperbot_ws/install/bumperbot_py_examples:/opt/ros/humble /usr/bin/cmake --install /home/robin/robotic_arm/build/config_moveit
[0.685s] -- Install configuration: ""
[0.685s] -- Installing: /home/robin/robotic_arm/install/config_moveit/share/ament_index/resource_index/package_run_dependencies/config_moveit
[0.686s] -- Installing: /home/robin/robotic_arm/install/config_moveit/share/ament_index/resource_index/parent_prefix_path/config_moveit
[0.686s] -- Installing: /home/robin/robotic_arm/install/config_moveit/share/config_moveit/environment/ament_prefix_path.sh
[0.686s] -- Installing: /home/robin/robotic_arm/install/config_moveit/share/config_moveit/environment/ament_prefix_path.dsv
[0.686s] -- Installing: /home/robin/robotic_arm/install/config_moveit/share/config_moveit/environment/path.sh
[0.686s] -- Installing: /home/robin/robotic_arm/install/config_moveit/share/config_moveit/environment/path.dsv
[0.686s] -- Installing: /home/robin/robotic_arm/install/config_moveit/share/config_moveit/local_setup.bash
[0.686s] -- Installing: /home/robin/robotic_arm/install/config_moveit/share/config_moveit/local_setup.sh
[0.686s] -- Installing: /home/robin/robotic_arm/install/config_moveit/share/config_moveit/local_setup.zsh
[0.687s] -- Installing: /home/robin/robotic_arm/install/config_moveit/share/config_moveit/local_setup.dsv
[0.687s] -- Installing: /home/robin/robotic_arm/install/config_moveit/share/config_moveit/package.dsv
[0.687s] -- Installing: /home/robin/robotic_arm/install/config_moveit/share/ament_index/resource_index/packages/config_moveit
[0.687s] -- Installing: /home/robin/robotic_arm/install/config_moveit/share/config_moveit/cmake/config_moveitConfig.cmake
[0.687s] -- Installing: /home/robin/robotic_arm/install/config_moveit/share/config_moveit/cmake/config_moveitConfig-version.cmake
[0.687s] -- Installing: /home/robin/robotic_arm/install/config_moveit/share/config_moveit/package.xml
[0.687s] -- Installing: /home/robin/robotic_arm/install/config_moveit/share/config_moveit/launch
[0.687s] -- Installing: /home/robin/robotic_arm/install/config_moveit/share/config_moveit/launch/setup_assistant.launch.py
[0.688s] -- Installing: /home/robin/robotic_arm/install/config_moveit/share/config_moveit/launch/spawn_controllers.launch.py
[0.688s] -- Installing: /home/robin/robotic_arm/install/config_moveit/share/config_moveit/launch/warehouse_db.launch.py
[0.688s] -- Installing: /home/robin/robotic_arm/install/config_moveit/share/config_moveit/launch/moveit_rviz.launch.py
[0.688s] -- Installing: /home/robin/robotic_arm/install/config_moveit/share/config_moveit/launch/demo.launch.py
[0.688s] -- Installing: /home/robin/robotic_arm/install/config_moveit/share/config_moveit/launch/static_virtual_joint_tfs.launch.py
[0.688s] -- Installing: /home/robin/robotic_arm/install/config_moveit/share/config_moveit/launch/move_group.launch.py
[0.688s] -- Installing: /home/robin/robotic_arm/install/config_moveit/share/config_moveit/launch/rsp.launch.py
[0.688s] -- Installing: /home/robin/robotic_arm/install/config_moveit/share/config_moveit/config
[0.688s] -- Installing: /home/robin/robotic_arm/install/config_moveit/share/config_moveit/config/arduinobot.urdf.xacro
[0.688s] -- Installing: /home/robin/robotic_arm/install/config_moveit/share/config_moveit/config/moveit_controllers.yaml
[0.689s] -- Installing: /home/robin/robotic_arm/install/config_moveit/share/config_moveit/config/initial_positions.yaml
[0.689s] -- Installing: /home/robin/robotic_arm/install/config_moveit/share/config_moveit/config/ros2_controllers.yaml
[0.689s] -- Installing: /home/robin/robotic_arm/install/config_moveit/share/config_moveit/config/pilz_cartesian_limits.yaml
[0.689s] -- Installing: /home/robin/robotic_arm/install/config_moveit/share/config_moveit/config/arduinobot.ros2_control.xacro
[0.689s] -- Installing: /home/robin/robotic_arm/install/config_moveit/share/config_moveit/config/moveit.rviz
[0.689s] -- Installing: /home/robin/robotic_arm/install/config_moveit/share/config_moveit/config/arduinobot.srdf
[0.689s] -- Installing: /home/robin/robotic_arm/install/config_moveit/share/config_moveit/config/joint_limits.yaml
[0.689s] -- Installing: /home/robin/robotic_arm/install/config_moveit/share/config_moveit/config/kinematics.yaml
[0.689s] -- Installing: /home/robin/robotic_arm/install/config_moveit/share/config_moveit/.setup_assistant
[0.691s] Invoked command in '/home/robin/robotic_arm/build/config_moveit' returned '0': CMAKE_PREFIX_PATH=${CMAKE_PREFIX_PATH}:/home/robin/opencv_ros2/install/ros2_opencv:/home/robin/colcon_ws/install/ur5_control:/home/robin/colcon_ws/install/eYantra_Turtle:/home/robin/Robotics-and-ROS-2-Learn-by-Doing-Manipulators/Section5_Control/arduinobot_ws/install/arduinobot_py_examples:/home/robin/Robotics-and-ROS-2-Learn-by-Doing-Manipulators/Section4_Digital_Twin/arduinobot_ws/install/arduinobot_py_examples:/home/robin/Self-Driving-and-ROS-2-Learn-by-Doing-Odometry-Control/Section7_Differential_Kinematics/bumperbot_ws/install/bumperbot_py_examples:/home/robin/Self-Driving-and-ROS-2-Learn-by-Doing-Odometry-Control/Section6_Kinematics/bumperbot_ws/install/bumperbot_py_examples:/home/robin/Self-Driving-and-ROS-2-Learn-by-Doing-Odometry-Control/Section5_Control/bumperbot_ws/install/bumperbot_py_examples:/home/robin/Self-Driving-and-ROS-2-Learn-by-Doing-Odometry-Control/Section4_Locomotion/bumperbot_ws/install/bumperbot_py_examples:/opt/ros/humble /usr/bin/cmake --install /home/robin/robotic_arm/build/config_moveit
