[0.131s] DEBUG:colcon:Command line arguments: ['/usr/bin/colcon', 'build']
[0.131s] DEBUG:colcon:Parsed command line arguments: Namespace(log_base=None, log_level=None, verb_name='build', build_base='build', install_base='install', merge_install=False, symlink_install=False, test_result_base=None, continue_on_error=False, executor='parallel', parallel_workers=12, event_handlers=None, ignore_user_meta=False, metas=['./colcon.meta'], base_paths=['.'], packages_ignore=None, packages_ignore_regex=None, paths=None, packages_up_to=None, packages_up_to_regex=None, packages_above=None, packages_above_and_dependencies=None, packages_above_depth=None, packages_select_by_dep=None, packages_skip_by_dep=None, packages_skip_up_to=None, packages_select_build_failed=False, packages_skip_build_finished=False, packages_select_test_failures=False, packages_skip_test_passed=False, packages_select=None, packages_skip=None, packages_select_regex=None, packages_skip_regex=None, packages_start=None, packages_end=None, allow_overriding=[], cmake_args=None, cmake_target=None, cmake_target_skip_unavailable=False, cmake_clean_cache=False, cmake_clean_first=False, cmake_force_configure=False, ament_cmake_args=None, catkin_cmake_args=None, catkin_skip_building_tests=False, verb_parser=<colcon_defaults.argument_parser.defaults.DefaultArgumentsDecorator object at 0x705743b47490>, verb_extension=<colcon_core.verb.build.BuildVerb object at 0x705743b47010>, main=<bound method BuildVerb.main of <colcon_core.verb.build.BuildVerb object at 0x705743b47010>>)
[0.391s] Level 1:colcon.colcon_core.package_discovery:discover_packages(colcon_meta) check parameters
[0.391s] Level 1:colcon.colcon_core.package_discovery:discover_packages(recursive) check parameters
[0.391s] Level 1:colcon.colcon_core.package_discovery:discover_packages(ignore) check parameters
[0.391s] Level 1:colcon.colcon_core.package_discovery:discover_packages(path) check parameters
[0.391s] Level 1:colcon.colcon_core.package_discovery:discover_packages(colcon_meta) discover
[0.391s] Level 1:colcon.colcon_core.package_discovery:discover_packages(recursive) discover
[0.391s] INFO:colcon.colcon_core.package_discovery:Crawling recursively for packages in '/home/robin/robotic_arm'
[0.391s] Level 1:colcon.colcon_core.package_identification:_identify(.) by extensions ['ignore', 'ignore_ament_install']
[0.391s] Level 1:colcon.colcon_core.package_identification:_identify(.) by extension 'ignore'
[0.391s] Level 1:colcon.colcon_core.package_identification:_identify(.) by extension 'ignore_ament_install'
[0.391s] Level 1:colcon.colcon_core.package_identification:_identify(.) by extensions ['colcon_pkg']
[0.391s] Level 1:colcon.colcon_core.package_identification:_identify(.) by extension 'colcon_pkg'
[0.391s] Level 1:colcon.colcon_core.package_identification:_identify(.) by extensions ['colcon_meta']
[0.391s] Level 1:colcon.colcon_core.package_identification:_identify(.) by extension 'colcon_meta'
[0.391s] Level 1:colcon.colcon_core.package_identification:_identify(.) by extensions ['ros']
[0.391s] Level 1:colcon.colcon_core.package_identification:_identify(.) by extension 'ros'
[0.400s] Level 1:colcon.colcon_core.package_identification:_identify(.) by extensions ['cmake', 'python']
[0.400s] Level 1:colcon.colcon_core.package_identification:_identify(.) by extension 'cmake'
[0.400s] Level 1:colcon.colcon_core.package_identification:_identify(.) by extension 'python'
[0.400s] Level 1:colcon.colcon_core.package_identification:_identify(.) by extensions ['python_setup_py']
[0.400s] Level 1:colcon.colcon_core.package_identification:_identify(.) by extension 'python_setup_py'
[0.400s] Level 1:colcon.colcon_core.package_identification:_identify(build) by extensions ['ignore', 'ignore_ament_install']
[0.400s] Level 1:colcon.colcon_core.package_identification:_identify(build) by extension 'ignore'
[0.401s] Level 1:colcon.colcon_core.package_identification:_identify(build) ignored
[0.401s] Level 1:colcon.colcon_core.package_identification:_identify(install) by extensions ['ignore', 'ignore_ament_install']
[0.401s] Level 1:colcon.colcon_core.package_identification:_identify(install) by extension 'ignore'
[0.401s] Level 1:colcon.colcon_core.package_identification:_identify(install) ignored
[0.401s] Level 1:colcon.colcon_core.package_identification:_identify(log) by extensions ['ignore', 'ignore_ament_install']
[0.401s] Level 1:colcon.colcon_core.package_identification:_identify(log) by extension 'ignore'
[0.401s] Level 1:colcon.colcon_core.package_identification:_identify(log) ignored
[0.401s] Level 1:colcon.colcon_core.package_identification:_identify(src) by extensions ['ignore', 'ignore_ament_install']
[0.401s] Level 1:colcon.colcon_core.package_identification:_identify(src) by extension 'ignore'
[0.401s] Level 1:colcon.colcon_core.package_identification:_identify(src) by extension 'ignore_ament_install'
[0.401s] Level 1:colcon.colcon_core.package_identification:_identify(src) by extensions ['colcon_pkg']
[0.401s] Level 1:colcon.colcon_core.package_identification:_identify(src) by extension 'colcon_pkg'
[0.401s] Level 1:colcon.colcon_core.package_identification:_identify(src) by extensions ['colcon_meta']
[0.401s] Level 1:colcon.colcon_core.package_identification:_identify(src) by extension 'colcon_meta'
[0.401s] Level 1:colcon.colcon_core.package_identification:_identify(src) by extensions ['ros']
[0.401s] Level 1:colcon.colcon_core.package_identification:_identify(src) by extension 'ros'
[0.401s] Level 1:colcon.colcon_core.package_identification:_identify(src) by extensions ['cmake', 'python']
[0.401s] Level 1:colcon.colcon_core.package_identification:_identify(src) by extension 'cmake'
[0.401s] Level 1:colcon.colcon_core.package_identification:_identify(src) by extension 'python'
[0.401s] Level 1:colcon.colcon_core.package_identification:_identify(src) by extensions ['python_setup_py']
[0.401s] Level 1:colcon.colcon_core.package_identification:_identify(src) by extension 'python_setup_py'
[0.401s] Level 1:colcon.colcon_core.package_identification:_identify(src/arduinobot_controller) by extensions ['ignore', 'ignore_ament_install']
[0.402s] Level 1:colcon.colcon_core.package_identification:_identify(src/arduinobot_controller) by extension 'ignore'
[0.402s] Level 1:colcon.colcon_core.package_identification:_identify(src/arduinobot_controller) by extension 'ignore_ament_install'
[0.402s] Level 1:colcon.colcon_core.package_identification:_identify(src/arduinobot_controller) by extensions ['colcon_pkg']
[0.402s] Level 1:colcon.colcon_core.package_identification:_identify(src/arduinobot_controller) by extension 'colcon_pkg'
[0.402s] Level 1:colcon.colcon_core.package_identification:_identify(src/arduinobot_controller) by extensions ['colcon_meta']
[0.402s] Level 1:colcon.colcon_core.package_identification:_identify(src/arduinobot_controller) by extension 'colcon_meta'
[0.402s] Level 1:colcon.colcon_core.package_identification:_identify(src/arduinobot_controller) by extensions ['ros']
[0.402s] Level 1:colcon.colcon_core.package_identification:_identify(src/arduinobot_controller) by extension 'ros'
[0.405s] DEBUG:colcon.colcon_core.package_identification:Package 'src/arduinobot_controller' with type 'ros.ament_cmake' and name 'arduinobot_controller'
[0.405s] Level 1:colcon.colcon_core.package_identification:_identify(src/arduinobot_description) by extensions ['ignore', 'ignore_ament_install']
[0.405s] Level 1:colcon.colcon_core.package_identification:_identify(src/arduinobot_description) by extension 'ignore'
[0.405s] Level 1:colcon.colcon_core.package_identification:_identify(src/arduinobot_description) by extension 'ignore_ament_install'
[0.405s] Level 1:colcon.colcon_core.package_identification:_identify(src/arduinobot_description) by extensions ['colcon_pkg']
[0.405s] Level 1:colcon.colcon_core.package_identification:_identify(src/arduinobot_description) by extension 'colcon_pkg'
[0.405s] Level 1:colcon.colcon_core.package_identification:_identify(src/arduinobot_description) by extensions ['colcon_meta']
[0.405s] Level 1:colcon.colcon_core.package_identification:_identify(src/arduinobot_description) by extension 'colcon_meta'
[0.405s] Level 1:colcon.colcon_core.package_identification:_identify(src/arduinobot_description) by extensions ['ros']
[0.405s] Level 1:colcon.colcon_core.package_identification:_identify(src/arduinobot_description) by extension 'ros'
[0.405s] DEBUG:colcon.colcon_core.package_identification:Package 'src/arduinobot_description' with type 'ros.ament_cmake' and name 'arduinobot_description'
[0.406s] Level 1:colcon.colcon_core.package_identification:_identify(src/moveit_config) by extensions ['ignore', 'ignore_ament_install']
[0.406s] Level 1:colcon.colcon_core.package_identification:_identify(src/moveit_config) by extension 'ignore'
[0.406s] Level 1:colcon.colcon_core.package_identification:_identify(src/moveit_config) by extension 'ignore_ament_install'
[0.406s] Level 1:colcon.colcon_core.package_identification:_identify(src/moveit_config) by extensions ['colcon_pkg']
[0.406s] Level 1:colcon.colcon_core.package_identification:_identify(src/moveit_config) by extension 'colcon_pkg'
[0.406s] Level 1:colcon.colcon_core.package_identification:_identify(src/moveit_config) by extensions ['colcon_meta']
[0.406s] Level 1:colcon.colcon_core.package_identification:_identify(src/moveit_config) by extension 'colcon_meta'
[0.406s] Level 1:colcon.colcon_core.package_identification:_identify(src/moveit_config) by extensions ['ros']
[0.406s] Level 1:colcon.colcon_core.package_identification:_identify(src/moveit_config) by extension 'ros'
[0.406s] DEBUG:colcon.colcon_core.package_identification:Package 'src/moveit_config' with type 'ros.ament_cmake' and name 'moveit_config'
[0.406s] Level 1:colcon.colcon_core.package_discovery:discover_packages(recursive) using defaults
[0.406s] Level 1:colcon.colcon_core.package_discovery:discover_packages(ignore) discover
[0.406s] Level 1:colcon.colcon_core.package_discovery:discover_packages(ignore) using defaults
[0.406s] Level 1:colcon.colcon_core.package_discovery:discover_packages(path) discover
[0.406s] Level 1:colcon.colcon_core.package_discovery:discover_packages(path) using defaults
[0.441s] Level 1:colcon.colcon_core.package_discovery:discover_packages(prefix_path) check parameters
[0.441s] Level 1:colcon.colcon_core.package_discovery:discover_packages(prefix_path) discover
[0.446s] DEBUG:colcon.colcon_installed_package_information.package_discovery:Found 1 installed packages in /home/robin/opencv_ros2/install
[0.446s] DEBUG:colcon.colcon_installed_package_information.package_discovery:Found 2 installed packages in /home/robin/robotic_arm/install
[0.447s] DEBUG:colcon.colcon_installed_package_information.package_discovery:Found 11 installed packages in /home/robin/colcon_ws/install
[0.447s] DEBUG:colcon.colcon_installed_package_information.package_discovery:Found 4 installed packages in /home/robin/Robotics-and-ROS-2-Learn-by-Doing-Manipulators/Section5_Control/arduinobot_ws/install
[0.448s] DEBUG:colcon.colcon_installed_package_information.package_discovery:Found 3 installed packages in /home/robin/Robotics-and-ROS-2-Learn-by-Doing-Manipulators/Section4_Digital_Twin/arduinobot_ws/install
[0.448s] DEBUG:colcon.colcon_installed_package_information.package_discovery:Found 4 installed packages in /home/robin/Self-Driving-and-ROS-2-Learn-by-Doing-Odometry-Control/Section7_Differential_Kinematics/bumperbot_ws/install
[0.448s] DEBUG:colcon.colcon_installed_package_information.package_discovery:Found 4 installed packages in /home/robin/Self-Driving-and-ROS-2-Learn-by-Doing-Odometry-Control/Section6_Kinematics/bumperbot_ws/install
[0.449s] DEBUG:colcon.colcon_installed_package_information.package_discovery:Found 4 installed packages in /home/robin/Self-Driving-and-ROS-2-Learn-by-Doing-Odometry-Control/Section5_Control/bumperbot_ws/install
[0.450s] DEBUG:colcon.colcon_installed_package_information.package_discovery:Found 1 installed packages in /home/robin/ros2_ws/install
[0.450s] DEBUG:colcon.colcon_installed_package_information.package_discovery:Found 3 installed packages in /home/robin/Self-Driving-and-ROS-2-Learn-by-Doing-Odometry-Control/Section4_Locomotion/bumperbot_ws/install
[0.451s] DEBUG:colcon.colcon_installed_package_information.package_discovery:Found 3 installed packages in /home/robin/turtlebot3_ws/install
[0.452s] DEBUG:colcon.colcon_installed_package_information.package_discovery:Found 471 installed packages in /opt/ros/humble
[0.454s] Level 1:colcon.colcon_core.package_discovery:discover_packages(prefix_path) using defaults
[0.506s] Level 5:colcon.colcon_core.verb:set package 'arduinobot_controller' build argument 'cmake_args' from command line to 'None'
[0.506s] Level 5:colcon.colcon_core.verb:set package 'arduinobot_controller' build argument 'cmake_target' from command line to 'None'
[0.506s] Level 5:colcon.colcon_core.verb:set package 'arduinobot_controller' build argument 'cmake_target_skip_unavailable' from command line to 'False'
[0.506s] Level 5:colcon.colcon_core.verb:set package 'arduinobot_controller' build argument 'cmake_clean_cache' from command line to 'False'
[0.506s] Level 5:colcon.colcon_core.verb:set package 'arduinobot_controller' build argument 'cmake_clean_first' from command line to 'False'
[0.506s] Level 5:colcon.colcon_core.verb:set package 'arduinobot_controller' build argument 'cmake_force_configure' from command line to 'False'
[0.506s] Level 5:colcon.colcon_core.verb:set package 'arduinobot_controller' build argument 'ament_cmake_args' from command line to 'None'
[0.506s] Level 5:colcon.colcon_core.verb:set package 'arduinobot_controller' build argument 'catkin_cmake_args' from command line to 'None'
[0.506s] Level 5:colcon.colcon_core.verb:set package 'arduinobot_controller' build argument 'catkin_skip_building_tests' from command line to 'False'
[0.507s] DEBUG:colcon.colcon_core.verb:Building package 'arduinobot_controller' with the following arguments: {'ament_cmake_args': None, 'build_base': '/home/robin/robotic_arm/build/arduinobot_controller', 'catkin_cmake_args': None, 'catkin_skip_building_tests': False, 'cmake_args': None, 'cmake_clean_cache': False, 'cmake_clean_first': False, 'cmake_force_configure': False, 'cmake_target': None, 'cmake_target_skip_unavailable': False, 'install_base': '/home/robin/robotic_arm/install/arduinobot_controller', 'merge_install': False, 'path': '/home/robin/robotic_arm/src/arduinobot_controller', 'symlink_install': False, 'test_result_base': None}
[0.507s] Level 5:colcon.colcon_core.verb:set package 'arduinobot_description' build argument 'cmake_args' from command line to 'None'
[0.507s] Level 5:colcon.colcon_core.verb:set package 'arduinobot_description' build argument 'cmake_target' from command line to 'None'
[0.507s] Level 5:colcon.colcon_core.verb:set package 'arduinobot_description' build argument 'cmake_target_skip_unavailable' from command line to 'False'
[0.507s] Level 5:colcon.colcon_core.verb:set package 'arduinobot_description' build argument 'cmake_clean_cache' from command line to 'False'
[0.507s] Level 5:colcon.colcon_core.verb:set package 'arduinobot_description' build argument 'cmake_clean_first' from command line to 'False'
[0.507s] Level 5:colcon.colcon_core.verb:set package 'arduinobot_description' build argument 'cmake_force_configure' from command line to 'False'
[0.507s] Level 5:colcon.colcon_core.verb:set package 'arduinobot_description' build argument 'ament_cmake_args' from command line to 'None'
[0.507s] Level 5:colcon.colcon_core.verb:set package 'arduinobot_description' build argument 'catkin_cmake_args' from command line to 'None'
[0.507s] Level 5:colcon.colcon_core.verb:set package 'arduinobot_description' build argument 'catkin_skip_building_tests' from command line to 'False'
[0.507s] DEBUG:colcon.colcon_core.verb:Building package 'arduinobot_description' with the following arguments: {'ament_cmake_args': None, 'build_base': '/home/robin/robotic_arm/build/arduinobot_description', 'catkin_cmake_args': None, 'catkin_skip_building_tests': False, 'cmake_args': None, 'cmake_clean_cache': False, 'cmake_clean_first': False, 'cmake_force_configure': False, 'cmake_target': None, 'cmake_target_skip_unavailable': False, 'install_base': '/home/robin/robotic_arm/install/arduinobot_description', 'merge_install': False, 'path': '/home/robin/robotic_arm/src/arduinobot_description', 'symlink_install': False, 'test_result_base': None}
[0.507s] Level 5:colcon.colcon_core.verb:set package 'moveit_config' build argument 'cmake_args' from command line to 'None'
[0.507s] Level 5:colcon.colcon_core.verb:set package 'moveit_config' build argument 'cmake_target' from command line to 'None'
[0.507s] Level 5:colcon.colcon_core.verb:set package 'moveit_config' build argument 'cmake_target_skip_unavailable' from command line to 'False'
[0.507s] Level 5:colcon.colcon_core.verb:set package 'moveit_config' build argument 'cmake_clean_cache' from command line to 'False'
[0.507s] Level 5:colcon.colcon_core.verb:set package 'moveit_config' build argument 'cmake_clean_first' from command line to 'False'
[0.507s] Level 5:colcon.colcon_core.verb:set package 'moveit_config' build argument 'cmake_force_configure' from command line to 'False'
[0.507s] Level 5:colcon.colcon_core.verb:set package 'moveit_config' build argument 'ament_cmake_args' from command line to 'None'
[0.507s] Level 5:colcon.colcon_core.verb:set package 'moveit_config' build argument 'catkin_cmake_args' from command line to 'None'
[0.507s] Level 5:colcon.colcon_core.verb:set package 'moveit_config' build argument 'catkin_skip_building_tests' from command line to 'False'
[0.507s] DEBUG:colcon.colcon_core.verb:Building package 'moveit_config' with the following arguments: {'ament_cmake_args': None, 'build_base': '/home/robin/robotic_arm/build/moveit_config', 'catkin_cmake_args': None, 'catkin_skip_building_tests': False, 'cmake_args': None, 'cmake_clean_cache': False, 'cmake_clean_first': False, 'cmake_force_configure': False, 'cmake_target': None, 'cmake_target_skip_unavailable': False, 'install_base': '/home/robin/robotic_arm/install/moveit_config', 'merge_install': False, 'path': '/home/robin/robotic_arm/src/moveit_config', 'symlink_install': False, 'test_result_base': None}
[0.507s] INFO:colcon.colcon_core.executor:Executing jobs using 'parallel' executor
[0.508s] DEBUG:colcon.colcon_parallel_executor.executor.parallel:run_until_complete
[0.509s] INFO:colcon.colcon_ros.task.ament_cmake.build:Building ROS package in '/home/robin/robotic_arm/src/arduinobot_controller' with build type 'ament_cmake'
[0.509s] INFO:colcon.colcon_cmake.task.cmake.build:Building CMake package in '/home/robin/robotic_arm/src/arduinobot_controller'
[0.512s] INFO:colcon.colcon_core.plugin_system:Skipping extension 'colcon_core.shell.bat': Not used on non-Windows systems
[0.512s] INFO:colcon.colcon_core.shell:Skip shell extension 'powershell' for command environment: Not usable outside of PowerShell
[0.512s] DEBUG:colcon.colcon_core.shell:Skip shell extension 'dsv' for command environment
[0.520s] INFO:colcon.colcon_ros.task.ament_cmake.build:Building ROS package in '/home/robin/robotic_arm/src/arduinobot_description' with build type 'ament_cmake'
[0.520s] INFO:colcon.colcon_cmake.task.cmake.build:Building CMake package in '/home/robin/robotic_arm/src/arduinobot_description'
[0.521s] INFO:colcon.colcon_core.shell:Skip shell extension 'powershell' for command environment: Not usable outside of PowerShell
[0.521s] DEBUG:colcon.colcon_core.shell:Skip shell extension 'dsv' for command environment
[0.528s] INFO:colcon.colcon_ros.task.ament_cmake.build:Building ROS package in '/home/robin/robotic_arm/src/moveit_config' with build type 'ament_cmake'
[0.528s] INFO:colcon.colcon_cmake.task.cmake.build:Building CMake package in '/home/robin/robotic_arm/src/moveit_config'
[0.529s] INFO:colcon.colcon_core.shell:Skip shell extension 'powershell' for command environment: Not usable outside of PowerShell
[0.529s] DEBUG:colcon.colcon_core.shell:Skip shell extension 'dsv' for command environment
[0.540s] DEBUG:colcon.colcon_core.event_handler.log_command:Invoking command in '/home/robin/robotic_arm/build/arduinobot_controller': CMAKE_PREFIX_PATH=${CMAKE_PREFIX_PATH}:/home/robin/opencv_ros2/install/ros2_opencv:/home/robin/colcon_ws/install/ur5_control:/home/robin/colcon_ws/install/eYantra_Turtle:/home/robin/Robotics-and-ROS-2-Learn-by-Doing-Manipulators/Section5_Control/arduinobot_ws/install/arduinobot_py_examples:/home/robin/Robotics-and-ROS-2-Learn-by-Doing-Manipulators/Section4_Digital_Twin/arduinobot_ws/install/arduinobot_py_examples:/home/robin/Self-Driving-and-ROS-2-Learn-by-Doing-Odometry-Control/Section7_Differential_Kinematics/bumperbot_ws/install/bumperbot_py_examples:/home/robin/Self-Driving-and-ROS-2-Learn-by-Doing-Odometry-Control/Section6_Kinematics/bumperbot_ws/install/bumperbot_py_examples:/home/robin/Self-Driving-and-ROS-2-Learn-by-Doing-Odometry-Control/Section5_Control/bumperbot_ws/install/bumperbot_py_examples:/home/robin/Self-Driving-and-ROS-2-Learn-by-Doing-Odometry-Control/Section4_Locomotion/bumperbot_ws/install/bumperbot_py_examples:/opt/ros/humble /usr/bin/cmake --build /home/robin/robotic_arm/build/arduinobot_controller -- -j12 -l12
[0.545s] DEBUG:colcon.colcon_core.event_handler.log_command:Invoking command in '/home/robin/robotic_arm/build/arduinobot_description': CMAKE_PREFIX_PATH=${CMAKE_PREFIX_PATH}:/home/robin/opencv_ros2/install/ros2_opencv:/home/robin/colcon_ws/install/ur5_control:/home/robin/colcon_ws/install/eYantra_Turtle:/home/robin/Robotics-and-ROS-2-Learn-by-Doing-Manipulators/Section5_Control/arduinobot_ws/install/arduinobot_py_examples:/home/robin/Robotics-and-ROS-2-Learn-by-Doing-Manipulators/Section4_Digital_Twin/arduinobot_ws/install/arduinobot_py_examples:/home/robin/Self-Driving-and-ROS-2-Learn-by-Doing-Odometry-Control/Section7_Differential_Kinematics/bumperbot_ws/install/bumperbot_py_examples:/home/robin/Self-Driving-and-ROS-2-Learn-by-Doing-Odometry-Control/Section6_Kinematics/bumperbot_ws/install/bumperbot_py_examples:/home/robin/Self-Driving-and-ROS-2-Learn-by-Doing-Odometry-Control/Section5_Control/bumperbot_ws/install/bumperbot_py_examples:/home/robin/Self-Driving-and-ROS-2-Learn-by-Doing-Odometry-Control/Section4_Locomotion/bumperbot_ws/install/bumperbot_py_examples:/opt/ros/humble /usr/bin/cmake --build /home/robin/robotic_arm/build/arduinobot_description -- -j12 -l12
[0.548s] DEBUG:colcon.colcon_core.event_handler.log_command:Invoking command in '/home/robin/robotic_arm/build/moveit_config': CMAKE_PREFIX_PATH=${CMAKE_PREFIX_PATH}:/home/robin/opencv_ros2/install/ros2_opencv:/home/robin/colcon_ws/install/ur5_control:/home/robin/colcon_ws/install/eYantra_Turtle:/home/robin/Robotics-and-ROS-2-Learn-by-Doing-Manipulators/Section5_Control/arduinobot_ws/install/arduinobot_py_examples:/home/robin/Robotics-and-ROS-2-Learn-by-Doing-Manipulators/Section4_Digital_Twin/arduinobot_ws/install/arduinobot_py_examples:/home/robin/Self-Driving-and-ROS-2-Learn-by-Doing-Odometry-Control/Section7_Differential_Kinematics/bumperbot_ws/install/bumperbot_py_examples:/home/robin/Self-Driving-and-ROS-2-Learn-by-Doing-Odometry-Control/Section6_Kinematics/bumperbot_ws/install/bumperbot_py_examples:/home/robin/Self-Driving-and-ROS-2-Learn-by-Doing-Odometry-Control/Section5_Control/bumperbot_ws/install/bumperbot_py_examples:/home/robin/Self-Driving-and-ROS-2-Learn-by-Doing-Odometry-Control/Section4_Locomotion/bumperbot_ws/install/bumperbot_py_examples:/opt/ros/humble /usr/bin/cmake /home/robin/robotic_arm/src/moveit_config -DCMAKE_INSTALL_PREFIX=/home/robin/robotic_arm/install/moveit_config
[0.611s] DEBUG:colcon.colcon_core.event_handler.log_command:Invoked command in '/home/robin/robotic_arm/build/arduinobot_description' returned '0': CMAKE_PREFIX_PATH=${CMAKE_PREFIX_PATH}:/home/robin/opencv_ros2/install/ros2_opencv:/home/robin/colcon_ws/install/ur5_control:/home/robin/colcon_ws/install/eYantra_Turtle:/home/robin/Robotics-and-ROS-2-Learn-by-Doing-Manipulators/Section5_Control/arduinobot_ws/install/arduinobot_py_examples:/home/robin/Robotics-and-ROS-2-Learn-by-Doing-Manipulators/Section4_Digital_Twin/arduinobot_ws/install/arduinobot_py_examples:/home/robin/Self-Driving-and-ROS-2-Learn-by-Doing-Odometry-Control/Section7_Differential_Kinematics/bumperbot_ws/install/bumperbot_py_examples:/home/robin/Self-Driving-and-ROS-2-Learn-by-Doing-Odometry-Control/Section6_Kinematics/bumperbot_ws/install/bumperbot_py_examples:/home/robin/Self-Driving-and-ROS-2-Learn-by-Doing-Odometry-Control/Section5_Control/bumperbot_ws/install/bumperbot_py_examples:/home/robin/Self-Driving-and-ROS-2-Learn-by-Doing-Odometry-Control/Section4_Locomotion/bumperbot_ws/install/bumperbot_py_examples:/opt/ros/humble /usr/bin/cmake --build /home/robin/robotic_arm/build/arduinobot_description -- -j12 -l12
[0.647s] DEBUG:colcon.colcon_core.event_handler.log_command:Invoking command in '/home/robin/robotic_arm/build/arduinobot_description': CMAKE_PREFIX_PATH=${CMAKE_PREFIX_PATH}:/home/robin/opencv_ros2/install/ros2_opencv:/home/robin/colcon_ws/install/ur5_control:/home/robin/colcon_ws/install/eYantra_Turtle:/home/robin/Robotics-and-ROS-2-Learn-by-Doing-Manipulators/Section5_Control/arduinobot_ws/install/arduinobot_py_examples:/home/robin/Robotics-and-ROS-2-Learn-by-Doing-Manipulators/Section4_Digital_Twin/arduinobot_ws/install/arduinobot_py_examples:/home/robin/Self-Driving-and-ROS-2-Learn-by-Doing-Odometry-Control/Section7_Differential_Kinematics/bumperbot_ws/install/bumperbot_py_examples:/home/robin/Self-Driving-and-ROS-2-Learn-by-Doing-Odometry-Control/Section6_Kinematics/bumperbot_ws/install/bumperbot_py_examples:/home/robin/Self-Driving-and-ROS-2-Learn-by-Doing-Odometry-Control/Section5_Control/bumperbot_ws/install/bumperbot_py_examples:/home/robin/Self-Driving-and-ROS-2-Learn-by-Doing-Odometry-Control/Section4_Locomotion/bumperbot_ws/install/bumperbot_py_examples:/opt/ros/humble /usr/bin/cmake --install /home/robin/robotic_arm/build/arduinobot_description
[0.661s] Level 1:colcon.colcon_core.environment:create_environment_scripts_only(arduinobot_description)
[0.662s] DEBUG:colcon.colcon_core.event_handler.log_command:Invoked command in '/home/robin/robotic_arm/build/arduinobot_description' returned '0': CMAKE_PREFIX_PATH=${CMAKE_PREFIX_PATH}:/home/robin/opencv_ros2/install/ros2_opencv:/home/robin/colcon_ws/install/ur5_control:/home/robin/colcon_ws/install/eYantra_Turtle:/home/robin/Robotics-and-ROS-2-Learn-by-Doing-Manipulators/Section5_Control/arduinobot_ws/install/arduinobot_py_examples:/home/robin/Robotics-and-ROS-2-Learn-by-Doing-Manipulators/Section4_Digital_Twin/arduinobot_ws/install/arduinobot_py_examples:/home/robin/Self-Driving-and-ROS-2-Learn-by-Doing-Odometry-Control/Section7_Differential_Kinematics/bumperbot_ws/install/bumperbot_py_examples:/home/robin/Self-Driving-and-ROS-2-Learn-by-Doing-Odometry-Control/Section6_Kinematics/bumperbot_ws/install/bumperbot_py_examples:/home/robin/Self-Driving-and-ROS-2-Learn-by-Doing-Odometry-Control/Section5_Control/bumperbot_ws/install/bumperbot_py_examples:/home/robin/Self-Driving-and-ROS-2-Learn-by-Doing-Odometry-Control/Section4_Locomotion/bumperbot_ws/install/bumperbot_py_examples:/opt/ros/humble /usr/bin/cmake --install /home/robin/robotic_arm/build/arduinobot_description
[0.667s] Level 1:colcon.colcon_core.environment:checking '/home/robin/robotic_arm/install/arduinobot_description' for CMake module files
[0.667s] Level 1:colcon.colcon_core.environment:checking '/home/robin/robotic_arm/install/arduinobot_description' for CMake config files
[0.667s] Level 1:colcon.colcon_core.shell:create_environment_hook('arduinobot_description', 'cmake_prefix_path')
[0.668s] INFO:colcon.colcon_core.shell:Creating environment hook '/home/robin/robotic_arm/install/arduinobot_description/share/arduinobot_description/hook/cmake_prefix_path.ps1'
[0.669s] INFO:colcon.colcon_core.shell:Creating environment descriptor '/home/robin/robotic_arm/install/arduinobot_description/share/arduinobot_description/hook/cmake_prefix_path.dsv'
[0.669s] INFO:colcon.colcon_core.shell:Creating environment hook '/home/robin/robotic_arm/install/arduinobot_description/share/arduinobot_description/hook/cmake_prefix_path.sh'
[0.670s] Level 1:colcon.colcon_core.environment:checking '/home/robin/robotic_arm/install/arduinobot_description/bin'
[0.670s] Level 1:colcon.colcon_core.environment:checking '/home/robin/robotic_arm/install/arduinobot_description/lib/pkgconfig/arduinobot_description.pc'
[0.670s] Level 1:colcon.colcon_core.environment:checking '/home/robin/robotic_arm/install/arduinobot_description/lib/python3.10/site-packages'
[0.671s] Level 1:colcon.colcon_core.environment:checking '/home/robin/robotic_arm/install/arduinobot_description/bin'
[0.671s] INFO:colcon.colcon_core.shell:Creating package script '/home/robin/robotic_arm/install/arduinobot_description/share/arduinobot_description/package.ps1'
[0.671s] INFO:colcon.colcon_core.shell:Creating package descriptor '/home/robin/robotic_arm/install/arduinobot_description/share/arduinobot_description/package.dsv'
[0.672s] INFO:colcon.colcon_core.shell:Creating package script '/home/robin/robotic_arm/install/arduinobot_description/share/arduinobot_description/package.sh'
[0.672s] INFO:colcon.colcon_core.shell:Creating package script '/home/robin/robotic_arm/install/arduinobot_description/share/arduinobot_description/package.bash'
[0.673s] INFO:colcon.colcon_core.shell:Creating package script '/home/robin/robotic_arm/install/arduinobot_description/share/arduinobot_description/package.zsh'
[0.674s] Level 1:colcon.colcon_core.environment:create_file_with_runtime_dependencies(/home/robin/robotic_arm/install/arduinobot_description/share/colcon-core/packages/arduinobot_description)
[0.701s] Level 1:colcon.colcon_core.environment:create_environment_scripts_only(arduinobot_description)
[0.702s] Level 1:colcon.colcon_core.environment:checking '/home/robin/robotic_arm/install/arduinobot_description' for CMake module files
[0.702s] Level 1:colcon.colcon_core.environment:checking '/home/robin/robotic_arm/install/arduinobot_description' for CMake config files
[0.702s] Level 1:colcon.colcon_core.shell:create_environment_hook('arduinobot_description', 'cmake_prefix_path')
[0.702s] INFO:colcon.colcon_core.shell:Creating environment hook '/home/robin/robotic_arm/install/arduinobot_description/share/arduinobot_description/hook/cmake_prefix_path.ps1'
[0.703s] INFO:colcon.colcon_core.shell:Creating environment descriptor '/home/robin/robotic_arm/install/arduinobot_description/share/arduinobot_description/hook/cmake_prefix_path.dsv'
[0.703s] INFO:colcon.colcon_core.shell:Creating environment hook '/home/robin/robotic_arm/install/arduinobot_description/share/arduinobot_description/hook/cmake_prefix_path.sh'
[0.703s] Level 1:colcon.colcon_core.environment:checking '/home/robin/robotic_arm/install/arduinobot_description/bin'
[0.704s] Level 1:colcon.colcon_core.environment:checking '/home/robin/robotic_arm/install/arduinobot_description/lib/pkgconfig/arduinobot_description.pc'
[0.704s] Level 1:colcon.colcon_core.environment:checking '/home/robin/robotic_arm/install/arduinobot_description/lib/python3.10/site-packages'
[0.704s] Level 1:colcon.colcon_core.environment:checking '/home/robin/robotic_arm/install/arduinobot_description/bin'
[0.704s] INFO:colcon.colcon_core.shell:Creating package script '/home/robin/robotic_arm/install/arduinobot_description/share/arduinobot_description/package.ps1'
[0.704s] INFO:colcon.colcon_core.shell:Creating package descriptor '/home/robin/robotic_arm/install/arduinobot_description/share/arduinobot_description/package.dsv'
[0.705s] INFO:colcon.colcon_core.shell:Creating package script '/home/robin/robotic_arm/install/arduinobot_description/share/arduinobot_description/package.sh'
[0.705s] INFO:colcon.colcon_core.shell:Creating package script '/home/robin/robotic_arm/install/arduinobot_description/share/arduinobot_description/package.bash'
[0.705s] INFO:colcon.colcon_core.shell:Creating package script '/home/robin/robotic_arm/install/arduinobot_description/share/arduinobot_description/package.zsh'
[0.706s] Level 1:colcon.colcon_core.environment:create_file_with_runtime_dependencies(/home/robin/robotic_arm/install/arduinobot_description/share/colcon-core/packages/arduinobot_description)
[0.950s] DEBUG:colcon.colcon_core.event_handler.log_command:Invoked command in '/home/robin/robotic_arm/build/arduinobot_controller' returned '0': CMAKE_PREFIX_PATH=${CMAKE_PREFIX_PATH}:/home/robin/opencv_ros2/install/ros2_opencv:/home/robin/colcon_ws/install/ur5_control:/home/robin/colcon_ws/install/eYantra_Turtle:/home/robin/Robotics-and-ROS-2-Learn-by-Doing-Manipulators/Section5_Control/arduinobot_ws/install/arduinobot_py_examples:/home/robin/Robotics-and-ROS-2-Learn-by-Doing-Manipulators/Section4_Digital_Twin/arduinobot_ws/install/arduinobot_py_examples:/home/robin/Self-Driving-and-ROS-2-Learn-by-Doing-Odometry-Control/Section7_Differential_Kinematics/bumperbot_ws/install/bumperbot_py_examples:/home/robin/Self-Driving-and-ROS-2-Learn-by-Doing-Odometry-Control/Section6_Kinematics/bumperbot_ws/install/bumperbot_py_examples:/home/robin/Self-Driving-and-ROS-2-Learn-by-Doing-Odometry-Control/Section5_Control/bumperbot_ws/install/bumperbot_py_examples:/home/robin/Self-Driving-and-ROS-2-Learn-by-Doing-Odometry-Control/Section4_Locomotion/bumperbot_ws/install/bumperbot_py_examples:/opt/ros/humble /usr/bin/cmake --build /home/robin/robotic_arm/build/arduinobot_controller -- -j12 -l12
[0.981s] DEBUG:colcon.colcon_core.event_handler.log_command:Invoking command in '/home/robin/robotic_arm/build/arduinobot_controller': CMAKE_PREFIX_PATH=${CMAKE_PREFIX_PATH}:/home/robin/opencv_ros2/install/ros2_opencv:/home/robin/colcon_ws/install/ur5_control:/home/robin/colcon_ws/install/eYantra_Turtle:/home/robin/Robotics-and-ROS-2-Learn-by-Doing-Manipulators/Section5_Control/arduinobot_ws/install/arduinobot_py_examples:/home/robin/Robotics-and-ROS-2-Learn-by-Doing-Manipulators/Section4_Digital_Twin/arduinobot_ws/install/arduinobot_py_examples:/home/robin/Self-Driving-and-ROS-2-Learn-by-Doing-Odometry-Control/Section7_Differential_Kinematics/bumperbot_ws/install/bumperbot_py_examples:/home/robin/Self-Driving-and-ROS-2-Learn-by-Doing-Odometry-Control/Section6_Kinematics/bumperbot_ws/install/bumperbot_py_examples:/home/robin/Self-Driving-and-ROS-2-Learn-by-Doing-Odometry-Control/Section5_Control/bumperbot_ws/install/bumperbot_py_examples:/home/robin/Self-Driving-and-ROS-2-Learn-by-Doing-Odometry-Control/Section4_Locomotion/bumperbot_ws/install/bumperbot_py_examples:/opt/ros/humble /usr/bin/cmake --install /home/robin/robotic_arm/build/arduinobot_controller
[1.030s] Level 1:colcon.colcon_core.environment:create_environment_scripts_only(arduinobot_controller)
[1.030s] Level 1:colcon.colcon_core.environment:checking '/home/robin/robotic_arm/install/arduinobot_controller' for CMake module files
[1.031s] DEBUG:colcon.colcon_core.event_handler.log_command:Invoked command in '/home/robin/robotic_arm/build/arduinobot_controller' returned '0': CMAKE_PREFIX_PATH=${CMAKE_PREFIX_PATH}:/home/robin/opencv_ros2/install/ros2_opencv:/home/robin/colcon_ws/install/ur5_control:/home/robin/colcon_ws/install/eYantra_Turtle:/home/robin/Robotics-and-ROS-2-Learn-by-Doing-Manipulators/Section5_Control/arduinobot_ws/install/arduinobot_py_examples:/home/robin/Robotics-and-ROS-2-Learn-by-Doing-Manipulators/Section4_Digital_Twin/arduinobot_ws/install/arduinobot_py_examples:/home/robin/Self-Driving-and-ROS-2-Learn-by-Doing-Odometry-Control/Section7_Differential_Kinematics/bumperbot_ws/install/bumperbot_py_examples:/home/robin/Self-Driving-and-ROS-2-Learn-by-Doing-Odometry-Control/Section6_Kinematics/bumperbot_ws/install/bumperbot_py_examples:/home/robin/Self-Driving-and-ROS-2-Learn-by-Doing-Odometry-Control/Section5_Control/bumperbot_ws/install/bumperbot_py_examples:/home/robin/Self-Driving-and-ROS-2-Learn-by-Doing-Odometry-Control/Section4_Locomotion/bumperbot_ws/install/bumperbot_py_examples:/opt/ros/humble /usr/bin/cmake --install /home/robin/robotic_arm/build/arduinobot_controller
[1.031s] Level 1:colcon.colcon_core.environment:checking '/home/robin/robotic_arm/install/arduinobot_controller' for CMake config files
[1.031s] Level 1:colcon.colcon_core.shell:create_environment_hook('arduinobot_controller', 'cmake_prefix_path')
[1.031s] INFO:colcon.colcon_core.shell:Creating environment hook '/home/robin/robotic_arm/install/arduinobot_controller/share/arduinobot_controller/hook/cmake_prefix_path.ps1'
[1.032s] INFO:colcon.colcon_core.shell:Creating environment descriptor '/home/robin/robotic_arm/install/arduinobot_controller/share/arduinobot_controller/hook/cmake_prefix_path.dsv'
[1.032s] INFO:colcon.colcon_core.shell:Creating environment hook '/home/robin/robotic_arm/install/arduinobot_controller/share/arduinobot_controller/hook/cmake_prefix_path.sh'
[1.033s] Level 1:colcon.colcon_core.environment:checking '/home/robin/robotic_arm/install/arduinobot_controller/lib'
[1.033s] Level 1:colcon.colcon_core.environment:checking '/home/robin/robotic_arm/install/arduinobot_controller/bin'
[1.033s] Level 1:colcon.colcon_core.environment:checking '/home/robin/robotic_arm/install/arduinobot_controller/lib/pkgconfig/arduinobot_controller.pc'
[1.033s] Level 1:colcon.colcon_core.environment:checking '/home/robin/robotic_arm/install/arduinobot_controller/lib/python3.10/site-packages'
[1.034s] Level 1:colcon.colcon_core.environment:checking '/home/robin/robotic_arm/install/arduinobot_controller/bin'
[1.034s] INFO:colcon.colcon_core.shell:Creating package script '/home/robin/robotic_arm/install/arduinobot_controller/share/arduinobot_controller/package.ps1'
[1.034s] INFO:colcon.colcon_core.shell:Creating package descriptor '/home/robin/robotic_arm/install/arduinobot_controller/share/arduinobot_controller/package.dsv'
[1.034s] INFO:colcon.colcon_core.shell:Creating package script '/home/robin/robotic_arm/install/arduinobot_controller/share/arduinobot_controller/package.sh'
[1.035s] INFO:colcon.colcon_core.shell:Creating package script '/home/robin/robotic_arm/install/arduinobot_controller/share/arduinobot_controller/package.bash'
[1.035s] INFO:colcon.colcon_core.shell:Creating package script '/home/robin/robotic_arm/install/arduinobot_controller/share/arduinobot_controller/package.zsh'
[1.035s] Level 1:colcon.colcon_core.environment:create_file_with_runtime_dependencies(/home/robin/robotic_arm/install/arduinobot_controller/share/colcon-core/packages/arduinobot_controller)
[1.069s] Level 1:colcon.colcon_core.environment:create_environment_scripts_only(arduinobot_controller)
[1.069s] Level 1:colcon.colcon_core.environment:checking '/home/robin/robotic_arm/install/arduinobot_controller' for CMake module files
[1.070s] Level 1:colcon.colcon_core.environment:checking '/home/robin/robotic_arm/install/arduinobot_controller' for CMake config files
[1.070s] Level 1:colcon.colcon_core.shell:create_environment_hook('arduinobot_controller', 'cmake_prefix_path')
[1.070s] INFO:colcon.colcon_core.shell:Creating environment hook '/home/robin/robotic_arm/install/arduinobot_controller/share/arduinobot_controller/hook/cmake_prefix_path.ps1'
[1.071s] INFO:colcon.colcon_core.shell:Creating environment descriptor '/home/robin/robotic_arm/install/arduinobot_controller/share/arduinobot_controller/hook/cmake_prefix_path.dsv'
[1.071s] INFO:colcon.colcon_core.shell:Creating environment hook '/home/robin/robotic_arm/install/arduinobot_controller/share/arduinobot_controller/hook/cmake_prefix_path.sh'
[1.071s] Level 1:colcon.colcon_core.environment:checking '/home/robin/robotic_arm/install/arduinobot_controller/lib'
[1.071s] Level 1:colcon.colcon_core.environment:checking '/home/robin/robotic_arm/install/arduinobot_controller/bin'
[1.071s] Level 1:colcon.colcon_core.environment:checking '/home/robin/robotic_arm/install/arduinobot_controller/lib/pkgconfig/arduinobot_controller.pc'
[1.072s] Level 1:colcon.colcon_core.environment:checking '/home/robin/robotic_arm/install/arduinobot_controller/lib/python3.10/site-packages'
[1.072s] Level 1:colcon.colcon_core.environment:checking '/home/robin/robotic_arm/install/arduinobot_controller/bin'
[1.072s] INFO:colcon.colcon_core.shell:Creating package script '/home/robin/robotic_arm/install/arduinobot_controller/share/arduinobot_controller/package.ps1'
[1.072s] INFO:colcon.colcon_core.shell:Creating package descriptor '/home/robin/robotic_arm/install/arduinobot_controller/share/arduinobot_controller/package.dsv'
[1.073s] INFO:colcon.colcon_core.shell:Creating package script '/home/robin/robotic_arm/install/arduinobot_controller/share/arduinobot_controller/package.sh'
[1.073s] INFO:colcon.colcon_core.shell:Creating package script '/home/robin/robotic_arm/install/arduinobot_controller/share/arduinobot_controller/package.bash'
[1.073s] INFO:colcon.colcon_core.shell:Creating package script '/home/robin/robotic_arm/install/arduinobot_controller/share/arduinobot_controller/package.zsh'
[1.074s] Level 1:colcon.colcon_core.environment:create_file_with_runtime_dependencies(/home/robin/robotic_arm/install/arduinobot_controller/share/colcon-core/packages/arduinobot_controller)
[1.981s] DEBUG:colcon.colcon_core.event_handler.log_command:Invoked command in '/home/robin/robotic_arm/build/moveit_config' returned '0': CMAKE_PREFIX_PATH=${CMAKE_PREFIX_PATH}:/home/robin/opencv_ros2/install/ros2_opencv:/home/robin/colcon_ws/install/ur5_control:/home/robin/colcon_ws/install/eYantra_Turtle:/home/robin/Robotics-and-ROS-2-Learn-by-Doing-Manipulators/Section5_Control/arduinobot_ws/install/arduinobot_py_examples:/home/robin/Robotics-and-ROS-2-Learn-by-Doing-Manipulators/Section4_Digital_Twin/arduinobot_ws/install/arduinobot_py_examples:/home/robin/Self-Driving-and-ROS-2-Learn-by-Doing-Odometry-Control/Section7_Differential_Kinematics/bumperbot_ws/install/bumperbot_py_examples:/home/robin/Self-Driving-and-ROS-2-Learn-by-Doing-Odometry-Control/Section6_Kinematics/bumperbot_ws/install/bumperbot_py_examples:/home/robin/Self-Driving-and-ROS-2-Learn-by-Doing-Odometry-Control/Section5_Control/bumperbot_ws/install/bumperbot_py_examples:/home/robin/Self-Driving-and-ROS-2-Learn-by-Doing-Odometry-Control/Section4_Locomotion/bumperbot_ws/install/bumperbot_py_examples:/opt/ros/humble /usr/bin/cmake /home/robin/robotic_arm/src/moveit_config -DCMAKE_INSTALL_PREFIX=/home/robin/robotic_arm/install/moveit_config
[1.982s] DEBUG:colcon.colcon_core.event_handler.log_command:Invoking command in '/home/robin/robotic_arm/build/moveit_config': CMAKE_PREFIX_PATH=${CMAKE_PREFIX_PATH}:/home/robin/opencv_ros2/install/ros2_opencv:/home/robin/colcon_ws/install/ur5_control:/home/robin/colcon_ws/install/eYantra_Turtle:/home/robin/Robotics-and-ROS-2-Learn-by-Doing-Manipulators/Section5_Control/arduinobot_ws/install/arduinobot_py_examples:/home/robin/Robotics-and-ROS-2-Learn-by-Doing-Manipulators/Section4_Digital_Twin/arduinobot_ws/install/arduinobot_py_examples:/home/robin/Self-Driving-and-ROS-2-Learn-by-Doing-Odometry-Control/Section7_Differential_Kinematics/bumperbot_ws/install/bumperbot_py_examples:/home/robin/Self-Driving-and-ROS-2-Learn-by-Doing-Odometry-Control/Section6_Kinematics/bumperbot_ws/install/bumperbot_py_examples:/home/robin/Self-Driving-and-ROS-2-Learn-by-Doing-Odometry-Control/Section5_Control/bumperbot_ws/install/bumperbot_py_examples:/home/robin/Self-Driving-and-ROS-2-Learn-by-Doing-Odometry-Control/Section4_Locomotion/bumperbot_ws/install/bumperbot_py_examples:/opt/ros/humble /usr/bin/cmake --build /home/robin/robotic_arm/build/moveit_config -- -j12 -l12
[2.021s] DEBUG:colcon.colcon_core.event_handler.log_command:Invoked command in '/home/robin/robotic_arm/build/moveit_config' returned '0': CMAKE_PREFIX_PATH=${CMAKE_PREFIX_PATH}:/home/robin/opencv_ros2/install/ros2_opencv:/home/robin/colcon_ws/install/ur5_control:/home/robin/colcon_ws/install/eYantra_Turtle:/home/robin/Robotics-and-ROS-2-Learn-by-Doing-Manipulators/Section5_Control/arduinobot_ws/install/arduinobot_py_examples:/home/robin/Robotics-and-ROS-2-Learn-by-Doing-Manipulators/Section4_Digital_Twin/arduinobot_ws/install/arduinobot_py_examples:/home/robin/Self-Driving-and-ROS-2-Learn-by-Doing-Odometry-Control/Section7_Differential_Kinematics/bumperbot_ws/install/bumperbot_py_examples:/home/robin/Self-Driving-and-ROS-2-Learn-by-Doing-Odometry-Control/Section6_Kinematics/bumperbot_ws/install/bumperbot_py_examples:/home/robin/Self-Driving-and-ROS-2-Learn-by-Doing-Odometry-Control/Section5_Control/bumperbot_ws/install/bumperbot_py_examples:/home/robin/Self-Driving-and-ROS-2-Learn-by-Doing-Odometry-Control/Section4_Locomotion/bumperbot_ws/install/bumperbot_py_examples:/opt/ros/humble /usr/bin/cmake --build /home/robin/robotic_arm/build/moveit_config -- -j12 -l12
[2.046s] DEBUG:colcon.colcon_core.event_handler.log_command:Invoking command in '/home/robin/robotic_arm/build/moveit_config': CMAKE_PREFIX_PATH=${CMAKE_PREFIX_PATH}:/home/robin/opencv_ros2/install/ros2_opencv:/home/robin/colcon_ws/install/ur5_control:/home/robin/colcon_ws/install/eYantra_Turtle:/home/robin/Robotics-and-ROS-2-Learn-by-Doing-Manipulators/Section5_Control/arduinobot_ws/install/arduinobot_py_examples:/home/robin/Robotics-and-ROS-2-Learn-by-Doing-Manipulators/Section4_Digital_Twin/arduinobot_ws/install/arduinobot_py_examples:/home/robin/Self-Driving-and-ROS-2-Learn-by-Doing-Odometry-Control/Section7_Differential_Kinematics/bumperbot_ws/install/bumperbot_py_examples:/home/robin/Self-Driving-and-ROS-2-Learn-by-Doing-Odometry-Control/Section6_Kinematics/bumperbot_ws/install/bumperbot_py_examples:/home/robin/Self-Driving-and-ROS-2-Learn-by-Doing-Odometry-Control/Section5_Control/bumperbot_ws/install/bumperbot_py_examples:/home/robin/Self-Driving-and-ROS-2-Learn-by-Doing-Odometry-Control/Section4_Locomotion/bumperbot_ws/install/bumperbot_py_examples:/opt/ros/humble /usr/bin/cmake --install /home/robin/robotic_arm/build/moveit_config
[2.057s] Level 1:colcon.colcon_core.environment:create_environment_scripts_only(moveit_config)
[2.057s] Level 1:colcon.colcon_core.environment:checking '/home/robin/robotic_arm/install/moveit_config' for CMake module files
[2.058s] DEBUG:colcon.colcon_core.event_handler.log_command:Invoked command in '/home/robin/robotic_arm/build/moveit_config' returned '0': CMAKE_PREFIX_PATH=${CMAKE_PREFIX_PATH}:/home/robin/opencv_ros2/install/ros2_opencv:/home/robin/colcon_ws/install/ur5_control:/home/robin/colcon_ws/install/eYantra_Turtle:/home/robin/Robotics-and-ROS-2-Learn-by-Doing-Manipulators/Section5_Control/arduinobot_ws/install/arduinobot_py_examples:/home/robin/Robotics-and-ROS-2-Learn-by-Doing-Manipulators/Section4_Digital_Twin/arduinobot_ws/install/arduinobot_py_examples:/home/robin/Self-Driving-and-ROS-2-Learn-by-Doing-Odometry-Control/Section7_Differential_Kinematics/bumperbot_ws/install/bumperbot_py_examples:/home/robin/Self-Driving-and-ROS-2-Learn-by-Doing-Odometry-Control/Section6_Kinematics/bumperbot_ws/install/bumperbot_py_examples:/home/robin/Self-Driving-and-ROS-2-Learn-by-Doing-Odometry-Control/Section5_Control/bumperbot_ws/install/bumperbot_py_examples:/home/robin/Self-Driving-and-ROS-2-Learn-by-Doing-Odometry-Control/Section4_Locomotion/bumperbot_ws/install/bumperbot_py_examples:/opt/ros/humble /usr/bin/cmake --install /home/robin/robotic_arm/build/moveit_config
[2.058s] Level 1:colcon.colcon_core.environment:checking '/home/robin/robotic_arm/install/moveit_config' for CMake config files
[2.058s] Level 1:colcon.colcon_core.shell:create_environment_hook('moveit_config', 'cmake_prefix_path')
[2.058s] INFO:colcon.colcon_core.shell:Creating environment hook '/home/robin/robotic_arm/install/moveit_config/share/moveit_config/hook/cmake_prefix_path.ps1'
[2.059s] INFO:colcon.colcon_core.shell:Creating environment descriptor '/home/robin/robotic_arm/install/moveit_config/share/moveit_config/hook/cmake_prefix_path.dsv'
[2.059s] INFO:colcon.colcon_core.shell:Creating environment hook '/home/robin/robotic_arm/install/moveit_config/share/moveit_config/hook/cmake_prefix_path.sh'
[2.059s] Level 1:colcon.colcon_core.environment:checking '/home/robin/robotic_arm/install/moveit_config/bin'
[2.059s] Level 1:colcon.colcon_core.environment:checking '/home/robin/robotic_arm/install/moveit_config/lib/pkgconfig/moveit_config.pc'
[2.059s] Level 1:colcon.colcon_core.environment:checking '/home/robin/robotic_arm/install/moveit_config/lib/python3.10/site-packages'
[2.060s] Level 1:colcon.colcon_core.environment:checking '/home/robin/robotic_arm/install/moveit_config/bin'
[2.060s] INFO:colcon.colcon_core.shell:Creating package script '/home/robin/robotic_arm/install/moveit_config/share/moveit_config/package.ps1'
[2.060s] INFO:colcon.colcon_core.shell:Creating package descriptor '/home/robin/robotic_arm/install/moveit_config/share/moveit_config/package.dsv'
[2.060s] INFO:colcon.colcon_core.shell:Creating package script '/home/robin/robotic_arm/install/moveit_config/share/moveit_config/package.sh'
[2.061s] INFO:colcon.colcon_core.shell:Creating package script '/home/robin/robotic_arm/install/moveit_config/share/moveit_config/package.bash'
[2.061s] INFO:colcon.colcon_core.shell:Creating package script '/home/robin/robotic_arm/install/moveit_config/share/moveit_config/package.zsh'
[2.061s] Level 1:colcon.colcon_core.environment:create_file_with_runtime_dependencies(/home/robin/robotic_arm/install/moveit_config/share/colcon-core/packages/moveit_config)
[2.087s] Level 1:colcon.colcon_core.environment:create_environment_scripts_only(moveit_config)
[2.087s] Level 1:colcon.colcon_core.environment:checking '/home/robin/robotic_arm/install/moveit_config' for CMake module files
[2.088s] Level 1:colcon.colcon_core.environment:checking '/home/robin/robotic_arm/install/moveit_config' for CMake config files
[2.088s] Level 1:colcon.colcon_core.shell:create_environment_hook('moveit_config', 'cmake_prefix_path')
[2.088s] INFO:colcon.colcon_core.shell:Creating environment hook '/home/robin/robotic_arm/install/moveit_config/share/moveit_config/hook/cmake_prefix_path.ps1'
[2.089s] INFO:colcon.colcon_core.shell:Creating environment descriptor '/home/robin/robotic_arm/install/moveit_config/share/moveit_config/hook/cmake_prefix_path.dsv'
[2.089s] INFO:colcon.colcon_core.shell:Creating environment hook '/home/robin/robotic_arm/install/moveit_config/share/moveit_config/hook/cmake_prefix_path.sh'
[2.089s] Level 1:colcon.colcon_core.environment:checking '/home/robin/robotic_arm/install/moveit_config/bin'
[2.089s] Level 1:colcon.colcon_core.environment:checking '/home/robin/robotic_arm/install/moveit_config/lib/pkgconfig/moveit_config.pc'
[2.090s] Level 1:colcon.colcon_core.environment:checking '/home/robin/robotic_arm/install/moveit_config/lib/python3.10/site-packages'
[2.090s] Level 1:colcon.colcon_core.environment:checking '/home/robin/robotic_arm/install/moveit_config/bin'
[2.090s] INFO:colcon.colcon_core.shell:Creating package script '/home/robin/robotic_arm/install/moveit_config/share/moveit_config/package.ps1'
[2.090s] INFO:colcon.colcon_core.shell:Creating package descriptor '/home/robin/robotic_arm/install/moveit_config/share/moveit_config/package.dsv'
[2.091s] INFO:colcon.colcon_core.shell:Creating package script '/home/robin/robotic_arm/install/moveit_config/share/moveit_config/package.sh'
[2.091s] INFO:colcon.colcon_core.shell:Creating package script '/home/robin/robotic_arm/install/moveit_config/share/moveit_config/package.bash'
[2.091s] INFO:colcon.colcon_core.shell:Creating package script '/home/robin/robotic_arm/install/moveit_config/share/moveit_config/package.zsh'
[2.091s] Level 1:colcon.colcon_core.environment:create_file_with_runtime_dependencies(/home/robin/robotic_arm/install/moveit_config/share/colcon-core/packages/moveit_config)
[2.092s] DEBUG:colcon.colcon_parallel_executor.executor.parallel:closing loop
[2.092s] DEBUG:colcon.colcon_parallel_executor.executor.parallel:loop closed
[2.092s] DEBUG:colcon.colcon_parallel_executor.executor.parallel:run_until_complete finished with '0'
[2.092s] DEBUG:colcon.colcon_core.event_reactor:joining thread
[2.097s] INFO:colcon.colcon_core.plugin_system:Skipping extension 'colcon_notification.desktop_notification.terminal_notifier': Not used on non-Darwin systems
[2.097s] INFO:colcon.colcon_core.plugin_system:Skipping extension 'colcon_notification.desktop_notification.win32': Not used on non-Windows systems
[2.097s] INFO:colcon.colcon_notification.desktop_notification:Sending desktop notification using 'notify2'
[2.106s] DEBUG:colcon.colcon_core.event_reactor:joined thread
[2.106s] INFO:colcon.colcon_core.shell:Creating prefix script '/home/robin/robotic_arm/install/local_setup.ps1'
[2.107s] INFO:colcon.colcon_core.shell:Creating prefix util module '/home/robin/robotic_arm/install/_local_setup_util_ps1.py'
[2.108s] INFO:colcon.colcon_core.shell:Creating prefix chain script '/home/robin/robotic_arm/install/setup.ps1'
[2.110s] INFO:colcon.colcon_core.shell:Creating prefix script '/home/robin/robotic_arm/install/local_setup.sh'
[2.111s] INFO:colcon.colcon_core.shell:Creating prefix util module '/home/robin/robotic_arm/install/_local_setup_util_sh.py'
[2.112s] INFO:colcon.colcon_core.shell:Creating prefix chain script '/home/robin/robotic_arm/install/setup.sh'
[2.114s] INFO:colcon.colcon_core.shell:Creating prefix script '/home/robin/robotic_arm/install/local_setup.bash'
[2.114s] INFO:colcon.colcon_core.shell:Creating prefix chain script '/home/robin/robotic_arm/install/setup.bash'
[2.116s] INFO:colcon.colcon_core.shell:Creating prefix script '/home/robin/robotic_arm/install/local_setup.zsh'
[2.117s] INFO:colcon.colcon_core.shell:Creating prefix chain script '/home/robin/robotic_arm/install/setup.zsh'
