[0.020s] Invoking command in '/home/robin/robotic_arm/build/arduinobot_controller': CMAKE_PREFIX_PATH=${CMAKE_PREFIX_PATH}:/home/robin/opencv_ros2/install/ros2_opencv:/home/robin/colcon_ws/install/ur5_control:/home/robin/colcon_ws/install/eYantra_Turtle:/home/robin/Robotics-and-ROS-2-Learn-by-Doing-Manipulators/Section5_Control/arduinobot_ws/install/arduinobot_py_examples:/home/robin/Robotics-and-ROS-2-Learn-by-Doing-Manipulators/Section4_Digital_Twin/arduinobot_ws/install/arduinobot_py_examples:/home/robin/Self-Driving-and-ROS-2-Learn-by-Doing-Odometry-Control/Section7_Differential_Kinematics/bumperbot_ws/install/bumperbot_py_examples:/home/robin/Self-Driving-and-ROS-2-Learn-by-Doing-Odometry-Control/Section6_Kinematics/bumperbot_ws/install/bumperbot_py_examples:/home/robin/Self-Driving-and-ROS-2-Learn-by-Doing-Odometry-Control/Section5_Control/bumperbot_ws/install/bumperbot_py_examples:/home/robin/Self-Driving-and-ROS-2-Learn-by-Doing-Odometry-Control/Section4_Locomotion/bumperbot_ws/install/bumperbot_py_examples:/opt/ros/humble /usr/bin/cmake --build /home/robin/robotic_arm/build/arduinobot_controller -- -j12 -l12
[0.069s] [100%] Built target slider_control
[0.072s] [100%] Built target ament_cmake_python_copy_arduinobot_controller
[0.292s] running egg_info
[0.293s] writing arduinobot_controller.egg-info/PKG-INFO
[0.293s] writing dependency_links to arduinobot_controller.egg-info/dependency_links.txt
[0.293s] writing top-level names to arduinobot_controller.egg-info/top_level.txt
[0.295s] reading manifest file 'arduinobot_controller.egg-info/SOURCES.txt'
[0.295s] writing manifest file 'arduinobot_controller.egg-info/SOURCES.txt'
[0.317s] [100%] Built target ament_cmake_python_build_arduinobot_controller_egg
[0.327s] Invoked command in '/home/robin/robotic_arm/build/arduinobot_controller' returned '0': CMAKE_PREFIX_PATH=${CMAKE_PREFIX_PATH}:/home/robin/opencv_ros2/install/ros2_opencv:/home/robin/colcon_ws/install/ur5_control:/home/robin/colcon_ws/install/eYantra_Turtle:/home/robin/Robotics-and-ROS-2-Learn-by-Doing-Manipulators/Section5_Control/arduinobot_ws/install/arduinobot_py_examples:/home/robin/Robotics-and-ROS-2-Learn-by-Doing-Manipulators/Section4_Digital_Twin/arduinobot_ws/install/arduinobot_py_examples:/home/robin/Self-Driving-and-ROS-2-Learn-by-Doing-Odometry-Control/Section7_Differential_Kinematics/bumperbot_ws/install/bumperbot_py_examples:/home/robin/Self-Driving-and-ROS-2-Learn-by-Doing-Odometry-Control/Section6_Kinematics/bumperbot_ws/install/bumperbot_py_examples:/home/robin/Self-Driving-and-ROS-2-Learn-by-Doing-Odometry-Control/Section5_Control/bumperbot_ws/install/bumperbot_py_examples:/home/robin/Self-Driving-and-ROS-2-Learn-by-Doing-Odometry-Control/Section4_Locomotion/bumperbot_ws/install/bumperbot_py_examples:/opt/ros/humble /usr/bin/cmake --build /home/robin/robotic_arm/build/arduinobot_controller -- -j12 -l12
[0.354s] Invoking command in '/home/robin/robotic_arm/build/arduinobot_controller': CMAKE_PREFIX_PATH=${CMAKE_PREFIX_PATH}:/home/robin/opencv_ros2/install/ros2_opencv:/home/robin/colcon_ws/install/ur5_control:/home/robin/colcon_ws/install/eYantra_Turtle:/home/robin/Robotics-and-ROS-2-Learn-by-Doing-Manipulators/Section5_Control/arduinobot_ws/install/arduinobot_py_examples:/home/robin/Robotics-and-ROS-2-Learn-by-Doing-Manipulators/Section4_Digital_Twin/arduinobot_ws/install/arduinobot_py_examples:/home/robin/Self-Driving-and-ROS-2-Learn-by-Doing-Odometry-Control/Section7_Differential_Kinematics/bumperbot_ws/install/bumperbot_py_examples:/home/robin/Self-Driving-and-ROS-2-Learn-by-Doing-Odometry-Control/Section6_Kinematics/bumperbot_ws/install/bumperbot_py_examples:/home/robin/Self-Driving-and-ROS-2-Learn-by-Doing-Odometry-Control/Section5_Control/bumperbot_ws/install/bumperbot_py_examples:/home/robin/Self-Driving-and-ROS-2-Learn-by-Doing-Odometry-Control/Section4_Locomotion/bumperbot_ws/install/bumperbot_py_examples:/opt/ros/humble /usr/bin/cmake --install /home/robin/robotic_arm/build/arduinobot_controller
[0.361s] -- Install configuration: ""
[0.361s] -- Up-to-date: /home/robin/robotic_arm/install/arduinobot_controller/share/arduinobot_controller/environment/pythonpath.sh
[0.361s] -- Up-to-date: /home/robin/robotic_arm/install/arduinobot_controller/share/arduinobot_controller/environment/pythonpath.dsv
[0.361s] -- Up-to-date: /home/robin/robotic_arm/install/arduinobot_controller/local/lib/python3.10/dist-packages/arduinobot_controller-0.0.0-py3.10.egg-info
[0.361s] -- Installing: /home/robin/robotic_arm/install/arduinobot_controller/local/lib/python3.10/dist-packages/arduinobot_controller-0.0.0-py3.10.egg-info/SOURCES.txt
[0.361s] -- Installing: /home/robin/robotic_arm/install/arduinobot_controller/local/lib/python3.10/dist-packages/arduinobot_controller-0.0.0-py3.10.egg-info/top_level.txt
[0.361s] -- Installing: /home/robin/robotic_arm/install/arduinobot_controller/local/lib/python3.10/dist-packages/arduinobot_controller-0.0.0-py3.10.egg-info/dependency_links.txt
[0.362s] -- Installing: /home/robin/robotic_arm/install/arduinobot_controller/local/lib/python3.10/dist-packages/arduinobot_controller-0.0.0-py3.10.egg-info/PKG-INFO
[0.362s] -- Up-to-date: /home/robin/robotic_arm/install/arduinobot_controller/local/lib/python3.10/dist-packages/arduinobot_controller
[0.362s] -- Up-to-date: /home/robin/robotic_arm/install/arduinobot_controller/local/lib/python3.10/dist-packages/arduinobot_controller/slider_control.py
[0.362s] -- Up-to-date: /home/robin/robotic_arm/install/arduinobot_controller/local/lib/python3.10/dist-packages/arduinobot_controller/__init__.py
[0.390s] Listing '/home/robin/robotic_arm/install/arduinobot_controller/local/lib/python3.10/dist-packages/arduinobot_controller'...
[0.392s] -- Up-to-date: /home/robin/robotic_arm/install/arduinobot_controller/lib/arduinobot_controller/slider_control
[0.393s] -- Up-to-date: /home/robin/robotic_arm/install/arduinobot_controller/share/arduinobot_controller/launch
[0.393s] -- Up-to-date: /home/robin/robotic_arm/install/arduinobot_controller/share/arduinobot_controller/launch/slider_controller.launch.py
[0.393s] -- Up-to-date: /home/robin/robotic_arm/install/arduinobot_controller/share/arduinobot_controller/launch/controller.launch.py
[0.393s] -- Up-to-date: /home/robin/robotic_arm/install/arduinobot_controller/share/arduinobot_controller/config
[0.393s] -- Up-to-date: /home/robin/robotic_arm/install/arduinobot_controller/share/arduinobot_controller/config/arduinobot_controllers.yaml
[0.393s] -- Up-to-date: /home/robin/robotic_arm/install/arduinobot_controller/lib/arduinobot_controller/slider_control.py
[0.393s] -- Up-to-date: /home/robin/robotic_arm/install/arduinobot_controller/share/ament_index/resource_index/package_run_dependencies/arduinobot_controller
[0.393s] -- Up-to-date: /home/robin/robotic_arm/install/arduinobot_controller/share/ament_index/resource_index/parent_prefix_path/arduinobot_controller
[0.393s] -- Up-to-date: /home/robin/robotic_arm/install/arduinobot_controller/share/arduinobot_controller/environment/ament_prefix_path.sh
[0.393s] -- Up-to-date: /home/robin/robotic_arm/install/arduinobot_controller/share/arduinobot_controller/environment/ament_prefix_path.dsv
[0.393s] -- Up-to-date: /home/robin/robotic_arm/install/arduinobot_controller/share/arduinobot_controller/environment/path.sh
[0.393s] -- Up-to-date: /home/robin/robotic_arm/install/arduinobot_controller/share/arduinobot_controller/environment/path.dsv
[0.393s] -- Up-to-date: /home/robin/robotic_arm/install/arduinobot_controller/share/arduinobot_controller/local_setup.bash
[0.393s] -- Up-to-date: /home/robin/robotic_arm/install/arduinobot_controller/share/arduinobot_controller/local_setup.sh
[0.393s] -- Up-to-date: /home/robin/robotic_arm/install/arduinobot_controller/share/arduinobot_controller/local_setup.zsh
[0.393s] -- Up-to-date: /home/robin/robotic_arm/install/arduinobot_controller/share/arduinobot_controller/local_setup.dsv
[0.394s] -- Installing: /home/robin/robotic_arm/install/arduinobot_controller/share/arduinobot_controller/package.dsv
[0.394s] -- Up-to-date: /home/robin/robotic_arm/install/arduinobot_controller/share/ament_index/resource_index/packages/arduinobot_controller
[0.394s] -- Up-to-date: /home/robin/robotic_arm/install/arduinobot_controller/share/arduinobot_controller/cmake/arduinobot_controllerConfig.cmake
[0.394s] -- Up-to-date: /home/robin/robotic_arm/install/arduinobot_controller/share/arduinobot_controller/cmake/arduinobot_controllerConfig-version.cmake
[0.394s] -- Up-to-date: /home/robin/robotic_arm/install/arduinobot_controller/share/arduinobot_controller/package.xml
[0.395s] Invoked command in '/home/robin/robotic_arm/build/arduinobot_controller' returned '0': CMAKE_PREFIX_PATH=${CMAKE_PREFIX_PATH}:/home/robin/opencv_ros2/install/ros2_opencv:/home/robin/colcon_ws/install/ur5_control:/home/robin/colcon_ws/install/eYantra_Turtle:/home/robin/Robotics-and-ROS-2-Learn-by-Doing-Manipulators/Section5_Control/arduinobot_ws/install/arduinobot_py_examples:/home/robin/Robotics-and-ROS-2-Learn-by-Doing-Manipulators/Section4_Digital_Twin/arduinobot_ws/install/arduinobot_py_examples:/home/robin/Self-Driving-and-ROS-2-Learn-by-Doing-Odometry-Control/Section7_Differential_Kinematics/bumperbot_ws/install/bumperbot_py_examples:/home/robin/Self-Driving-and-ROS-2-Learn-by-Doing-Odometry-Control/Section6_Kinematics/bumperbot_ws/install/bumperbot_py_examples:/home/robin/Self-Driving-and-ROS-2-Learn-by-Doing-Odometry-Control/Section5_Control/bumperbot_ws/install/bumperbot_py_examples:/home/robin/Self-Driving-and-ROS-2-Learn-by-Doing-Odometry-Control/Section4_Locomotion/bumperbot_ws/install/bumperbot_py_examples:/opt/ros/humble /usr/bin/cmake --install /home/robin/robotic_arm/build/arduinobot_controller
