[0.153s] DEBUG:colcon:Command line arguments: ['/usr/bin/colcon', 'list', '-p', '--base-paths', '/home/robin/robotic_arm']
[0.153s] DEBUG:colcon:Parsed command line arguments: Namespace(log_base=None, log_level=None, verb_name='list', build_base='build', ignore_user_meta=False, metas=['./colcon.meta'], base_paths=['/home/robin/robotic_arm'], packages_ignore=None, packages_ignore_regex=None, paths=None, packages_up_to=None, packages_up_to_regex=None, packages_above=None, packages_above_and_dependencies=None, packages_above_depth=None, packages_select_by_dep=None, packages_skip_by_dep=None, packages_skip_up_to=None, packages_select_build_failed=False, packages_skip_build_finished=False, packages_select_test_failures=False, packages_skip_test_passed=False, packages_select=None, packages_skip=None, packages_select_regex=None, packages_skip_regex=None, packages_start=None, packages_end=None, allow_overriding=[], topological_order=False, names_only=False, paths_only=True, topological_graph=False, topological_graph_dot=False, topological_graph_density=False, topological_graph_legend=False, topological_graph_dot_cluster=False, topological_graph_dot_include_skipped=False, verb_parser=<colcon_defaults.argument_parser.defaults.DefaultArgumentsDecorator object at 0x72a8a5584430>, verb_extension=<colcon_package_information.verb.list.ListVerb object at 0x72a8a5542fe0>, main=<bound method ListVerb.main of <colcon_package_information.verb.list.ListVerb object at 0x72a8a5542fe0>>)
[0.384s] Level 1:colcon.colcon_core.package_discovery:discover_packages(colcon_meta) check parameters
[0.384s] Level 1:colcon.colcon_core.package_discovery:discover_packages(recursive) check parameters
[0.384s] Level 1:colcon.colcon_core.package_discovery:discover_packages(ignore) check parameters
[0.384s] Level 1:colcon.colcon_core.package_discovery:discover_packages(path) check parameters
[0.384s] Level 1:colcon.colcon_core.package_discovery:discover_packages(recursive) discover
[0.384s] INFO:colcon.colcon_core.package_discovery:Crawling recursively for packages in '/home/robin/robotic_arm'
[0.384s] Level 1:colcon.colcon_core.package_identification:_identify(/home/robin/robotic_arm) by extensions ['ignore', 'ignore_ament_install']
[0.384s] Level 1:colcon.colcon_core.package_identification:_identify(/home/robin/robotic_arm) by extension 'ignore'
[0.384s] Level 1:colcon.colcon_core.package_identification:_identify(/home/robin/robotic_arm) by extension 'ignore_ament_install'
[0.385s] Level 1:colcon.colcon_core.package_identification:_identify(/home/robin/robotic_arm) by extensions ['colcon_pkg']
[0.385s] Level 1:colcon.colcon_core.package_identification:_identify(/home/robin/robotic_arm) by extension 'colcon_pkg'
[0.385s] Level 1:colcon.colcon_core.package_identification:_identify(/home/robin/robotic_arm) by extensions ['colcon_meta']
[0.385s] Level 1:colcon.colcon_core.package_identification:_identify(/home/robin/robotic_arm) by extension 'colcon_meta'
[0.385s] Level 1:colcon.colcon_core.package_identification:_identify(/home/robin/robotic_arm) by extensions ['ros']
[0.385s] Level 1:colcon.colcon_core.package_identification:_identify(/home/robin/robotic_arm) by extension 'ros'
[0.399s] Level 1:colcon.colcon_core.package_identification:_identify(/home/robin/robotic_arm) by extensions ['cmake', 'python']
[0.399s] Level 1:colcon.colcon_core.package_identification:_identify(/home/robin/robotic_arm) by extension 'cmake'
[0.399s] Level 1:colcon.colcon_core.package_identification:_identify(/home/robin/robotic_arm) by extension 'python'
[0.399s] Level 1:colcon.colcon_core.package_identification:_identify(/home/robin/robotic_arm) by extensions ['python_setup_py']
[0.399s] Level 1:colcon.colcon_core.package_identification:_identify(/home/robin/robotic_arm) by extension 'python_setup_py'
[0.400s] Level 1:colcon.colcon_core.package_identification:_identify(/home/robin/robotic_arm/build) by extensions ['ignore', 'ignore_ament_install']
[0.400s] Level 1:colcon.colcon_core.package_identification:_identify(/home/robin/robotic_arm/build) by extension 'ignore'
[0.400s] Level 1:colcon.colcon_core.package_identification:_identify(/home/robin/robotic_arm/build) ignored
[0.400s] Level 1:colcon.colcon_core.package_identification:_identify(/home/robin/robotic_arm/install) by extensions ['ignore', 'ignore_ament_install']
[0.400s] Level 1:colcon.colcon_core.package_identification:_identify(/home/robin/robotic_arm/install) by extension 'ignore'
[0.400s] Level 1:colcon.colcon_core.package_identification:_identify(/home/robin/robotic_arm/install) ignored
[0.400s] Level 1:colcon.colcon_core.package_identification:_identify(/home/robin/robotic_arm/log) by extensions ['ignore', 'ignore_ament_install']
[0.400s] Level 1:colcon.colcon_core.package_identification:_identify(/home/robin/robotic_arm/log) by extension 'ignore'
[0.400s] Level 1:colcon.colcon_core.package_identification:_identify(/home/robin/robotic_arm/log) ignored
[0.401s] Level 1:colcon.colcon_core.package_identification:_identify(/home/robin/robotic_arm/src) by extensions ['ignore', 'ignore_ament_install']
[0.401s] Level 1:colcon.colcon_core.package_identification:_identify(/home/robin/robotic_arm/src) by extension 'ignore'
[0.401s] Level 1:colcon.colcon_core.package_identification:_identify(/home/robin/robotic_arm/src) by extension 'ignore_ament_install'
[0.401s] Level 1:colcon.colcon_core.package_identification:_identify(/home/robin/robotic_arm/src) by extensions ['colcon_pkg']
[0.401s] Level 1:colcon.colcon_core.package_identification:_identify(/home/robin/robotic_arm/src) by extension 'colcon_pkg'
[0.401s] Level 1:colcon.colcon_core.package_identification:_identify(/home/robin/robotic_arm/src) by extensions ['colcon_meta']
[0.401s] Level 1:colcon.colcon_core.package_identification:_identify(/home/robin/robotic_arm/src) by extension 'colcon_meta'
[0.401s] Level 1:colcon.colcon_core.package_identification:_identify(/home/robin/robotic_arm/src) by extensions ['ros']
[0.401s] Level 1:colcon.colcon_core.package_identification:_identify(/home/robin/robotic_arm/src) by extension 'ros'
[0.401s] Level 1:colcon.colcon_core.package_identification:_identify(/home/robin/robotic_arm/src) by extensions ['cmake', 'python']
[0.401s] Level 1:colcon.colcon_core.package_identification:_identify(/home/robin/robotic_arm/src) by extension 'cmake'
[0.401s] Level 1:colcon.colcon_core.package_identification:_identify(/home/robin/robotic_arm/src) by extension 'python'
[0.401s] Level 1:colcon.colcon_core.package_identification:_identify(/home/robin/robotic_arm/src) by extensions ['python_setup_py']
[0.401s] Level 1:colcon.colcon_core.package_identification:_identify(/home/robin/robotic_arm/src) by extension 'python_setup_py'
[0.402s] Level 1:colcon.colcon_core.package_identification:_identify(/home/robin/robotic_arm/src/arduinobot_controller) by extensions ['ignore', 'ignore_ament_install']
[0.402s] Level 1:colcon.colcon_core.package_identification:_identify(/home/robin/robotic_arm/src/arduinobot_controller) by extension 'ignore'
[0.402s] Level 1:colcon.colcon_core.package_identification:_identify(/home/robin/robotic_arm/src/arduinobot_controller) by extension 'ignore_ament_install'
[0.402s] Level 1:colcon.colcon_core.package_identification:_identify(/home/robin/robotic_arm/src/arduinobot_controller) by extensions ['colcon_pkg']
[0.402s] Level 1:colcon.colcon_core.package_identification:_identify(/home/robin/robotic_arm/src/arduinobot_controller) by extension 'colcon_pkg'
[0.402s] Level 1:colcon.colcon_core.package_identification:_identify(/home/robin/robotic_arm/src/arduinobot_controller) by extensions ['colcon_meta']
[0.402s] Level 1:colcon.colcon_core.package_identification:_identify(/home/robin/robotic_arm/src/arduinobot_controller) by extension 'colcon_meta'
[0.402s] Level 1:colcon.colcon_core.package_identification:_identify(/home/robin/robotic_arm/src/arduinobot_controller) by extensions ['ros']
[0.402s] Level 1:colcon.colcon_core.package_identification:_identify(/home/robin/robotic_arm/src/arduinobot_controller) by extension 'ros'
[0.407s] DEBUG:colcon.colcon_core.package_identification:Package '/home/robin/robotic_arm/src/arduinobot_controller' with type 'ros.ament_cmake' and name 'arduinobot_controller'
[0.407s] Level 1:colcon.colcon_core.package_identification:_identify(/home/robin/robotic_arm/src/arduinobot_description) by extensions ['ignore', 'ignore_ament_install']
[0.407s] Level 1:colcon.colcon_core.package_identification:_identify(/home/robin/robotic_arm/src/arduinobot_description) by extension 'ignore'
[0.407s] Level 1:colcon.colcon_core.package_identification:_identify(/home/robin/robotic_arm/src/arduinobot_description) by extension 'ignore_ament_install'
[0.407s] Level 1:colcon.colcon_core.package_identification:_identify(/home/robin/robotic_arm/src/arduinobot_description) by extensions ['colcon_pkg']
[0.407s] Level 1:colcon.colcon_core.package_identification:_identify(/home/robin/robotic_arm/src/arduinobot_description) by extension 'colcon_pkg'
[0.407s] Level 1:colcon.colcon_core.package_identification:_identify(/home/robin/robotic_arm/src/arduinobot_description) by extensions ['colcon_meta']
[0.408s] Level 1:colcon.colcon_core.package_identification:_identify(/home/robin/robotic_arm/src/arduinobot_description) by extension 'colcon_meta'
[0.408s] Level 1:colcon.colcon_core.package_identification:_identify(/home/robin/robotic_arm/src/arduinobot_description) by extensions ['ros']
[0.408s] Level 1:colcon.colcon_core.package_identification:_identify(/home/robin/robotic_arm/src/arduinobot_description) by extension 'ros'
[0.409s] DEBUG:colcon.colcon_core.package_identification:Package '/home/robin/robotic_arm/src/arduinobot_description' with type 'ros.ament_cmake' and name 'arduinobot_description'
[0.409s] Level 1:colcon.colcon_core.package_discovery:discover_packages(recursive) using defaults
