[0.133s] DEBUG:colcon:Command line arguments: ['/usr/bin/colcon', 'build']
[0.134s] DEBUG:colcon:Parsed command line arguments: Namespace(log_base=None, log_level=None, verb_name='build', build_base='build', install_base='install', merge_install=False, symlink_install=False, test_result_base=None, continue_on_error=False, executor='parallel', parallel_workers=12, event_handlers=None, ignore_user_meta=False, metas=['./colcon.meta'], base_paths=['.'], packages_ignore=None, packages_ignore_regex=None, paths=None, packages_up_to=None, packages_up_to_regex=None, packages_above=None, packages_above_and_dependencies=None, packages_above_depth=None, packages_select_by_dep=None, packages_skip_by_dep=None, packages_skip_up_to=None, packages_select_build_failed=False, packages_skip_build_finished=False, packages_select_test_failures=False, packages_skip_test_passed=False, packages_select=None, packages_skip=None, packages_select_regex=None, packages_skip_regex=None, packages_start=None, packages_end=None, allow_overriding=[], cmake_args=None, cmake_target=None, cmake_target_skip_unavailable=False, cmake_clean_cache=False, cmake_clean_first=False, cmake_force_configure=False, ament_cmake_args=None, catkin_cmake_args=None, catkin_skip_building_tests=False, verb_parser=<colcon_defaults.argument_parser.defaults.DefaultArgumentsDecorator object at 0x77ed8d133640>, verb_extension=<colcon_core.verb.build.BuildVerb object at 0x77ed8d1331c0>, main=<bound method BuildVerb.main of <colcon_core.verb.build.BuildVerb object at 0x77ed8d1331c0>>)
[0.352s] Level 1:colcon.colcon_core.package_discovery:discover_packages(colcon_meta) check parameters
[0.352s] Level 1:colcon.colcon_core.package_discovery:discover_packages(recursive) check parameters
[0.352s] Level 1:colcon.colcon_core.package_discovery:discover_packages(ignore) check parameters
[0.352s] Level 1:colcon.colcon_core.package_discovery:discover_packages(path) check parameters
[0.352s] Level 1:colcon.colcon_core.package_discovery:discover_packages(colcon_meta) discover
[0.352s] Level 1:colcon.colcon_core.package_discovery:discover_packages(recursive) discover
[0.352s] INFO:colcon.colcon_core.package_discovery:Crawling recursively for packages in '/home/robin/robotic_arm'
[0.352s] Level 1:colcon.colcon_core.package_identification:_identify(.) by extensions ['ignore', 'ignore_ament_install']
[0.352s] Level 1:colcon.colcon_core.package_identification:_identify(.) by extension 'ignore'
[0.352s] Level 1:colcon.colcon_core.package_identification:_identify(.) by extension 'ignore_ament_install'
[0.352s] Level 1:colcon.colcon_core.package_identification:_identify(.) by extensions ['colcon_pkg']
[0.352s] Level 1:colcon.colcon_core.package_identification:_identify(.) by extension 'colcon_pkg'
[0.352s] Level 1:colcon.colcon_core.package_identification:_identify(.) by extensions ['colcon_meta']
[0.352s] Level 1:colcon.colcon_core.package_identification:_identify(.) by extension 'colcon_meta'
[0.352s] Level 1:colcon.colcon_core.package_identification:_identify(.) by extensions ['ros']
[0.352s] Level 1:colcon.colcon_core.package_identification:_identify(.) by extension 'ros'
[0.362s] Level 1:colcon.colcon_core.package_identification:_identify(.) by extensions ['cmake', 'python']
[0.362s] Level 1:colcon.colcon_core.package_identification:_identify(.) by extension 'cmake'
[0.362s] Level 1:colcon.colcon_core.package_identification:_identify(.) by extension 'python'
[0.362s] Level 1:colcon.colcon_core.package_identification:_identify(.) by extensions ['python_setup_py']
[0.362s] Level 1:colcon.colcon_core.package_identification:_identify(.) by extension 'python_setup_py'
[0.362s] Level 1:colcon.colcon_core.package_identification:_identify(build) by extensions ['ignore', 'ignore_ament_install']
[0.362s] Level 1:colcon.colcon_core.package_identification:_identify(build) by extension 'ignore'
[0.362s] Level 1:colcon.colcon_core.package_identification:_identify(build) ignored
[0.362s] Level 1:colcon.colcon_core.package_identification:_identify(install) by extensions ['ignore', 'ignore_ament_install']
[0.362s] Level 1:colcon.colcon_core.package_identification:_identify(install) by extension 'ignore'
[0.362s] Level 1:colcon.colcon_core.package_identification:_identify(install) ignored
[0.362s] Level 1:colcon.colcon_core.package_identification:_identify(log) by extensions ['ignore', 'ignore_ament_install']
[0.362s] Level 1:colcon.colcon_core.package_identification:_identify(log) by extension 'ignore'
[0.362s] Level 1:colcon.colcon_core.package_identification:_identify(log) ignored
[0.363s] Level 1:colcon.colcon_core.package_identification:_identify(src) by extensions ['ignore', 'ignore_ament_install']
[0.363s] Level 1:colcon.colcon_core.package_identification:_identify(src) by extension 'ignore'
[0.363s] Level 1:colcon.colcon_core.package_identification:_identify(src) by extension 'ignore_ament_install'
[0.363s] Level 1:colcon.colcon_core.package_identification:_identify(src) by extensions ['colcon_pkg']
[0.363s] Level 1:colcon.colcon_core.package_identification:_identify(src) by extension 'colcon_pkg'
[0.363s] Level 1:colcon.colcon_core.package_identification:_identify(src) by extensions ['colcon_meta']
[0.363s] Level 1:colcon.colcon_core.package_identification:_identify(src) by extension 'colcon_meta'
[0.363s] Level 1:colcon.colcon_core.package_identification:_identify(src) by extensions ['ros']
[0.363s] Level 1:colcon.colcon_core.package_identification:_identify(src) by extension 'ros'
[0.363s] Level 1:colcon.colcon_core.package_identification:_identify(src) by extensions ['cmake', 'python']
[0.363s] Level 1:colcon.colcon_core.package_identification:_identify(src) by extension 'cmake'
[0.363s] Level 1:colcon.colcon_core.package_identification:_identify(src) by extension 'python'
[0.363s] Level 1:colcon.colcon_core.package_identification:_identify(src) by extensions ['python_setup_py']
[0.363s] Level 1:colcon.colcon_core.package_identification:_identify(src) by extension 'python_setup_py'
[0.363s] Level 1:colcon.colcon_core.package_identification:_identify(src/arduinobot_controller) by extensions ['ignore', 'ignore_ament_install']
[0.363s] Level 1:colcon.colcon_core.package_identification:_identify(src/arduinobot_controller) by extension 'ignore'
[0.363s] Level 1:colcon.colcon_core.package_identification:_identify(src/arduinobot_controller) by extension 'ignore_ament_install'
[0.363s] Level 1:colcon.colcon_core.package_identification:_identify(src/arduinobot_controller) by extensions ['colcon_pkg']
[0.363s] Level 1:colcon.colcon_core.package_identification:_identify(src/arduinobot_controller) by extension 'colcon_pkg'
[0.363s] Level 1:colcon.colcon_core.package_identification:_identify(src/arduinobot_controller) by extensions ['colcon_meta']
[0.363s] Level 1:colcon.colcon_core.package_identification:_identify(src/arduinobot_controller) by extension 'colcon_meta'
[0.363s] Level 1:colcon.colcon_core.package_identification:_identify(src/arduinobot_controller) by extensions ['ros']
[0.363s] Level 1:colcon.colcon_core.package_identification:_identify(src/arduinobot_controller) by extension 'ros'
[0.366s] DEBUG:colcon.colcon_core.package_identification:Package 'src/arduinobot_controller' with type 'ros.ament_cmake' and name 'arduinobot_controller'
[0.366s] Level 1:colcon.colcon_core.package_identification:_identify(src/arduinobot_description) by extensions ['ignore', 'ignore_ament_install']
[0.366s] Level 1:colcon.colcon_core.package_identification:_identify(src/arduinobot_description) by extension 'ignore'
[0.366s] Level 1:colcon.colcon_core.package_identification:_identify(src/arduinobot_description) by extension 'ignore_ament_install'
[0.366s] Level 1:colcon.colcon_core.package_identification:_identify(src/arduinobot_description) by extensions ['colcon_pkg']
[0.366s] Level 1:colcon.colcon_core.package_identification:_identify(src/arduinobot_description) by extension 'colcon_pkg'
[0.366s] Level 1:colcon.colcon_core.package_identification:_identify(src/arduinobot_description) by extensions ['colcon_meta']
[0.366s] Level 1:colcon.colcon_core.package_identification:_identify(src/arduinobot_description) by extension 'colcon_meta'
[0.366s] Level 1:colcon.colcon_core.package_identification:_identify(src/arduinobot_description) by extensions ['ros']
[0.367s] Level 1:colcon.colcon_core.package_identification:_identify(src/arduinobot_description) by extension 'ros'
[0.367s] DEBUG:colcon.colcon_core.package_identification:Package 'src/arduinobot_description' with type 'ros.ament_cmake' and name 'arduinobot_description'
[0.367s] Level 1:colcon.colcon_core.package_identification:_identify(src/config_moveit) by extensions ['ignore', 'ignore_ament_install']
[0.367s] Level 1:colcon.colcon_core.package_identification:_identify(src/config_moveit) by extension 'ignore'
[0.367s] Level 1:colcon.colcon_core.package_identification:_identify(src/config_moveit) by extension 'ignore_ament_install'
[0.367s] Level 1:colcon.colcon_core.package_identification:_identify(src/config_moveit) by extensions ['colcon_pkg']
[0.367s] Level 1:colcon.colcon_core.package_identification:_identify(src/config_moveit) by extension 'colcon_pkg'
[0.367s] Level 1:colcon.colcon_core.package_identification:_identify(src/config_moveit) by extensions ['colcon_meta']
[0.367s] Level 1:colcon.colcon_core.package_identification:_identify(src/config_moveit) by extension 'colcon_meta'
[0.367s] Level 1:colcon.colcon_core.package_identification:_identify(src/config_moveit) by extensions ['ros']
[0.367s] Level 1:colcon.colcon_core.package_identification:_identify(src/config_moveit) by extension 'ros'
[0.374s] DEBUG:colcon.colcon_core.package_identification:Package 'src/config_moveit' with type 'ros.ament_cmake' and name 'config_moveit'
[0.374s] Level 1:colcon.colcon_core.package_discovery:discover_packages(recursive) using defaults
[0.374s] Level 1:colcon.colcon_core.package_discovery:discover_packages(ignore) discover
[0.374s] Level 1:colcon.colcon_core.package_discovery:discover_packages(ignore) using defaults
[0.374s] Level 1:colcon.colcon_core.package_discovery:discover_packages(path) discover
[0.374s] Level 1:colcon.colcon_core.package_discovery:discover_packages(path) using defaults
[0.396s] Level 1:colcon.colcon_core.package_discovery:discover_packages(prefix_path) check parameters
[0.396s] Level 1:colcon.colcon_core.package_discovery:discover_packages(prefix_path) discover
[0.404s] DEBUG:colcon.colcon_installed_package_information.package_discovery:Found 1 installed packages in /home/robin/opencv_ros2/install
[0.404s] DEBUG:colcon.colcon_installed_package_information.package_discovery:Found 4 installed packages in /home/robin/robotic_arm/install
[0.405s] DEBUG:colcon.colcon_installed_package_information.package_discovery:Found 11 installed packages in /home/robin/colcon_ws/install
[0.406s] DEBUG:colcon.colcon_installed_package_information.package_discovery:Found 4 installed packages in /home/robin/Robotics-and-ROS-2-Learn-by-Doing-Manipulators/Section5_Control/arduinobot_ws/install
[0.406s] DEBUG:colcon.colcon_installed_package_information.package_discovery:Found 3 installed packages in /home/robin/Robotics-and-ROS-2-Learn-by-Doing-Manipulators/Section4_Digital_Twin/arduinobot_ws/install
[0.407s] DEBUG:colcon.colcon_installed_package_information.package_discovery:Found 4 installed packages in /home/robin/Self-Driving-and-ROS-2-Learn-by-Doing-Odometry-Control/Section7_Differential_Kinematics/bumperbot_ws/install
[0.407s] DEBUG:colcon.colcon_installed_package_information.package_discovery:Found 4 installed packages in /home/robin/Self-Driving-and-ROS-2-Learn-by-Doing-Odometry-Control/Section6_Kinematics/bumperbot_ws/install
[0.408s] DEBUG:colcon.colcon_installed_package_information.package_discovery:Found 4 installed packages in /home/robin/Self-Driving-and-ROS-2-Learn-by-Doing-Odometry-Control/Section5_Control/bumperbot_ws/install
[0.409s] DEBUG:colcon.colcon_installed_package_information.package_discovery:Found 1 installed packages in /home/robin/ros2_ws/install
[0.409s] DEBUG:colcon.colcon_installed_package_information.package_discovery:Found 3 installed packages in /home/robin/Self-Driving-and-ROS-2-Learn-by-Doing-Odometry-Control/Section4_Locomotion/bumperbot_ws/install
[0.410s] DEBUG:colcon.colcon_installed_package_information.package_discovery:Found 3 installed packages in /home/robin/turtlebot3_ws/install
[0.412s] DEBUG:colcon.colcon_installed_package_information.package_discovery:Found 471 installed packages in /opt/ros/humble
[0.414s] Level 1:colcon.colcon_core.package_discovery:discover_packages(prefix_path) using defaults
[0.497s] Level 5:colcon.colcon_core.verb:set package 'arduinobot_controller' build argument 'cmake_args' from command line to 'None'
[0.497s] Level 5:colcon.colcon_core.verb:set package 'arduinobot_controller' build argument 'cmake_target' from command line to 'None'
[0.497s] Level 5:colcon.colcon_core.verb:set package 'arduinobot_controller' build argument 'cmake_target_skip_unavailable' from command line to 'False'
[0.497s] Level 5:colcon.colcon_core.verb:set package 'arduinobot_controller' build argument 'cmake_clean_cache' from command line to 'False'
[0.497s] Level 5:colcon.colcon_core.verb:set package 'arduinobot_controller' build argument 'cmake_clean_first' from command line to 'False'
[0.497s] Level 5:colcon.colcon_core.verb:set package 'arduinobot_controller' build argument 'cmake_force_configure' from command line to 'False'
[0.497s] Level 5:colcon.colcon_core.verb:set package 'arduinobot_controller' build argument 'ament_cmake_args' from command line to 'None'
[0.497s] Level 5:colcon.colcon_core.verb:set package 'arduinobot_controller' build argument 'catkin_cmake_args' from command line to 'None'
[0.497s] Level 5:colcon.colcon_core.verb:set package 'arduinobot_controller' build argument 'catkin_skip_building_tests' from command line to 'False'
[0.497s] DEBUG:colcon.colcon_core.verb:Building package 'arduinobot_controller' with the following arguments: {'ament_cmake_args': None, 'build_base': '/home/robin/robotic_arm/build/arduinobot_controller', 'catkin_cmake_args': None, 'catkin_skip_building_tests': False, 'cmake_args': None, 'cmake_clean_cache': False, 'cmake_clean_first': False, 'cmake_force_configure': False, 'cmake_target': None, 'cmake_target_skip_unavailable': False, 'install_base': '/home/robin/robotic_arm/install/arduinobot_controller', 'merge_install': False, 'path': '/home/robin/robotic_arm/src/arduinobot_controller', 'symlink_install': False, 'test_result_base': None}
[0.497s] Level 5:colcon.colcon_core.verb:set package 'arduinobot_description' build argument 'cmake_args' from command line to 'None'
[0.497s] Level 5:colcon.colcon_core.verb:set package 'arduinobot_description' build argument 'cmake_target' from command line to 'None'
[0.497s] Level 5:colcon.colcon_core.verb:set package 'arduinobot_description' build argument 'cmake_target_skip_unavailable' from command line to 'False'
[0.497s] Level 5:colcon.colcon_core.verb:set package 'arduinobot_description' build argument 'cmake_clean_cache' from command line to 'False'
[0.497s] Level 5:colcon.colcon_core.verb:set package 'arduinobot_description' build argument 'cmake_clean_first' from command line to 'False'
[0.497s] Level 5:colcon.colcon_core.verb:set package 'arduinobot_description' build argument 'cmake_force_configure' from command line to 'False'
[0.497s] Level 5:colcon.colcon_core.verb:set package 'arduinobot_description' build argument 'ament_cmake_args' from command line to 'None'
[0.497s] Level 5:colcon.colcon_core.verb:set package 'arduinobot_description' build argument 'catkin_cmake_args' from command line to 'None'
[0.497s] Level 5:colcon.colcon_core.verb:set package 'arduinobot_description' build argument 'catkin_skip_building_tests' from command line to 'False'
[0.497s] DEBUG:colcon.colcon_core.verb:Building package 'arduinobot_description' with the following arguments: {'ament_cmake_args': None, 'build_base': '/home/robin/robotic_arm/build/arduinobot_description', 'catkin_cmake_args': None, 'catkin_skip_building_tests': False, 'cmake_args': None, 'cmake_clean_cache': False, 'cmake_clean_first': False, 'cmake_force_configure': False, 'cmake_target': None, 'cmake_target_skip_unavailable': False, 'install_base': '/home/robin/robotic_arm/install/arduinobot_description', 'merge_install': False, 'path': '/home/robin/robotic_arm/src/arduinobot_description', 'symlink_install': False, 'test_result_base': None}
[0.498s] Level 5:colcon.colcon_core.verb:set package 'config_moveit' build argument 'cmake_args' from command line to 'None'
[0.498s] Level 5:colcon.colcon_core.verb:set package 'config_moveit' build argument 'cmake_target' from command line to 'None'
[0.498s] Level 5:colcon.colcon_core.verb:set package 'config_moveit' build argument 'cmake_target_skip_unavailable' from command line to 'False'
[0.498s] Level 5:colcon.colcon_core.verb:set package 'config_moveit' build argument 'cmake_clean_cache' from command line to 'False'
[0.498s] Level 5:colcon.colcon_core.verb:set package 'config_moveit' build argument 'cmake_clean_first' from command line to 'False'
[0.498s] Level 5:colcon.colcon_core.verb:set package 'config_moveit' build argument 'cmake_force_configure' from command line to 'False'
[0.498s] Level 5:colcon.colcon_core.verb:set package 'config_moveit' build argument 'ament_cmake_args' from command line to 'None'
[0.498s] Level 5:colcon.colcon_core.verb:set package 'config_moveit' build argument 'catkin_cmake_args' from command line to 'None'
[0.498s] Level 5:colcon.colcon_core.verb:set package 'config_moveit' build argument 'catkin_skip_building_tests' from command line to 'False'
[0.498s] DEBUG:colcon.colcon_core.verb:Building package 'config_moveit' with the following arguments: {'ament_cmake_args': None, 'build_base': '/home/robin/robotic_arm/build/config_moveit', 'catkin_cmake_args': None, 'catkin_skip_building_tests': False, 'cmake_args': None, 'cmake_clean_cache': False, 'cmake_clean_first': False, 'cmake_force_configure': False, 'cmake_target': None, 'cmake_target_skip_unavailable': False, 'install_base': '/home/robin/robotic_arm/install/config_moveit', 'merge_install': False, 'path': '/home/robin/robotic_arm/src/config_moveit', 'symlink_install': False, 'test_result_base': None}
[0.498s] INFO:colcon.colcon_core.executor:Executing jobs using 'parallel' executor
[0.499s] DEBUG:colcon.colcon_parallel_executor.executor.parallel:run_until_complete
[0.499s] INFO:colcon.colcon_ros.task.ament_cmake.build:Building ROS package in '/home/robin/robotic_arm/src/arduinobot_description' with build type 'ament_cmake'
[0.499s] INFO:colcon.colcon_cmake.task.cmake.build:Building CMake package in '/home/robin/robotic_arm/src/arduinobot_description'
[0.502s] INFO:colcon.colcon_core.plugin_system:Skipping extension 'colcon_core.shell.bat': Not used on non-Windows systems
[0.502s] INFO:colcon.colcon_core.shell:Skip shell extension 'powershell' for command environment: Not usable outside of PowerShell
[0.502s] DEBUG:colcon.colcon_core.shell:Skip shell extension 'dsv' for command environment
[0.509s] INFO:colcon.colcon_ros.task.ament_cmake.build:Building ROS package in '/home/robin/robotic_arm/src/arduinobot_controller' with build type 'ament_cmake'
[0.509s] INFO:colcon.colcon_cmake.task.cmake.build:Building CMake package in '/home/robin/robotic_arm/src/arduinobot_controller'
[0.510s] INFO:colcon.colcon_core.shell:Skip shell extension 'powershell' for command environment: Not usable outside of PowerShell
[0.510s] DEBUG:colcon.colcon_core.shell:Skip shell extension 'dsv' for command environment
[0.522s] DEBUG:colcon.colcon_core.event_handler.log_command:Invoking command in '/home/robin/robotic_arm/build/arduinobot_description': CMAKE_PREFIX_PATH=${CMAKE_PREFIX_PATH}:/home/robin/opencv_ros2/install/ros2_opencv:/home/robin/colcon_ws/install/ur5_control:/home/robin/colcon_ws/install/eYantra_Turtle:/home/robin/Robotics-and-ROS-2-Learn-by-Doing-Manipulators/Section5_Control/arduinobot_ws/install/arduinobot_py_examples:/home/robin/Robotics-and-ROS-2-Learn-by-Doing-Manipulators/Section4_Digital_Twin/arduinobot_ws/install/arduinobot_py_examples:/home/robin/Self-Driving-and-ROS-2-Learn-by-Doing-Odometry-Control/Section7_Differential_Kinematics/bumperbot_ws/install/bumperbot_py_examples:/home/robin/Self-Driving-and-ROS-2-Learn-by-Doing-Odometry-Control/Section6_Kinematics/bumperbot_ws/install/bumperbot_py_examples:/home/robin/Self-Driving-and-ROS-2-Learn-by-Doing-Odometry-Control/Section5_Control/bumperbot_ws/install/bumperbot_py_examples:/home/robin/Self-Driving-and-ROS-2-Learn-by-Doing-Odometry-Control/Section4_Locomotion/bumperbot_ws/install/bumperbot_py_examples:/opt/ros/humble /usr/bin/cmake --build /home/robin/robotic_arm/build/arduinobot_description -- -j12 -l12
[0.525s] DEBUG:colcon.colcon_core.event_handler.log_command:Invoking command in '/home/robin/robotic_arm/build/arduinobot_controller': CMAKE_PREFIX_PATH=${CMAKE_PREFIX_PATH}:/home/robin/opencv_ros2/install/ros2_opencv:/home/robin/colcon_ws/install/ur5_control:/home/robin/colcon_ws/install/eYantra_Turtle:/home/robin/Robotics-and-ROS-2-Learn-by-Doing-Manipulators/Section5_Control/arduinobot_ws/install/arduinobot_py_examples:/home/robin/Robotics-and-ROS-2-Learn-by-Doing-Manipulators/Section4_Digital_Twin/arduinobot_ws/install/arduinobot_py_examples:/home/robin/Self-Driving-and-ROS-2-Learn-by-Doing-Odometry-Control/Section7_Differential_Kinematics/bumperbot_ws/install/bumperbot_py_examples:/home/robin/Self-Driving-and-ROS-2-Learn-by-Doing-Odometry-Control/Section6_Kinematics/bumperbot_ws/install/bumperbot_py_examples:/home/robin/Self-Driving-and-ROS-2-Learn-by-Doing-Odometry-Control/Section5_Control/bumperbot_ws/install/bumperbot_py_examples:/home/robin/Self-Driving-and-ROS-2-Learn-by-Doing-Odometry-Control/Section4_Locomotion/bumperbot_ws/install/bumperbot_py_examples:/opt/ros/humble /usr/bin/cmake --build /home/robin/robotic_arm/build/arduinobot_controller -- -j12 -l12
[0.576s] DEBUG:colcon.colcon_core.event_handler.log_command:Invoked command in '/home/robin/robotic_arm/build/arduinobot_description' returned '0': CMAKE_PREFIX_PATH=${CMAKE_PREFIX_PATH}:/home/robin/opencv_ros2/install/ros2_opencv:/home/robin/colcon_ws/install/ur5_control:/home/robin/colcon_ws/install/eYantra_Turtle:/home/robin/Robotics-and-ROS-2-Learn-by-Doing-Manipulators/Section5_Control/arduinobot_ws/install/arduinobot_py_examples:/home/robin/Robotics-and-ROS-2-Learn-by-Doing-Manipulators/Section4_Digital_Twin/arduinobot_ws/install/arduinobot_py_examples:/home/robin/Self-Driving-and-ROS-2-Learn-by-Doing-Odometry-Control/Section7_Differential_Kinematics/bumperbot_ws/install/bumperbot_py_examples:/home/robin/Self-Driving-and-ROS-2-Learn-by-Doing-Odometry-Control/Section6_Kinematics/bumperbot_ws/install/bumperbot_py_examples:/home/robin/Self-Driving-and-ROS-2-Learn-by-Doing-Odometry-Control/Section5_Control/bumperbot_ws/install/bumperbot_py_examples:/home/robin/Self-Driving-and-ROS-2-Learn-by-Doing-Odometry-Control/Section4_Locomotion/bumperbot_ws/install/bumperbot_py_examples:/opt/ros/humble /usr/bin/cmake --build /home/robin/robotic_arm/build/arduinobot_description -- -j12 -l12
[0.605s] DEBUG:colcon.colcon_core.event_handler.log_command:Invoking command in '/home/robin/robotic_arm/build/arduinobot_description': CMAKE_PREFIX_PATH=${CMAKE_PREFIX_PATH}:/home/robin/opencv_ros2/install/ros2_opencv:/home/robin/colcon_ws/install/ur5_control:/home/robin/colcon_ws/install/eYantra_Turtle:/home/robin/Robotics-and-ROS-2-Learn-by-Doing-Manipulators/Section5_Control/arduinobot_ws/install/arduinobot_py_examples:/home/robin/Robotics-and-ROS-2-Learn-by-Doing-Manipulators/Section4_Digital_Twin/arduinobot_ws/install/arduinobot_py_examples:/home/robin/Self-Driving-and-ROS-2-Learn-by-Doing-Odometry-Control/Section7_Differential_Kinematics/bumperbot_ws/install/bumperbot_py_examples:/home/robin/Self-Driving-and-ROS-2-Learn-by-Doing-Odometry-Control/Section6_Kinematics/bumperbot_ws/install/bumperbot_py_examples:/home/robin/Self-Driving-and-ROS-2-Learn-by-Doing-Odometry-Control/Section5_Control/bumperbot_ws/install/bumperbot_py_examples:/home/robin/Self-Driving-and-ROS-2-Learn-by-Doing-Odometry-Control/Section4_Locomotion/bumperbot_ws/install/bumperbot_py_examples:/opt/ros/humble /usr/bin/cmake --install /home/robin/robotic_arm/build/arduinobot_description
[0.617s] Level 1:colcon.colcon_core.environment:create_environment_scripts_only(arduinobot_description)
[0.617s] DEBUG:colcon.colcon_core.event_handler.log_command:Invoked command in '/home/robin/robotic_arm/build/arduinobot_description' returned '0': CMAKE_PREFIX_PATH=${CMAKE_PREFIX_PATH}:/home/robin/opencv_ros2/install/ros2_opencv:/home/robin/colcon_ws/install/ur5_control:/home/robin/colcon_ws/install/eYantra_Turtle:/home/robin/Robotics-and-ROS-2-Learn-by-Doing-Manipulators/Section5_Control/arduinobot_ws/install/arduinobot_py_examples:/home/robin/Robotics-and-ROS-2-Learn-by-Doing-Manipulators/Section4_Digital_Twin/arduinobot_ws/install/arduinobot_py_examples:/home/robin/Self-Driving-and-ROS-2-Learn-by-Doing-Odometry-Control/Section7_Differential_Kinematics/bumperbot_ws/install/bumperbot_py_examples:/home/robin/Self-Driving-and-ROS-2-Learn-by-Doing-Odometry-Control/Section6_Kinematics/bumperbot_ws/install/bumperbot_py_examples:/home/robin/Self-Driving-and-ROS-2-Learn-by-Doing-Odometry-Control/Section5_Control/bumperbot_ws/install/bumperbot_py_examples:/home/robin/Self-Driving-and-ROS-2-Learn-by-Doing-Odometry-Control/Section4_Locomotion/bumperbot_ws/install/bumperbot_py_examples:/opt/ros/humble /usr/bin/cmake --install /home/robin/robotic_arm/build/arduinobot_description
[0.621s] Level 1:colcon.colcon_core.environment:checking '/home/robin/robotic_arm/install/arduinobot_description' for CMake module files
[0.621s] Level 1:colcon.colcon_core.environment:checking '/home/robin/robotic_arm/install/arduinobot_description' for CMake config files
[0.621s] Level 1:colcon.colcon_core.shell:create_environment_hook('arduinobot_description', 'cmake_prefix_path')
[0.622s] INFO:colcon.colcon_core.shell:Creating environment hook '/home/robin/robotic_arm/install/arduinobot_description/share/arduinobot_description/hook/cmake_prefix_path.ps1'
[0.622s] INFO:colcon.colcon_core.shell:Creating environment descriptor '/home/robin/robotic_arm/install/arduinobot_description/share/arduinobot_description/hook/cmake_prefix_path.dsv'
[0.623s] INFO:colcon.colcon_core.shell:Creating environment hook '/home/robin/robotic_arm/install/arduinobot_description/share/arduinobot_description/hook/cmake_prefix_path.sh'
[0.623s] Level 1:colcon.colcon_core.environment:checking '/home/robin/robotic_arm/install/arduinobot_description/bin'
[0.623s] Level 1:colcon.colcon_core.environment:checking '/home/robin/robotic_arm/install/arduinobot_description/lib/pkgconfig/arduinobot_description.pc'
[0.624s] Level 1:colcon.colcon_core.environment:checking '/home/robin/robotic_arm/install/arduinobot_description/lib/python3.10/site-packages'
[0.624s] Level 1:colcon.colcon_core.environment:checking '/home/robin/robotic_arm/install/arduinobot_description/bin'
[0.624s] INFO:colcon.colcon_core.shell:Creating package script '/home/robin/robotic_arm/install/arduinobot_description/share/arduinobot_description/package.ps1'
[0.624s] INFO:colcon.colcon_core.shell:Creating package descriptor '/home/robin/robotic_arm/install/arduinobot_description/share/arduinobot_description/package.dsv'
[0.625s] INFO:colcon.colcon_core.shell:Creating package script '/home/robin/robotic_arm/install/arduinobot_description/share/arduinobot_description/package.sh'
[0.626s] INFO:colcon.colcon_core.shell:Creating package script '/home/robin/robotic_arm/install/arduinobot_description/share/arduinobot_description/package.bash'
[0.626s] INFO:colcon.colcon_core.shell:Creating package script '/home/robin/robotic_arm/install/arduinobot_description/share/arduinobot_description/package.zsh'
[0.627s] Level 1:colcon.colcon_core.environment:create_file_with_runtime_dependencies(/home/robin/robotic_arm/install/arduinobot_description/share/colcon-core/packages/arduinobot_description)
[0.649s] Level 1:colcon.colcon_core.environment:create_environment_scripts_only(arduinobot_description)
[0.649s] Level 1:colcon.colcon_core.environment:checking '/home/robin/robotic_arm/install/arduinobot_description' for CMake module files
[0.650s] Level 1:colcon.colcon_core.environment:checking '/home/robin/robotic_arm/install/arduinobot_description' for CMake config files
[0.650s] Level 1:colcon.colcon_core.shell:create_environment_hook('arduinobot_description', 'cmake_prefix_path')
[0.650s] INFO:colcon.colcon_core.shell:Creating environment hook '/home/robin/robotic_arm/install/arduinobot_description/share/arduinobot_description/hook/cmake_prefix_path.ps1'
[0.650s] INFO:colcon.colcon_core.shell:Creating environment descriptor '/home/robin/robotic_arm/install/arduinobot_description/share/arduinobot_description/hook/cmake_prefix_path.dsv'
[0.651s] INFO:colcon.colcon_core.shell:Creating environment hook '/home/robin/robotic_arm/install/arduinobot_description/share/arduinobot_description/hook/cmake_prefix_path.sh'
[0.651s] Level 1:colcon.colcon_core.environment:checking '/home/robin/robotic_arm/install/arduinobot_description/bin'
[0.651s] Level 1:colcon.colcon_core.environment:checking '/home/robin/robotic_arm/install/arduinobot_description/lib/pkgconfig/arduinobot_description.pc'
[0.651s] Level 1:colcon.colcon_core.environment:checking '/home/robin/robotic_arm/install/arduinobot_description/lib/python3.10/site-packages'
[0.651s] Level 1:colcon.colcon_core.environment:checking '/home/robin/robotic_arm/install/arduinobot_description/bin'
[0.652s] INFO:colcon.colcon_core.shell:Creating package script '/home/robin/robotic_arm/install/arduinobot_description/share/arduinobot_description/package.ps1'
[0.652s] INFO:colcon.colcon_core.shell:Creating package descriptor '/home/robin/robotic_arm/install/arduinobot_description/share/arduinobot_description/package.dsv'
[0.652s] INFO:colcon.colcon_core.shell:Creating package script '/home/robin/robotic_arm/install/arduinobot_description/share/arduinobot_description/package.sh'
[0.653s] INFO:colcon.colcon_core.shell:Creating package script '/home/robin/robotic_arm/install/arduinobot_description/share/arduinobot_description/package.bash'
[0.653s] INFO:colcon.colcon_core.shell:Creating package script '/home/robin/robotic_arm/install/arduinobot_description/share/arduinobot_description/package.zsh'
[0.653s] Level 1:colcon.colcon_core.environment:create_file_with_runtime_dependencies(/home/robin/robotic_arm/install/arduinobot_description/share/colcon-core/packages/arduinobot_description)
[0.653s] INFO:colcon.colcon_ros.task.ament_cmake.build:Building ROS package in '/home/robin/robotic_arm/src/config_moveit' with build type 'ament_cmake'
[0.654s] INFO:colcon.colcon_cmake.task.cmake.build:Building CMake package in '/home/robin/robotic_arm/src/config_moveit'
[0.654s] INFO:colcon.colcon_core.shell:Skip shell extension 'powershell' for command environment: Not usable outside of PowerShell
[0.654s] DEBUG:colcon.colcon_core.shell:Skip shell extension 'dsv' for command environment
[0.667s] DEBUG:colcon.colcon_core.event_handler.log_command:Invoking command in '/home/robin/robotic_arm/build/config_moveit': CMAKE_PREFIX_PATH=/home/robin/robotic_arm/install/arduinobot_description:/home/robin/robotic_arm/install/moveit_config:/home/robin/robotic_arm/install/config_moveit:/home/robin/robotic_arm/install/arduinobot_controller:/home/robin/ros2_ws/install/turtle_nest:/home/robin/colcon_ws/install/ur_simulation_gazebo:/home/robin/colcon_ws/install/ur_moveit_config:/home/robin/colcon_ws/install/ur_description:/home/robin/colcon_ws/install/realsense_gazebo_plugin:/home/robin/colcon_ws/install/pymoveit2:/home/robin/colcon_ws/install/linkattacher_msgs:/home/robin/colcon_ws/install/eyantra_warehouse:/home/robin/colcon_ws/install/ebot_nav2:/home/robin/colcon_ws/install/ebot_description:/home/robin/Robotics-and-ROS-2-Learn-by-Doing-Manipulators/Section5_Control/arduinobot_ws/install/arduinobot_description:/home/robin/Robotics-and-ROS-2-Learn-by-Doing-Manipulators/Section5_Control/arduinobot_ws/install/arduinobot_cpp_examples:/home/robin/Robotics-and-ROS-2-Learn-by-Doing-Manipulators/Section5_Control/arduinobot_ws/install/arduinobot_controller:/home/robin/Robotics-and-ROS-2-Learn-by-Doing-Manipulators/Section4_Digital_Twin/arduinobot_ws/install/arduinobot_description:/home/robin/Robotics-and-ROS-2-Learn-by-Doing-Manipulators/Section4_Digital_Twin/arduinobot_ws/install/arduinobot_cpp_examples:/home/robin/Self-Driving-and-ROS-2-Learn-by-Doing-Odometry-Control/Section7_Differential_Kinematics/bumperbot_ws/install/bumperbot_description:/home/robin/Self-Driving-and-ROS-2-Learn-by-Doing-Odometry-Control/Section7_Differential_Kinematics/bumperbot_ws/install/bumperbot_cpp_examples:/home/robin/Self-Driving-and-ROS-2-Learn-by-Doing-Odometry-Control/Section7_Differential_Kinematics/bumperbot_ws/install/bumperbot_controller:/home/robin/Self-Driving-and-ROS-2-Learn-by-Doing-Odometry-Control/Section6_Kinematics/bumperbot_ws/install/bumperbot_description:/home/robin/Self-Driving-and-ROS-2-Learn-by-Doing-Odometry-Control/Section6_Kinematics/bumperbot_ws/install/bumperbot_cpp_examples:/home/robin/Self-Driving-and-ROS-2-Learn-by-Doing-Odometry-Control/Section6_Kinematics/bumperbot_ws/install/bumperbot_controller:/home/robin/Self-Driving-and-ROS-2-Learn-by-Doing-Odometry-Control/Section5_Control/bumperbot_ws/install/bumperbot_description:/home/robin/Self-Driving-and-ROS-2-Learn-by-Doing-Odometry-Control/Section5_Control/bumperbot_ws/install/bumperbot_cpp_examples:/home/robin/Self-Driving-and-ROS-2-Learn-by-Doing-Odometry-Control/Section5_Control/bumperbot_ws/install/bumperbot_controller:/home/robin/Self-Driving-and-ROS-2-Learn-by-Doing-Odometry-Control/Section4_Locomotion/bumperbot_ws/install/bumperbot_description:/home/robin/Self-Driving-and-ROS-2-Learn-by-Doing-Odometry-Control/Section4_Locomotion/bumperbot_ws/install/bumperbot_cpp_examples:/home/robin/turtlebot3_ws/install/turtlebot3_simulations:/home/robin/turtlebot3_ws/install/turtlebot3_gazebo:/home/robin/turtlebot3_ws/install/turtlebot3_fake_node:/home/robin/opencv_ros2/install/ros2_opencv:/home/robin/colcon_ws/install/ur5_control:/home/robin/colcon_ws/install/eYantra_Turtle:/home/robin/Robotics-and-ROS-2-Learn-by-Doing-Manipulators/Section5_Control/arduinobot_ws/install/arduinobot_py_examples:/home/robin/Robotics-and-ROS-2-Learn-by-Doing-Manipulators/Section4_Digital_Twin/arduinobot_ws/install/arduinobot_py_examples:/home/robin/Self-Driving-and-ROS-2-Learn-by-Doing-Odometry-Control/Section7_Differential_Kinematics/bumperbot_ws/install/bumperbot_py_examples:/home/robin/Self-Driving-and-ROS-2-Learn-by-Doing-Odometry-Control/Section6_Kinematics/bumperbot_ws/install/bumperbot_py_examples:/home/robin/Self-Driving-and-ROS-2-Learn-by-Doing-Odometry-Control/Section5_Control/bumperbot_ws/install/bumperbot_py_examples:/home/robin/Self-Driving-and-ROS-2-Learn-by-Doing-Odometry-Control/Section4_Locomotion/bumperbot_ws/install/bumperbot_py_examples:/opt/ros/humble /usr/bin/cmake --build /home/robin/robotic_arm/build/config_moveit -- -j12 -l12
[0.703s] DEBUG:colcon.colcon_core.event_handler.log_command:Invoked command in '/home/robin/robotic_arm/build/config_moveit' returned '0': CMAKE_PREFIX_PATH=/home/robin/robotic_arm/install/arduinobot_description:/home/robin/robotic_arm/install/moveit_config:/home/robin/robotic_arm/install/config_moveit:/home/robin/robotic_arm/install/arduinobot_controller:/home/robin/ros2_ws/install/turtle_nest:/home/robin/colcon_ws/install/ur_simulation_gazebo:/home/robin/colcon_ws/install/ur_moveit_config:/home/robin/colcon_ws/install/ur_description:/home/robin/colcon_ws/install/realsense_gazebo_plugin:/home/robin/colcon_ws/install/pymoveit2:/home/robin/colcon_ws/install/linkattacher_msgs:/home/robin/colcon_ws/install/eyantra_warehouse:/home/robin/colcon_ws/install/ebot_nav2:/home/robin/colcon_ws/install/ebot_description:/home/robin/Robotics-and-ROS-2-Learn-by-Doing-Manipulators/Section5_Control/arduinobot_ws/install/arduinobot_description:/home/robin/Robotics-and-ROS-2-Learn-by-Doing-Manipulators/Section5_Control/arduinobot_ws/install/arduinobot_cpp_examples:/home/robin/Robotics-and-ROS-2-Learn-by-Doing-Manipulators/Section5_Control/arduinobot_ws/install/arduinobot_controller:/home/robin/Robotics-and-ROS-2-Learn-by-Doing-Manipulators/Section4_Digital_Twin/arduinobot_ws/install/arduinobot_description:/home/robin/Robotics-and-ROS-2-Learn-by-Doing-Manipulators/Section4_Digital_Twin/arduinobot_ws/install/arduinobot_cpp_examples:/home/robin/Self-Driving-and-ROS-2-Learn-by-Doing-Odometry-Control/Section7_Differential_Kinematics/bumperbot_ws/install/bumperbot_description:/home/robin/Self-Driving-and-ROS-2-Learn-by-Doing-Odometry-Control/Section7_Differential_Kinematics/bumperbot_ws/install/bumperbot_cpp_examples:/home/robin/Self-Driving-and-ROS-2-Learn-by-Doing-Odometry-Control/Section7_Differential_Kinematics/bumperbot_ws/install/bumperbot_controller:/home/robin/Self-Driving-and-ROS-2-Learn-by-Doing-Odometry-Control/Section6_Kinematics/bumperbot_ws/install/bumperbot_description:/home/robin/Self-Driving-and-ROS-2-Learn-by-Doing-Odometry-Control/Section6_Kinematics/bumperbot_ws/install/bumperbot_cpp_examples:/home/robin/Self-Driving-and-ROS-2-Learn-by-Doing-Odometry-Control/Section6_Kinematics/bumperbot_ws/install/bumperbot_controller:/home/robin/Self-Driving-and-ROS-2-Learn-by-Doing-Odometry-Control/Section5_Control/bumperbot_ws/install/bumperbot_description:/home/robin/Self-Driving-and-ROS-2-Learn-by-Doing-Odometry-Control/Section5_Control/bumperbot_ws/install/bumperbot_cpp_examples:/home/robin/Self-Driving-and-ROS-2-Learn-by-Doing-Odometry-Control/Section5_Control/bumperbot_ws/install/bumperbot_controller:/home/robin/Self-Driving-and-ROS-2-Learn-by-Doing-Odometry-Control/Section4_Locomotion/bumperbot_ws/install/bumperbot_description:/home/robin/Self-Driving-and-ROS-2-Learn-by-Doing-Odometry-Control/Section4_Locomotion/bumperbot_ws/install/bumperbot_cpp_examples:/home/robin/turtlebot3_ws/install/turtlebot3_simulations:/home/robin/turtlebot3_ws/install/turtlebot3_gazebo:/home/robin/turtlebot3_ws/install/turtlebot3_fake_node:/home/robin/opencv_ros2/install/ros2_opencv:/home/robin/colcon_ws/install/ur5_control:/home/robin/colcon_ws/install/eYantra_Turtle:/home/robin/Robotics-and-ROS-2-Learn-by-Doing-Manipulators/Section5_Control/arduinobot_ws/install/arduinobot_py_examples:/home/robin/Robotics-and-ROS-2-Learn-by-Doing-Manipulators/Section4_Digital_Twin/arduinobot_ws/install/arduinobot_py_examples:/home/robin/Self-Driving-and-ROS-2-Learn-by-Doing-Odometry-Control/Section7_Differential_Kinematics/bumperbot_ws/install/bumperbot_py_examples:/home/robin/Self-Driving-and-ROS-2-Learn-by-Doing-Odometry-Control/Section6_Kinematics/bumperbot_ws/install/bumperbot_py_examples:/home/robin/Self-Driving-and-ROS-2-Learn-by-Doing-Odometry-Control/Section5_Control/bumperbot_ws/install/bumperbot_py_examples:/home/robin/Self-Driving-and-ROS-2-Learn-by-Doing-Odometry-Control/Section4_Locomotion/bumperbot_ws/install/bumperbot_py_examples:/opt/ros/humble /usr/bin/cmake --build /home/robin/robotic_arm/build/config_moveit -- -j12 -l12
[0.725s] DEBUG:colcon.colcon_core.event_handler.log_command:Invoking command in '/home/robin/robotic_arm/build/config_moveit': CMAKE_PREFIX_PATH=/home/robin/robotic_arm/install/arduinobot_description:/home/robin/robotic_arm/install/moveit_config:/home/robin/robotic_arm/install/config_moveit:/home/robin/robotic_arm/install/arduinobot_controller:/home/robin/ros2_ws/install/turtle_nest:/home/robin/colcon_ws/install/ur_simulation_gazebo:/home/robin/colcon_ws/install/ur_moveit_config:/home/robin/colcon_ws/install/ur_description:/home/robin/colcon_ws/install/realsense_gazebo_plugin:/home/robin/colcon_ws/install/pymoveit2:/home/robin/colcon_ws/install/linkattacher_msgs:/home/robin/colcon_ws/install/eyantra_warehouse:/home/robin/colcon_ws/install/ebot_nav2:/home/robin/colcon_ws/install/ebot_description:/home/robin/Robotics-and-ROS-2-Learn-by-Doing-Manipulators/Section5_Control/arduinobot_ws/install/arduinobot_description:/home/robin/Robotics-and-ROS-2-Learn-by-Doing-Manipulators/Section5_Control/arduinobot_ws/install/arduinobot_cpp_examples:/home/robin/Robotics-and-ROS-2-Learn-by-Doing-Manipulators/Section5_Control/arduinobot_ws/install/arduinobot_controller:/home/robin/Robotics-and-ROS-2-Learn-by-Doing-Manipulators/Section4_Digital_Twin/arduinobot_ws/install/arduinobot_description:/home/robin/Robotics-and-ROS-2-Learn-by-Doing-Manipulators/Section4_Digital_Twin/arduinobot_ws/install/arduinobot_cpp_examples:/home/robin/Self-Driving-and-ROS-2-Learn-by-Doing-Odometry-Control/Section7_Differential_Kinematics/bumperbot_ws/install/bumperbot_description:/home/robin/Self-Driving-and-ROS-2-Learn-by-Doing-Odometry-Control/Section7_Differential_Kinematics/bumperbot_ws/install/bumperbot_cpp_examples:/home/robin/Self-Driving-and-ROS-2-Learn-by-Doing-Odometry-Control/Section7_Differential_Kinematics/bumperbot_ws/install/bumperbot_controller:/home/robin/Self-Driving-and-ROS-2-Learn-by-Doing-Odometry-Control/Section6_Kinematics/bumperbot_ws/install/bumperbot_description:/home/robin/Self-Driving-and-ROS-2-Learn-by-Doing-Odometry-Control/Section6_Kinematics/bumperbot_ws/install/bumperbot_cpp_examples:/home/robin/Self-Driving-and-ROS-2-Learn-by-Doing-Odometry-Control/Section6_Kinematics/bumperbot_ws/install/bumperbot_controller:/home/robin/Self-Driving-and-ROS-2-Learn-by-Doing-Odometry-Control/Section5_Control/bumperbot_ws/install/bumperbot_description:/home/robin/Self-Driving-and-ROS-2-Learn-by-Doing-Odometry-Control/Section5_Control/bumperbot_ws/install/bumperbot_cpp_examples:/home/robin/Self-Driving-and-ROS-2-Learn-by-Doing-Odometry-Control/Section5_Control/bumperbot_ws/install/bumperbot_controller:/home/robin/Self-Driving-and-ROS-2-Learn-by-Doing-Odometry-Control/Section4_Locomotion/bumperbot_ws/install/bumperbot_description:/home/robin/Self-Driving-and-ROS-2-Learn-by-Doing-Odometry-Control/Section4_Locomotion/bumperbot_ws/install/bumperbot_cpp_examples:/home/robin/turtlebot3_ws/install/turtlebot3_simulations:/home/robin/turtlebot3_ws/install/turtlebot3_gazebo:/home/robin/turtlebot3_ws/install/turtlebot3_fake_node:/home/robin/opencv_ros2/install/ros2_opencv:/home/robin/colcon_ws/install/ur5_control:/home/robin/colcon_ws/install/eYantra_Turtle:/home/robin/Robotics-and-ROS-2-Learn-by-Doing-Manipulators/Section5_Control/arduinobot_ws/install/arduinobot_py_examples:/home/robin/Robotics-and-ROS-2-Learn-by-Doing-Manipulators/Section4_Digital_Twin/arduinobot_ws/install/arduinobot_py_examples:/home/robin/Self-Driving-and-ROS-2-Learn-by-Doing-Odometry-Control/Section7_Differential_Kinematics/bumperbot_ws/install/bumperbot_py_examples:/home/robin/Self-Driving-and-ROS-2-Learn-by-Doing-Odometry-Control/Section6_Kinematics/bumperbot_ws/install/bumperbot_py_examples:/home/robin/Self-Driving-and-ROS-2-Learn-by-Doing-Odometry-Control/Section5_Control/bumperbot_ws/install/bumperbot_py_examples:/home/robin/Self-Driving-and-ROS-2-Learn-by-Doing-Odometry-Control/Section4_Locomotion/bumperbot_ws/install/bumperbot_py_examples:/opt/ros/humble /usr/bin/cmake --install /home/robin/robotic_arm/build/config_moveit
[0.736s] Level 1:colcon.colcon_core.environment:create_environment_scripts_only(config_moveit)
[0.736s] Level 1:colcon.colcon_core.environment:checking '/home/robin/robotic_arm/install/config_moveit' for CMake module files
[0.737s] DEBUG:colcon.colcon_core.event_handler.log_command:Invoked command in '/home/robin/robotic_arm/build/config_moveit' returned '0': CMAKE_PREFIX_PATH=/home/robin/robotic_arm/install/arduinobot_description:/home/robin/robotic_arm/install/moveit_config:/home/robin/robotic_arm/install/config_moveit:/home/robin/robotic_arm/install/arduinobot_controller:/home/robin/ros2_ws/install/turtle_nest:/home/robin/colcon_ws/install/ur_simulation_gazebo:/home/robin/colcon_ws/install/ur_moveit_config:/home/robin/colcon_ws/install/ur_description:/home/robin/colcon_ws/install/realsense_gazebo_plugin:/home/robin/colcon_ws/install/pymoveit2:/home/robin/colcon_ws/install/linkattacher_msgs:/home/robin/colcon_ws/install/eyantra_warehouse:/home/robin/colcon_ws/install/ebot_nav2:/home/robin/colcon_ws/install/ebot_description:/home/robin/Robotics-and-ROS-2-Learn-by-Doing-Manipulators/Section5_Control/arduinobot_ws/install/arduinobot_description:/home/robin/Robotics-and-ROS-2-Learn-by-Doing-Manipulators/Section5_Control/arduinobot_ws/install/arduinobot_cpp_examples:/home/robin/Robotics-and-ROS-2-Learn-by-Doing-Manipulators/Section5_Control/arduinobot_ws/install/arduinobot_controller:/home/robin/Robotics-and-ROS-2-Learn-by-Doing-Manipulators/Section4_Digital_Twin/arduinobot_ws/install/arduinobot_description:/home/robin/Robotics-and-ROS-2-Learn-by-Doing-Manipulators/Section4_Digital_Twin/arduinobot_ws/install/arduinobot_cpp_examples:/home/robin/Self-Driving-and-ROS-2-Learn-by-Doing-Odometry-Control/Section7_Differential_Kinematics/bumperbot_ws/install/bumperbot_description:/home/robin/Self-Driving-and-ROS-2-Learn-by-Doing-Odometry-Control/Section7_Differential_Kinematics/bumperbot_ws/install/bumperbot_cpp_examples:/home/robin/Self-Driving-and-ROS-2-Learn-by-Doing-Odometry-Control/Section7_Differential_Kinematics/bumperbot_ws/install/bumperbot_controller:/home/robin/Self-Driving-and-ROS-2-Learn-by-Doing-Odometry-Control/Section6_Kinematics/bumperbot_ws/install/bumperbot_description:/home/robin/Self-Driving-and-ROS-2-Learn-by-Doing-Odometry-Control/Section6_Kinematics/bumperbot_ws/install/bumperbot_cpp_examples:/home/robin/Self-Driving-and-ROS-2-Learn-by-Doing-Odometry-Control/Section6_Kinematics/bumperbot_ws/install/bumperbot_controller:/home/robin/Self-Driving-and-ROS-2-Learn-by-Doing-Odometry-Control/Section5_Control/bumperbot_ws/install/bumperbot_description:/home/robin/Self-Driving-and-ROS-2-Learn-by-Doing-Odometry-Control/Section5_Control/bumperbot_ws/install/bumperbot_cpp_examples:/home/robin/Self-Driving-and-ROS-2-Learn-by-Doing-Odometry-Control/Section5_Control/bumperbot_ws/install/bumperbot_controller:/home/robin/Self-Driving-and-ROS-2-Learn-by-Doing-Odometry-Control/Section4_Locomotion/bumperbot_ws/install/bumperbot_description:/home/robin/Self-Driving-and-ROS-2-Learn-by-Doing-Odometry-Control/Section4_Locomotion/bumperbot_ws/install/bumperbot_cpp_examples:/home/robin/turtlebot3_ws/install/turtlebot3_simulations:/home/robin/turtlebot3_ws/install/turtlebot3_gazebo:/home/robin/turtlebot3_ws/install/turtlebot3_fake_node:/home/robin/opencv_ros2/install/ros2_opencv:/home/robin/colcon_ws/install/ur5_control:/home/robin/colcon_ws/install/eYantra_Turtle:/home/robin/Robotics-and-ROS-2-Learn-by-Doing-Manipulators/Section5_Control/arduinobot_ws/install/arduinobot_py_examples:/home/robin/Robotics-and-ROS-2-Learn-by-Doing-Manipulators/Section4_Digital_Twin/arduinobot_ws/install/arduinobot_py_examples:/home/robin/Self-Driving-and-ROS-2-Learn-by-Doing-Odometry-Control/Section7_Differential_Kinematics/bumperbot_ws/install/bumperbot_py_examples:/home/robin/Self-Driving-and-ROS-2-Learn-by-Doing-Odometry-Control/Section6_Kinematics/bumperbot_ws/install/bumperbot_py_examples:/home/robin/Self-Driving-and-ROS-2-Learn-by-Doing-Odometry-Control/Section5_Control/bumperbot_ws/install/bumperbot_py_examples:/home/robin/Self-Driving-and-ROS-2-Learn-by-Doing-Odometry-Control/Section4_Locomotion/bumperbot_ws/install/bumperbot_py_examples:/opt/ros/humble /usr/bin/cmake --install /home/robin/robotic_arm/build/config_moveit
[0.737s] Level 1:colcon.colcon_core.environment:checking '/home/robin/robotic_arm/install/config_moveit' for CMake config files
[0.737s] Level 1:colcon.colcon_core.shell:create_environment_hook('config_moveit', 'cmake_prefix_path')
[0.737s] INFO:colcon.colcon_core.shell:Creating environment hook '/home/robin/robotic_arm/install/config_moveit/share/config_moveit/hook/cmake_prefix_path.ps1'
[0.738s] INFO:colcon.colcon_core.shell:Creating environment descriptor '/home/robin/robotic_arm/install/config_moveit/share/config_moveit/hook/cmake_prefix_path.dsv'
[0.738s] INFO:colcon.colcon_core.shell:Creating environment hook '/home/robin/robotic_arm/install/config_moveit/share/config_moveit/hook/cmake_prefix_path.sh'
[0.738s] Level 1:colcon.colcon_core.environment:checking '/home/robin/robotic_arm/install/config_moveit/bin'
[0.738s] Level 1:colcon.colcon_core.environment:checking '/home/robin/robotic_arm/install/config_moveit/lib/pkgconfig/config_moveit.pc'
[0.738s] Level 1:colcon.colcon_core.environment:checking '/home/robin/robotic_arm/install/config_moveit/lib/python3.10/site-packages'
[0.739s] Level 1:colcon.colcon_core.environment:checking '/home/robin/robotic_arm/install/config_moveit/bin'
[0.739s] INFO:colcon.colcon_core.shell:Creating package script '/home/robin/robotic_arm/install/config_moveit/share/config_moveit/package.ps1'
[0.739s] INFO:colcon.colcon_core.shell:Creating package descriptor '/home/robin/robotic_arm/install/config_moveit/share/config_moveit/package.dsv'
[0.739s] INFO:colcon.colcon_core.shell:Creating package script '/home/robin/robotic_arm/install/config_moveit/share/config_moveit/package.sh'
[0.740s] INFO:colcon.colcon_core.shell:Creating package script '/home/robin/robotic_arm/install/config_moveit/share/config_moveit/package.bash'
[0.740s] INFO:colcon.colcon_core.shell:Creating package script '/home/robin/robotic_arm/install/config_moveit/share/config_moveit/package.zsh'
[0.740s] Level 1:colcon.colcon_core.environment:create_file_with_runtime_dependencies(/home/robin/robotic_arm/install/config_moveit/share/colcon-core/packages/config_moveit)
[0.762s] Level 1:colcon.colcon_core.environment:create_environment_scripts_only(config_moveit)
[0.762s] Level 1:colcon.colcon_core.environment:checking '/home/robin/robotic_arm/install/config_moveit' for CMake module files
[0.762s] Level 1:colcon.colcon_core.environment:checking '/home/robin/robotic_arm/install/config_moveit' for CMake config files
[0.763s] Level 1:colcon.colcon_core.shell:create_environment_hook('config_moveit', 'cmake_prefix_path')
[0.763s] INFO:colcon.colcon_core.shell:Creating environment hook '/home/robin/robotic_arm/install/config_moveit/share/config_moveit/hook/cmake_prefix_path.ps1'
[0.763s] INFO:colcon.colcon_core.shell:Creating environment descriptor '/home/robin/robotic_arm/install/config_moveit/share/config_moveit/hook/cmake_prefix_path.dsv'
[0.763s] INFO:colcon.colcon_core.shell:Creating environment hook '/home/robin/robotic_arm/install/config_moveit/share/config_moveit/hook/cmake_prefix_path.sh'
[0.764s] Level 1:colcon.colcon_core.environment:checking '/home/robin/robotic_arm/install/config_moveit/bin'
[0.764s] Level 1:colcon.colcon_core.environment:checking '/home/robin/robotic_arm/install/config_moveit/lib/pkgconfig/config_moveit.pc'
[0.764s] Level 1:colcon.colcon_core.environment:checking '/home/robin/robotic_arm/install/config_moveit/lib/python3.10/site-packages'
[0.764s] Level 1:colcon.colcon_core.environment:checking '/home/robin/robotic_arm/install/config_moveit/bin'
[0.764s] INFO:colcon.colcon_core.shell:Creating package script '/home/robin/robotic_arm/install/config_moveit/share/config_moveit/package.ps1'
[0.765s] INFO:colcon.colcon_core.shell:Creating package descriptor '/home/robin/robotic_arm/install/config_moveit/share/config_moveit/package.dsv'
[0.765s] INFO:colcon.colcon_core.shell:Creating package script '/home/robin/robotic_arm/install/config_moveit/share/config_moveit/package.sh'
[0.765s] INFO:colcon.colcon_core.shell:Creating package script '/home/robin/robotic_arm/install/config_moveit/share/config_moveit/package.bash'
[0.766s] INFO:colcon.colcon_core.shell:Creating package script '/home/robin/robotic_arm/install/config_moveit/share/config_moveit/package.zsh'
[0.766s] Level 1:colcon.colcon_core.environment:create_file_with_runtime_dependencies(/home/robin/robotic_arm/install/config_moveit/share/colcon-core/packages/config_moveit)
[0.856s] DEBUG:colcon.colcon_core.event_handler.log_command:Invoked command in '/home/robin/robotic_arm/build/arduinobot_controller' returned '0': CMAKE_PREFIX_PATH=${CMAKE_PREFIX_PATH}:/home/robin/opencv_ros2/install/ros2_opencv:/home/robin/colcon_ws/install/ur5_control:/home/robin/colcon_ws/install/eYantra_Turtle:/home/robin/Robotics-and-ROS-2-Learn-by-Doing-Manipulators/Section5_Control/arduinobot_ws/install/arduinobot_py_examples:/home/robin/Robotics-and-ROS-2-Learn-by-Doing-Manipulators/Section4_Digital_Twin/arduinobot_ws/install/arduinobot_py_examples:/home/robin/Self-Driving-and-ROS-2-Learn-by-Doing-Odometry-Control/Section7_Differential_Kinematics/bumperbot_ws/install/bumperbot_py_examples:/home/robin/Self-Driving-and-ROS-2-Learn-by-Doing-Odometry-Control/Section6_Kinematics/bumperbot_ws/install/bumperbot_py_examples:/home/robin/Self-Driving-and-ROS-2-Learn-by-Doing-Odometry-Control/Section5_Control/bumperbot_ws/install/bumperbot_py_examples:/home/robin/Self-Driving-and-ROS-2-Learn-by-Doing-Odometry-Control/Section4_Locomotion/bumperbot_ws/install/bumperbot_py_examples:/opt/ros/humble /usr/bin/cmake --build /home/robin/robotic_arm/build/arduinobot_controller -- -j12 -l12
[0.884s] DEBUG:colcon.colcon_core.event_handler.log_command:Invoking command in '/home/robin/robotic_arm/build/arduinobot_controller': CMAKE_PREFIX_PATH=${CMAKE_PREFIX_PATH}:/home/robin/opencv_ros2/install/ros2_opencv:/home/robin/colcon_ws/install/ur5_control:/home/robin/colcon_ws/install/eYantra_Turtle:/home/robin/Robotics-and-ROS-2-Learn-by-Doing-Manipulators/Section5_Control/arduinobot_ws/install/arduinobot_py_examples:/home/robin/Robotics-and-ROS-2-Learn-by-Doing-Manipulators/Section4_Digital_Twin/arduinobot_ws/install/arduinobot_py_examples:/home/robin/Self-Driving-and-ROS-2-Learn-by-Doing-Odometry-Control/Section7_Differential_Kinematics/bumperbot_ws/install/bumperbot_py_examples:/home/robin/Self-Driving-and-ROS-2-Learn-by-Doing-Odometry-Control/Section6_Kinematics/bumperbot_ws/install/bumperbot_py_examples:/home/robin/Self-Driving-and-ROS-2-Learn-by-Doing-Odometry-Control/Section5_Control/bumperbot_ws/install/bumperbot_py_examples:/home/robin/Self-Driving-and-ROS-2-Learn-by-Doing-Odometry-Control/Section4_Locomotion/bumperbot_ws/install/bumperbot_py_examples:/opt/ros/humble /usr/bin/cmake --install /home/robin/robotic_arm/build/arduinobot_controller
[0.926s] Level 1:colcon.colcon_core.environment:create_environment_scripts_only(arduinobot_controller)
[0.927s] Level 1:colcon.colcon_core.environment:checking '/home/robin/robotic_arm/install/arduinobot_controller' for CMake module files
[0.927s] DEBUG:colcon.colcon_core.event_handler.log_command:Invoked command in '/home/robin/robotic_arm/build/arduinobot_controller' returned '0': CMAKE_PREFIX_PATH=${CMAKE_PREFIX_PATH}:/home/robin/opencv_ros2/install/ros2_opencv:/home/robin/colcon_ws/install/ur5_control:/home/robin/colcon_ws/install/eYantra_Turtle:/home/robin/Robotics-and-ROS-2-Learn-by-Doing-Manipulators/Section5_Control/arduinobot_ws/install/arduinobot_py_examples:/home/robin/Robotics-and-ROS-2-Learn-by-Doing-Manipulators/Section4_Digital_Twin/arduinobot_ws/install/arduinobot_py_examples:/home/robin/Self-Driving-and-ROS-2-Learn-by-Doing-Odometry-Control/Section7_Differential_Kinematics/bumperbot_ws/install/bumperbot_py_examples:/home/robin/Self-Driving-and-ROS-2-Learn-by-Doing-Odometry-Control/Section6_Kinematics/bumperbot_ws/install/bumperbot_py_examples:/home/robin/Self-Driving-and-ROS-2-Learn-by-Doing-Odometry-Control/Section5_Control/bumperbot_ws/install/bumperbot_py_examples:/home/robin/Self-Driving-and-ROS-2-Learn-by-Doing-Odometry-Control/Section4_Locomotion/bumperbot_ws/install/bumperbot_py_examples:/opt/ros/humble /usr/bin/cmake --install /home/robin/robotic_arm/build/arduinobot_controller
[0.927s] Level 1:colcon.colcon_core.environment:checking '/home/robin/robotic_arm/install/arduinobot_controller' for CMake config files
[0.928s] Level 1:colcon.colcon_core.shell:create_environment_hook('arduinobot_controller', 'cmake_prefix_path')
[0.928s] INFO:colcon.colcon_core.shell:Creating environment hook '/home/robin/robotic_arm/install/arduinobot_controller/share/arduinobot_controller/hook/cmake_prefix_path.ps1'
[0.928s] INFO:colcon.colcon_core.shell:Creating environment descriptor '/home/robin/robotic_arm/install/arduinobot_controller/share/arduinobot_controller/hook/cmake_prefix_path.dsv'
[0.928s] INFO:colcon.colcon_core.shell:Creating environment hook '/home/robin/robotic_arm/install/arduinobot_controller/share/arduinobot_controller/hook/cmake_prefix_path.sh'
[0.929s] Level 1:colcon.colcon_core.environment:checking '/home/robin/robotic_arm/install/arduinobot_controller/lib'
[0.929s] Level 1:colcon.colcon_core.environment:checking '/home/robin/robotic_arm/install/arduinobot_controller/bin'
[0.929s] Level 1:colcon.colcon_core.environment:checking '/home/robin/robotic_arm/install/arduinobot_controller/lib/pkgconfig/arduinobot_controller.pc'
[0.929s] Level 1:colcon.colcon_core.environment:checking '/home/robin/robotic_arm/install/arduinobot_controller/lib/python3.10/site-packages'
[0.929s] Level 1:colcon.colcon_core.environment:checking '/home/robin/robotic_arm/install/arduinobot_controller/bin'
[0.929s] INFO:colcon.colcon_core.shell:Creating package script '/home/robin/robotic_arm/install/arduinobot_controller/share/arduinobot_controller/package.ps1'
[0.930s] INFO:colcon.colcon_core.shell:Creating package descriptor '/home/robin/robotic_arm/install/arduinobot_controller/share/arduinobot_controller/package.dsv'
[0.930s] INFO:colcon.colcon_core.shell:Creating package script '/home/robin/robotic_arm/install/arduinobot_controller/share/arduinobot_controller/package.sh'
[0.930s] INFO:colcon.colcon_core.shell:Creating package script '/home/robin/robotic_arm/install/arduinobot_controller/share/arduinobot_controller/package.bash'
[0.931s] INFO:colcon.colcon_core.shell:Creating package script '/home/robin/robotic_arm/install/arduinobot_controller/share/arduinobot_controller/package.zsh'
[0.931s] Level 1:colcon.colcon_core.environment:create_file_with_runtime_dependencies(/home/robin/robotic_arm/install/arduinobot_controller/share/colcon-core/packages/arduinobot_controller)
[0.958s] Level 1:colcon.colcon_core.environment:create_environment_scripts_only(arduinobot_controller)
[0.958s] Level 1:colcon.colcon_core.environment:checking '/home/robin/robotic_arm/install/arduinobot_controller' for CMake module files
[0.959s] Level 1:colcon.colcon_core.environment:checking '/home/robin/robotic_arm/install/arduinobot_controller' for CMake config files
[0.959s] Level 1:colcon.colcon_core.shell:create_environment_hook('arduinobot_controller', 'cmake_prefix_path')
[0.959s] INFO:colcon.colcon_core.shell:Creating environment hook '/home/robin/robotic_arm/install/arduinobot_controller/share/arduinobot_controller/hook/cmake_prefix_path.ps1'
[0.959s] INFO:colcon.colcon_core.shell:Creating environment descriptor '/home/robin/robotic_arm/install/arduinobot_controller/share/arduinobot_controller/hook/cmake_prefix_path.dsv'
[0.960s] INFO:colcon.colcon_core.shell:Creating environment hook '/home/robin/robotic_arm/install/arduinobot_controller/share/arduinobot_controller/hook/cmake_prefix_path.sh'
[0.960s] Level 1:colcon.colcon_core.environment:checking '/home/robin/robotic_arm/install/arduinobot_controller/lib'
[0.960s] Level 1:colcon.colcon_core.environment:checking '/home/robin/robotic_arm/install/arduinobot_controller/bin'
[0.960s] Level 1:colcon.colcon_core.environment:checking '/home/robin/robotic_arm/install/arduinobot_controller/lib/pkgconfig/arduinobot_controller.pc'
[0.960s] Level 1:colcon.colcon_core.environment:checking '/home/robin/robotic_arm/install/arduinobot_controller/lib/python3.10/site-packages'
[0.960s] Level 1:colcon.colcon_core.environment:checking '/home/robin/robotic_arm/install/arduinobot_controller/bin'
[0.961s] INFO:colcon.colcon_core.shell:Creating package script '/home/robin/robotic_arm/install/arduinobot_controller/share/arduinobot_controller/package.ps1'
[0.961s] INFO:colcon.colcon_core.shell:Creating package descriptor '/home/robin/robotic_arm/install/arduinobot_controller/share/arduinobot_controller/package.dsv'
[0.961s] INFO:colcon.colcon_core.shell:Creating package script '/home/robin/robotic_arm/install/arduinobot_controller/share/arduinobot_controller/package.sh'
[0.962s] INFO:colcon.colcon_core.shell:Creating package script '/home/robin/robotic_arm/install/arduinobot_controller/share/arduinobot_controller/package.bash'
[0.962s] INFO:colcon.colcon_core.shell:Creating package script '/home/robin/robotic_arm/install/arduinobot_controller/share/arduinobot_controller/package.zsh'
[0.962s] Level 1:colcon.colcon_core.environment:create_file_with_runtime_dependencies(/home/robin/robotic_arm/install/arduinobot_controller/share/colcon-core/packages/arduinobot_controller)
[0.962s] DEBUG:colcon.colcon_parallel_executor.executor.parallel:closing loop
[0.963s] DEBUG:colcon.colcon_parallel_executor.executor.parallel:loop closed
[0.963s] DEBUG:colcon.colcon_parallel_executor.executor.parallel:run_until_complete finished with '0'
[0.963s] DEBUG:colcon.colcon_core.event_reactor:joining thread
[0.968s] INFO:colcon.colcon_core.plugin_system:Skipping extension 'colcon_notification.desktop_notification.terminal_notifier': Not used on non-Darwin systems
[0.968s] INFO:colcon.colcon_core.plugin_system:Skipping extension 'colcon_notification.desktop_notification.win32': Not used on non-Windows systems
[0.968s] INFO:colcon.colcon_notification.desktop_notification:Sending desktop notification using 'notify2'
[0.974s] DEBUG:colcon.colcon_core.event_reactor:joined thread
[0.974s] INFO:colcon.colcon_core.shell:Creating prefix script '/home/robin/robotic_arm/install/local_setup.ps1'
[0.975s] INFO:colcon.colcon_core.shell:Creating prefix util module '/home/robin/robotic_arm/install/_local_setup_util_ps1.py'
[0.976s] INFO:colcon.colcon_core.shell:Creating prefix chain script '/home/robin/robotic_arm/install/setup.ps1'
[0.978s] INFO:colcon.colcon_core.shell:Creating prefix script '/home/robin/robotic_arm/install/local_setup.sh'
[0.979s] INFO:colcon.colcon_core.shell:Creating prefix util module '/home/robin/robotic_arm/install/_local_setup_util_sh.py'
[0.979s] INFO:colcon.colcon_core.shell:Creating prefix chain script '/home/robin/robotic_arm/install/setup.sh'
[0.981s] INFO:colcon.colcon_core.shell:Creating prefix script '/home/robin/robotic_arm/install/local_setup.bash'
[0.982s] INFO:colcon.colcon_core.shell:Creating prefix chain script '/home/robin/robotic_arm/install/setup.bash'
[0.984s] INFO:colcon.colcon_core.shell:Creating prefix script '/home/robin/robotic_arm/install/local_setup.zsh'
[0.984s] INFO:colcon.colcon_core.shell:Creating prefix chain script '/home/robin/robotic_arm/install/setup.zsh'
