-- The C compiler identification is GNU 11.4.0
-- The CXX compiler identification is GNU 11.4.0
-- Detecting C compiler ABI info
-- Detecting C compiler ABI info - done
-- Check for working C compiler: /usr/bin/cc - skipped
-- Detecting C compile features
-- Detecting C compile features - done
-- Detecting CXX compiler ABI info
-- Detecting CXX compiler ABI info - done
-- Check for working CXX compiler: /usr/bin/c++ - skipped
-- Detecting CXX compile features
-- Detecting CXX compile features - done
-- Found ament_cmake: 1.3.10 (/opt/ros/humble/share/ament_cmake/cmake)
-- Found Python3: /usr/bin/python3 (found version "3.10.12") found components: Interpreter 
-- Found trajectory_msgs: 4.2.4 (/opt/ros/humble/share/trajectory_msgs/cmake)
-- Found rosidl_generator_c: 3.1.5 (/opt/ros/humble/share/rosidl_generator_c/cmake)
-- Found rosidl_adapter: 3.1.5 (/opt/ros/humble/share/rosidl_adapter/cmake)
-- Found rosidl_generator_cpp: 3.1.5 (/opt/ros/humble/share/rosidl_generator_cpp/cmake)
-- Using all available rosidl_typesupport_c: rosidl_typesupport_fastrtps_c;rosidl_typesupport_introspection_c
-- Using all available rosidl_typesupport_cpp: rosidl_typesupport_fastrtps_cpp;rosidl_typesupport_introspection_cpp
-- Found sensor_msgs: 4.2.4 (/opt/ros/humble/share/sensor_msgs/cmake)
-- Found rclcpp: 16.0.10 (/opt/ros/humble/share/rclcpp/cmake)
-- Found rmw_implementation_cmake: 6.1.2 (/opt/ros/humble/share/rmw_implementation_cmake/cmake)
-- Found rmw_cyclonedds_cpp: 1.3.4 (/opt/ros/humble/share/rmw_cyclonedds_cpp/cmake)
-- Using RMW implementation 'rmw_cyclonedds_cpp' as default
-- Looking for pthread.h
-- Looking for pthread.h - found
-- Performing Test CMAKE_HAVE_LIBC_PTHREAD
-- Performing Test CMAKE_HAVE_LIBC_PTHREAD - Success
-- Found Threads: TRUE  
-- Found rclpy: 3.3.14 (/opt/ros/humble/share/rclpy/cmake)
-- Configuring done
-- Generating done
-- Build files have been written to: /home/robin/robotic_arm/build/arduinobot_controller
[ 50%] [32mBuilding CXX object CMakeFiles/slider_control.dir/src/slider_control.cpp.o[0m
[ 50%] Built target ament_cmake_python_copy_arduinobot_controller
running egg_info
creating arduinobot_controller.egg-info
writing arduinobot_controller.egg-info/PKG-INFO
writing dependency_links to arduinobot_controller.egg-info/dependency_links.txt
writing top-level names to arduinobot_controller.egg-info/top_level.txt
writing manifest file 'arduinobot_controller.egg-info/SOURCES.txt'
reading manifest file 'arduinobot_controller.egg-info/SOURCES.txt'
writing manifest file 'arduinobot_controller.egg-info/SOURCES.txt'
[ 50%] Built target ament_cmake_python_build_arduinobot_controller_egg
[100%] [32m[1mLinking CXX executable slider_control[0m
[100%] Built target slider_control
-- Install configuration: ""
-- Installing: /home/robin/robotic_arm/install/arduinobot_controller/share/arduinobot_controller/environment/pythonpath.sh
-- Installing: /home/robin/robotic_arm/install/arduinobot_controller/share/arduinobot_controller/environment/pythonpath.dsv
-- Installing: /home/robin/robotic_arm/install/arduinobot_controller/local/lib/python3.10/dist-packages/arduinobot_controller-0.0.0-py3.10.egg-info
-- Installing: /home/robin/robotic_arm/install/arduinobot_controller/local/lib/python3.10/dist-packages/arduinobot_controller-0.0.0-py3.10.egg-info/SOURCES.txt
-- Installing: /home/robin/robotic_arm/install/arduinobot_controller/local/lib/python3.10/dist-packages/arduinobot_controller-0.0.0-py3.10.egg-info/top_level.txt
-- Installing: /home/robin/robotic_arm/install/arduinobot_controller/local/lib/python3.10/dist-packages/arduinobot_controller-0.0.0-py3.10.egg-info/dependency_links.txt
-- Installing: /home/robin/robotic_arm/install/arduinobot_controller/local/lib/python3.10/dist-packages/arduinobot_controller-0.0.0-py3.10.egg-info/PKG-INFO
-- Installing: /home/robin/robotic_arm/install/arduinobot_controller/local/lib/python3.10/dist-packages/arduinobot_controller
-- Installing: /home/robin/robotic_arm/install/arduinobot_controller/local/lib/python3.10/dist-packages/arduinobot_controller/slider_control.py
-- Installing: /home/robin/robotic_arm/install/arduinobot_controller/local/lib/python3.10/dist-packages/arduinobot_controller/__init__.py
Listing '/home/robin/robotic_arm/install/arduinobot_controller/local/lib/python3.10/dist-packages/arduinobot_controller'...
Compiling '/home/robin/robotic_arm/install/arduinobot_controller/local/lib/python3.10/dist-packages/arduinobot_controller/__init__.py'...
Compiling '/home/robin/robotic_arm/install/arduinobot_controller/local/lib/python3.10/dist-packages/arduinobot_controller/slider_control.py'...
-- Installing: /home/robin/robotic_arm/install/arduinobot_controller/lib/arduinobot_controller/slider_control
-- Set runtime path of "/home/robin/robotic_arm/install/arduinobot_controller/lib/arduinobot_controller/slider_control" to ""
-- Installing: /home/robin/robotic_arm/install/arduinobot_controller/share/arduinobot_controller/launch
-- Installing: /home/robin/robotic_arm/install/arduinobot_controller/share/arduinobot_controller/launch/slider_controller.launch.py
-- Installing: /home/robin/robotic_arm/install/arduinobot_controller/share/arduinobot_controller/launch/controller.launch.py
-- Installing: /home/robin/robotic_arm/install/arduinobot_controller/share/arduinobot_controller/config
-- Installing: /home/robin/robotic_arm/install/arduinobot_controller/share/arduinobot_controller/config/arduinobot_controllers.yaml
-- Installing: /home/robin/robotic_arm/install/arduinobot_controller/lib/arduinobot_controller/slider_control.py
-- Installing: /home/robin/robotic_arm/install/arduinobot_controller/share/ament_index/resource_index/package_run_dependencies/arduinobot_controller
-- Installing: /home/robin/robotic_arm/install/arduinobot_controller/share/ament_index/resource_index/parent_prefix_path/arduinobot_controller
-- Installing: /home/robin/robotic_arm/install/arduinobot_controller/share/arduinobot_controller/environment/ament_prefix_path.sh
-- Installing: /home/robin/robotic_arm/install/arduinobot_controller/share/arduinobot_controller/environment/ament_prefix_path.dsv
-- Installing: /home/robin/robotic_arm/install/arduinobot_controller/share/arduinobot_controller/environment/path.sh
-- Installing: /home/robin/robotic_arm/install/arduinobot_controller/share/arduinobot_controller/environment/path.dsv
-- Installing: /home/robin/robotic_arm/install/arduinobot_controller/share/arduinobot_controller/local_setup.bash
-- Installing: /home/robin/robotic_arm/install/arduinobot_controller/share/arduinobot_controller/local_setup.sh
-- Installing: /home/robin/robotic_arm/install/arduinobot_controller/share/arduinobot_controller/local_setup.zsh
-- Installing: /home/robin/robotic_arm/install/arduinobot_controller/share/arduinobot_controller/local_setup.dsv
-- Installing: /home/robin/robotic_arm/install/arduinobot_controller/share/arduinobot_controller/package.dsv
-- Installing: /home/robin/robotic_arm/install/arduinobot_controller/share/ament_index/resource_index/packages/arduinobot_controller
-- Installing: /home/robin/robotic_arm/install/arduinobot_controller/share/arduinobot_controller/cmake/arduinobot_controllerConfig.cmake
-- Installing: /home/robin/robotic_arm/install/arduinobot_controller/share/arduinobot_controller/cmake/arduinobot_controllerConfig-version.cmake
-- Installing: /home/robin/robotic_arm/install/arduinobot_controller/share/arduinobot_controller/package.xml
