[0.020s] Invoking command in '/home/robin/robotic_arm/build/arduinobot_controller': CMAKE_PREFIX_PATH=${CMAKE_PREFIX_PATH}:/home/robin/opencv_ros2/install/ros2_opencv:/home/robin/colcon_ws/install/ur5_control:/home/robin/colcon_ws/install/eYantra_Turtle:/home/robin/Robotics-and-ROS-2-Learn-by-Doing-Manipulators/Section5_Control/arduinobot_ws/install/arduinobot_py_examples:/home/robin/Robotics-and-ROS-2-Learn-by-Doing-Manipulators/Section4_Digital_Twin/arduinobot_ws/install/arduinobot_py_examples:/home/robin/Self-Driving-and-ROS-2-Learn-by-Doing-Odometry-Control/Section7_Differential_Kinematics/bumperbot_ws/install/bumperbot_py_examples:/home/robin/Self-Driving-and-ROS-2-Learn-by-Doing-Odometry-Control/Section6_Kinematics/bumperbot_ws/install/bumperbot_py_examples:/home/robin/Self-Driving-and-ROS-2-Learn-by-Doing-Odometry-Control/Section5_Control/bumperbot_ws/install/bumperbot_py_examples:/home/robin/Self-Driving-and-ROS-2-Learn-by-Doing-Odometry-Control/Section4_Locomotion/bumperbot_ws/install/bumperbot_py_examples:/opt/ros/humble /usr/bin/cmake /home/robin/robotic_arm/src/arduinobot_controller -DCMAKE_INSTALL_PREFIX=/home/robin/robotic_arm/install/arduinobot_controller
[0.112s] -- The C compiler identification is GNU 11.4.0
[0.201s] -- The CXX compiler identification is GNU 11.4.0
[0.210s] -- Detecting C compiler ABI info
[0.273s] -- Detecting C compiler ABI info - done
[0.278s] -- Check for working C compiler: /usr/bin/cc - skipped
[0.278s] -- Detecting C compile features
[0.279s] -- Detecting C compile features - done
[0.281s] -- Detecting CXX compiler ABI info
[0.353s] -- Detecting CXX compiler ABI info - done
[0.358s] -- Check for working CXX compiler: /usr/bin/c++ - skipped
[0.359s] -- Detecting CXX compile features
[0.359s] -- Detecting CXX compile features - done
[0.369s] -- Found ament_cmake: 1.3.10 (/opt/ros/humble/share/ament_cmake/cmake)
[0.514s] -- Found Python3: /usr/bin/python3 (found version "3.10.12") found components: Interpreter 
[0.658s] -- Found trajectory_msgs: 4.2.4 (/opt/ros/humble/share/trajectory_msgs/cmake)
[0.733s] -- Found rosidl_generator_c: 3.1.5 (/opt/ros/humble/share/rosidl_generator_c/cmake)
[0.747s] -- Found rosidl_adapter: 3.1.5 (/opt/ros/humble/share/rosidl_adapter/cmake)
[0.765s] -- Found rosidl_generator_cpp: 3.1.5 (/opt/ros/humble/share/rosidl_generator_cpp/cmake)
[0.787s] -- Using all available rosidl_typesupport_c: rosidl_typesupport_fastrtps_c;rosidl_typesupport_introspection_c
[0.817s] -- Using all available rosidl_typesupport_cpp: rosidl_typesupport_fastrtps_cpp;rosidl_typesupport_introspection_cpp
[0.897s] -- Found sensor_msgs: 4.2.4 (/opt/ros/humble/share/sensor_msgs/cmake)
[0.918s] -- Found rclcpp: 16.0.10 (/opt/ros/humble/share/rclcpp/cmake)
[0.999s] -- Found rmw_implementation_cmake: 6.1.2 (/opt/ros/humble/share/rmw_implementation_cmake/cmake)
[1.007s] -- Found rmw_cyclonedds_cpp: 1.3.4 (/opt/ros/humble/share/rmw_cyclonedds_cpp/cmake)
[1.054s] -- Using RMW implementation 'rmw_cyclonedds_cpp' as default
[1.077s] -- Looking for pthread.h
[1.147s] -- Looking for pthread.h - found
[1.148s] -- Performing Test CMAKE_HAVE_LIBC_PTHREAD
[1.211s] -- Performing Test CMAKE_HAVE_LIBC_PTHREAD - Success
[1.212s] -- Found Threads: TRUE  
[1.265s] -- Found rclpy: 3.3.14 (/opt/ros/humble/share/rclpy/cmake)
[1.392s] -- Configuring done
[1.401s] -- Generating done
[1.402s] -- Build files have been written to: /home/robin/robotic_arm/build/arduinobot_controller
[1.409s] Invoked command in '/home/robin/robotic_arm/build/arduinobot_controller' returned '0': CMAKE_PREFIX_PATH=${CMAKE_PREFIX_PATH}:/home/robin/opencv_ros2/install/ros2_opencv:/home/robin/colcon_ws/install/ur5_control:/home/robin/colcon_ws/install/eYantra_Turtle:/home/robin/Robotics-and-ROS-2-Learn-by-Doing-Manipulators/Section5_Control/arduinobot_ws/install/arduinobot_py_examples:/home/robin/Robotics-and-ROS-2-Learn-by-Doing-Manipulators/Section4_Digital_Twin/arduinobot_ws/install/arduinobot_py_examples:/home/robin/Self-Driving-and-ROS-2-Learn-by-Doing-Odometry-Control/Section7_Differential_Kinematics/bumperbot_ws/install/bumperbot_py_examples:/home/robin/Self-Driving-and-ROS-2-Learn-by-Doing-Odometry-Control/Section6_Kinematics/bumperbot_ws/install/bumperbot_py_examples:/home/robin/Self-Driving-and-ROS-2-Learn-by-Doing-Odometry-Control/Section5_Control/bumperbot_ws/install/bumperbot_py_examples:/home/robin/Self-Driving-and-ROS-2-Learn-by-Doing-Odometry-Control/Section4_Locomotion/bumperbot_ws/install/bumperbot_py_examples:/opt/ros/humble /usr/bin/cmake /home/robin/robotic_arm/src/arduinobot_controller -DCMAKE_INSTALL_PREFIX=/home/robin/robotic_arm/install/arduinobot_controller
[1.410s] Invoking command in '/home/robin/robotic_arm/build/arduinobot_controller': CMAKE_PREFIX_PATH=${CMAKE_PREFIX_PATH}:/home/robin/opencv_ros2/install/ros2_opencv:/home/robin/colcon_ws/install/ur5_control:/home/robin/colcon_ws/install/eYantra_Turtle:/home/robin/Robotics-and-ROS-2-Learn-by-Doing-Manipulators/Section5_Control/arduinobot_ws/install/arduinobot_py_examples:/home/robin/Robotics-and-ROS-2-Learn-by-Doing-Manipulators/Section4_Digital_Twin/arduinobot_ws/install/arduinobot_py_examples:/home/robin/Self-Driving-and-ROS-2-Learn-by-Doing-Odometry-Control/Section7_Differential_Kinematics/bumperbot_ws/install/bumperbot_py_examples:/home/robin/Self-Driving-and-ROS-2-Learn-by-Doing-Odometry-Control/Section6_Kinematics/bumperbot_ws/install/bumperbot_py_examples:/home/robin/Self-Driving-and-ROS-2-Learn-by-Doing-Odometry-Control/Section5_Control/bumperbot_ws/install/bumperbot_py_examples:/home/robin/Self-Driving-and-ROS-2-Learn-by-Doing-Odometry-Control/Section4_Locomotion/bumperbot_ws/install/bumperbot_py_examples:/opt/ros/humble /usr/bin/cmake --build /home/robin/robotic_arm/build/arduinobot_controller -- -j12 -l12
[1.456s] [ 50%] [32mBuilding CXX object CMakeFiles/slider_control.dir/src/slider_control.cpp.o[0m
[1.464s] [ 50%] Built target ament_cmake_python_copy_arduinobot_controller
[1.684s] running egg_info
[1.684s] creating arduinobot_controller.egg-info
[1.685s] writing arduinobot_controller.egg-info/PKG-INFO
[1.685s] writing dependency_links to arduinobot_controller.egg-info/dependency_links.txt
[1.685s] writing top-level names to arduinobot_controller.egg-info/top_level.txt
[1.685s] writing manifest file 'arduinobot_controller.egg-info/SOURCES.txt'
[1.687s] reading manifest file 'arduinobot_controller.egg-info/SOURCES.txt'
[1.687s] writing manifest file 'arduinobot_controller.egg-info/SOURCES.txt'
[1.710s] [ 50%] Built target ament_cmake_python_build_arduinobot_controller_egg
[7.715s] [100%] [32m[1mLinking CXX executable slider_control[0m
[8.000s] [100%] Built target slider_control
[8.010s] Invoked command in '/home/robin/robotic_arm/build/arduinobot_controller' returned '0': CMAKE_PREFIX_PATH=${CMAKE_PREFIX_PATH}:/home/robin/opencv_ros2/install/ros2_opencv:/home/robin/colcon_ws/install/ur5_control:/home/robin/colcon_ws/install/eYantra_Turtle:/home/robin/Robotics-and-ROS-2-Learn-by-Doing-Manipulators/Section5_Control/arduinobot_ws/install/arduinobot_py_examples:/home/robin/Robotics-and-ROS-2-Learn-by-Doing-Manipulators/Section4_Digital_Twin/arduinobot_ws/install/arduinobot_py_examples:/home/robin/Self-Driving-and-ROS-2-Learn-by-Doing-Odometry-Control/Section7_Differential_Kinematics/bumperbot_ws/install/bumperbot_py_examples:/home/robin/Self-Driving-and-ROS-2-Learn-by-Doing-Odometry-Control/Section6_Kinematics/bumperbot_ws/install/bumperbot_py_examples:/home/robin/Self-Driving-and-ROS-2-Learn-by-Doing-Odometry-Control/Section5_Control/bumperbot_ws/install/bumperbot_py_examples:/home/robin/Self-Driving-and-ROS-2-Learn-by-Doing-Odometry-Control/Section4_Locomotion/bumperbot_ws/install/bumperbot_py_examples:/opt/ros/humble /usr/bin/cmake --build /home/robin/robotic_arm/build/arduinobot_controller -- -j12 -l12
[8.037s] Invoking command in '/home/robin/robotic_arm/build/arduinobot_controller': CMAKE_PREFIX_PATH=${CMAKE_PREFIX_PATH}:/home/robin/opencv_ros2/install/ros2_opencv:/home/robin/colcon_ws/install/ur5_control:/home/robin/colcon_ws/install/eYantra_Turtle:/home/robin/Robotics-and-ROS-2-Learn-by-Doing-Manipulators/Section5_Control/arduinobot_ws/install/arduinobot_py_examples:/home/robin/Robotics-and-ROS-2-Learn-by-Doing-Manipulators/Section4_Digital_Twin/arduinobot_ws/install/arduinobot_py_examples:/home/robin/Self-Driving-and-ROS-2-Learn-by-Doing-Odometry-Control/Section7_Differential_Kinematics/bumperbot_ws/install/bumperbot_py_examples:/home/robin/Self-Driving-and-ROS-2-Learn-by-Doing-Odometry-Control/Section6_Kinematics/bumperbot_ws/install/bumperbot_py_examples:/home/robin/Self-Driving-and-ROS-2-Learn-by-Doing-Odometry-Control/Section5_Control/bumperbot_ws/install/bumperbot_py_examples:/home/robin/Self-Driving-and-ROS-2-Learn-by-Doing-Odometry-Control/Section4_Locomotion/bumperbot_ws/install/bumperbot_py_examples:/opt/ros/humble /usr/bin/cmake --install /home/robin/robotic_arm/build/arduinobot_controller
[8.044s] -- Install configuration: ""
[8.044s] -- Installing: /home/robin/robotic_arm/install/arduinobot_controller/share/arduinobot_controller/environment/pythonpath.sh
[8.045s] -- Installing: /home/robin/robotic_arm/install/arduinobot_controller/share/arduinobot_controller/environment/pythonpath.dsv
[8.045s] -- Installing: /home/robin/robotic_arm/install/arduinobot_controller/local/lib/python3.10/dist-packages/arduinobot_controller-0.0.0-py3.10.egg-info
[8.045s] -- Installing: /home/robin/robotic_arm/install/arduinobot_controller/local/lib/python3.10/dist-packages/arduinobot_controller-0.0.0-py3.10.egg-info/SOURCES.txt
[8.045s] -- Installing: /home/robin/robotic_arm/install/arduinobot_controller/local/lib/python3.10/dist-packages/arduinobot_controller-0.0.0-py3.10.egg-info/top_level.txt
[8.045s] -- Installing: /home/robin/robotic_arm/install/arduinobot_controller/local/lib/python3.10/dist-packages/arduinobot_controller-0.0.0-py3.10.egg-info/dependency_links.txt
[8.045s] -- Installing: /home/robin/robotic_arm/install/arduinobot_controller/local/lib/python3.10/dist-packages/arduinobot_controller-0.0.0-py3.10.egg-info/PKG-INFO
[8.045s] -- Installing: /home/robin/robotic_arm/install/arduinobot_controller/local/lib/python3.10/dist-packages/arduinobot_controller
[8.045s] -- Installing: /home/robin/robotic_arm/install/arduinobot_controller/local/lib/python3.10/dist-packages/arduinobot_controller/slider_control.py
[8.046s] -- Installing: /home/robin/robotic_arm/install/arduinobot_controller/local/lib/python3.10/dist-packages/arduinobot_controller/__init__.py
[8.076s] Listing '/home/robin/robotic_arm/install/arduinobot_controller/local/lib/python3.10/dist-packages/arduinobot_controller'...
[8.076s] Compiling '/home/robin/robotic_arm/install/arduinobot_controller/local/lib/python3.10/dist-packages/arduinobot_controller/__init__.py'...
[8.076s] Compiling '/home/robin/robotic_arm/install/arduinobot_controller/local/lib/python3.10/dist-packages/arduinobot_controller/slider_control.py'...
[8.080s] -- Installing: /home/robin/robotic_arm/install/arduinobot_controller/lib/arduinobot_controller/slider_control
[8.083s] -- Set runtime path of "/home/robin/robotic_arm/install/arduinobot_controller/lib/arduinobot_controller/slider_control" to ""
[8.083s] -- Installing: /home/robin/robotic_arm/install/arduinobot_controller/share/arduinobot_controller/launch
[8.083s] -- Installing: /home/robin/robotic_arm/install/arduinobot_controller/share/arduinobot_controller/launch/slider_controller.launch.py
[8.083s] -- Installing: /home/robin/robotic_arm/install/arduinobot_controller/share/arduinobot_controller/launch/controller.launch.py
[8.083s] -- Installing: /home/robin/robotic_arm/install/arduinobot_controller/share/arduinobot_controller/config
[8.083s] -- Installing: /home/robin/robotic_arm/install/arduinobot_controller/share/arduinobot_controller/config/arduinobot_controllers.yaml
[8.083s] -- Installing: /home/robin/robotic_arm/install/arduinobot_controller/lib/arduinobot_controller/slider_control.py
[8.084s] -- Installing: /home/robin/robotic_arm/install/arduinobot_controller/share/ament_index/resource_index/package_run_dependencies/arduinobot_controller
[8.084s] -- Installing: /home/robin/robotic_arm/install/arduinobot_controller/share/ament_index/resource_index/parent_prefix_path/arduinobot_controller
[8.084s] -- Installing: /home/robin/robotic_arm/install/arduinobot_controller/share/arduinobot_controller/environment/ament_prefix_path.sh
[8.084s] -- Installing: /home/robin/robotic_arm/install/arduinobot_controller/share/arduinobot_controller/environment/ament_prefix_path.dsv
[8.084s] -- Installing: /home/robin/robotic_arm/install/arduinobot_controller/share/arduinobot_controller/environment/path.sh
[8.084s] -- Installing: /home/robin/robotic_arm/install/arduinobot_controller/share/arduinobot_controller/environment/path.dsv
[8.084s] -- Installing: /home/robin/robotic_arm/install/arduinobot_controller/share/arduinobot_controller/local_setup.bash
[8.085s] -- Installing: /home/robin/robotic_arm/install/arduinobot_controller/share/arduinobot_controller/local_setup.sh
[8.085s] -- Installing: /home/robin/robotic_arm/install/arduinobot_controller/share/arduinobot_controller/local_setup.zsh
[8.085s] -- Installing: /home/robin/robotic_arm/install/arduinobot_controller/share/arduinobot_controller/local_setup.dsv
[8.085s] -- Installing: /home/robin/robotic_arm/install/arduinobot_controller/share/arduinobot_controller/package.dsv
[8.085s] -- Installing: /home/robin/robotic_arm/install/arduinobot_controller/share/ament_index/resource_index/packages/arduinobot_controller
[8.085s] -- Installing: /home/robin/robotic_arm/install/arduinobot_controller/share/arduinobot_controller/cmake/arduinobot_controllerConfig.cmake
[8.085s] -- Installing: /home/robin/robotic_arm/install/arduinobot_controller/share/arduinobot_controller/cmake/arduinobot_controllerConfig-version.cmake
[8.085s] -- Installing: /home/robin/robotic_arm/install/arduinobot_controller/share/arduinobot_controller/package.xml
[8.087s] Invoked command in '/home/robin/robotic_arm/build/arduinobot_controller' returned '0': CMAKE_PREFIX_PATH=${CMAKE_PREFIX_PATH}:/home/robin/opencv_ros2/install/ros2_opencv:/home/robin/colcon_ws/install/ur5_control:/home/robin/colcon_ws/install/eYantra_Turtle:/home/robin/Robotics-and-ROS-2-Learn-by-Doing-Manipulators/Section5_Control/arduinobot_ws/install/arduinobot_py_examples:/home/robin/Robotics-and-ROS-2-Learn-by-Doing-Manipulators/Section4_Digital_Twin/arduinobot_ws/install/arduinobot_py_examples:/home/robin/Self-Driving-and-ROS-2-Learn-by-Doing-Odometry-Control/Section7_Differential_Kinematics/bumperbot_ws/install/bumperbot_py_examples:/home/robin/Self-Driving-and-ROS-2-Learn-by-Doing-Odometry-Control/Section6_Kinematics/bumperbot_ws/install/bumperbot_py_examples:/home/robin/Self-Driving-and-ROS-2-Learn-by-Doing-Odometry-Control/Section5_Control/bumperbot_ws/install/bumperbot_py_examples:/home/robin/Self-Driving-and-ROS-2-Learn-by-Doing-Odometry-Control/Section4_Locomotion/bumperbot_ws/install/bumperbot_py_examples:/opt/ros/humble /usr/bin/cmake --install /home/robin/robotic_arm/build/arduinobot_controller
