[0.017s] Invoking command in '/home/robin/robotic_arm/build/arduinobot_moveit': CMAKE_PREFIX_PATH=${CMAKE_PREFIX_PATH}:/home/robin/opencv_ros2/install/ros2_opencv:/home/robin/colcon_ws/install/ur5_control:/home/robin/colcon_ws/install/eYantra_Turtle:/home/robin/Robotics-and-ROS-2-Learn-by-Doing-Manipulators/Section5_Control/arduinobot_ws/install/arduinobot_py_examples:/home/robin/Robotics-and-ROS-2-Learn-by-Doing-Manipulators/Section4_Digital_Twin/arduinobot_ws/install/arduinobot_py_examples:/home/robin/Self-Driving-and-ROS-2-Learn-by-Doing-Odometry-Control/Section7_Differential_Kinematics/bumperbot_ws/install/bumperbot_py_examples:/home/robin/Self-Driving-and-ROS-2-Learn-by-Doing-Odometry-Control/Section6_Kinematics/bumperbot_ws/install/bumperbot_py_examples:/home/robin/Self-Driving-and-ROS-2-Learn-by-Doing-Odometry-Control/Section5_Control/bumperbot_ws/install/bumperbot_py_examples:/home/robin/Self-Driving-and-ROS-2-Learn-by-Doing-Odometry-Control/Section4_Locomotion/bumperbot_ws/install/bumperbot_py_examples:/opt/ros/humble /usr/bin/cmake --build /home/robin/robotic_arm/build/arduinobot_moveit -- -j12 -l12
[0.048s] Invoked command in '/home/robin/robotic_arm/build/arduinobot_moveit' returned '0': CMAKE_PREFIX_PATH=${CMAKE_PREFIX_PATH}:/home/robin/opencv_ros2/install/ros2_opencv:/home/robin/colcon_ws/install/ur5_control:/home/robin/colcon_ws/install/eYantra_Turtle:/home/robin/Robotics-and-ROS-2-Learn-by-Doing-Manipulators/Section5_Control/arduinobot_ws/install/arduinobot_py_examples:/home/robin/Robotics-and-ROS-2-Learn-by-Doing-Manipulators/Section4_Digital_Twin/arduinobot_ws/install/arduinobot_py_examples:/home/robin/Self-Driving-and-ROS-2-Learn-by-Doing-Odometry-Control/Section7_Differential_Kinematics/bumperbot_ws/install/bumperbot_py_examples:/home/robin/Self-Driving-and-ROS-2-Learn-by-Doing-Odometry-Control/Section6_Kinematics/bumperbot_ws/install/bumperbot_py_examples:/home/robin/Self-Driving-and-ROS-2-Learn-by-Doing-Odometry-Control/Section5_Control/bumperbot_ws/install/bumperbot_py_examples:/home/robin/Self-Driving-and-ROS-2-Learn-by-Doing-Odometry-Control/Section4_Locomotion/bumperbot_ws/install/bumperbot_py_examples:/opt/ros/humble /usr/bin/cmake --build /home/robin/robotic_arm/build/arduinobot_moveit -- -j12 -l12
[0.077s] Invoking command in '/home/robin/robotic_arm/build/arduinobot_moveit': CMAKE_PREFIX_PATH=${CMAKE_PREFIX_PATH}:/home/robin/opencv_ros2/install/ros2_opencv:/home/robin/colcon_ws/install/ur5_control:/home/robin/colcon_ws/install/eYantra_Turtle:/home/robin/Robotics-and-ROS-2-Learn-by-Doing-Manipulators/Section5_Control/arduinobot_ws/install/arduinobot_py_examples:/home/robin/Robotics-and-ROS-2-Learn-by-Doing-Manipulators/Section4_Digital_Twin/arduinobot_ws/install/arduinobot_py_examples:/home/robin/Self-Driving-and-ROS-2-Learn-by-Doing-Odometry-Control/Section7_Differential_Kinematics/bumperbot_ws/install/bumperbot_py_examples:/home/robin/Self-Driving-and-ROS-2-Learn-by-Doing-Odometry-Control/Section6_Kinematics/bumperbot_ws/install/bumperbot_py_examples:/home/robin/Self-Driving-and-ROS-2-Learn-by-Doing-Odometry-Control/Section5_Control/bumperbot_ws/install/bumperbot_py_examples:/home/robin/Self-Driving-and-ROS-2-Learn-by-Doing-Odometry-Control/Section4_Locomotion/bumperbot_ws/install/bumperbot_py_examples:/opt/ros/humble /usr/bin/cmake --install /home/robin/robotic_arm/build/arduinobot_moveit
[0.087s] -- Install configuration: ""
[0.088s] -- Up-to-date: /home/robin/robotic_arm/install/arduinobot_moveit/share/arduinobot_moveit/launch
[0.088s] -- Up-to-date: /home/robin/robotic_arm/install/arduinobot_moveit/share/arduinobot_moveit/launch/moveit.launch.py
[0.088s] -- Up-to-date: /home/robin/robotic_arm/install/arduinobot_moveit/share/arduinobot_moveit/config
[0.088s] -- Up-to-date: /home/robin/robotic_arm/install/arduinobot_moveit/share/arduinobot_moveit/config/moveit_controllers.yaml
[0.088s] -- Up-to-date: /home/robin/robotic_arm/install/arduinobot_moveit/share/arduinobot_moveit/config/initial_positions.yaml
[0.088s] -- Up-to-date: /home/robin/robotic_arm/install/arduinobot_moveit/share/arduinobot_moveit/config/pilz_cartesian_limits.yaml
[0.089s] -- Up-to-date: /home/robin/robotic_arm/install/arduinobot_moveit/share/arduinobot_moveit/config/moveit.rviz
[0.089s] -- Up-to-date: /home/robin/robotic_arm/install/arduinobot_moveit/share/arduinobot_moveit/config/arduinobot.srdf
[0.089s] -- Up-to-date: /home/robin/robotic_arm/install/arduinobot_moveit/share/arduinobot_moveit/config/joint_limits.yaml
[0.089s] -- Up-to-date: /home/robin/robotic_arm/install/arduinobot_moveit/share/arduinobot_moveit/config/kinematics.yaml
[0.089s] -- Up-to-date: /home/robin/robotic_arm/install/arduinobot_moveit/share/ament_index/resource_index/package_run_dependencies/arduinobot_moveit
[0.089s] -- Up-to-date: /home/robin/robotic_arm/install/arduinobot_moveit/share/ament_index/resource_index/parent_prefix_path/arduinobot_moveit
[0.089s] -- Up-to-date: /home/robin/robotic_arm/install/arduinobot_moveit/share/arduinobot_moveit/environment/ament_prefix_path.sh
[0.090s] -- Up-to-date: /home/robin/robotic_arm/install/arduinobot_moveit/share/arduinobot_moveit/environment/ament_prefix_path.dsv
[0.090s] -- Up-to-date: /home/robin/robotic_arm/install/arduinobot_moveit/share/arduinobot_moveit/environment/path.sh
[0.090s] -- Up-to-date: /home/robin/robotic_arm/install/arduinobot_moveit/share/arduinobot_moveit/environment/path.dsv
[0.090s] -- Up-to-date: /home/robin/robotic_arm/install/arduinobot_moveit/share/arduinobot_moveit/local_setup.bash
[0.090s] -- Up-to-date: /home/robin/robotic_arm/install/arduinobot_moveit/share/arduinobot_moveit/local_setup.sh
[0.090s] -- Up-to-date: /home/robin/robotic_arm/install/arduinobot_moveit/share/arduinobot_moveit/local_setup.zsh
[0.090s] -- Up-to-date: /home/robin/robotic_arm/install/arduinobot_moveit/share/arduinobot_moveit/local_setup.dsv
[0.090s] -- Up-to-date: /home/robin/robotic_arm/install/arduinobot_moveit/share/arduinobot_moveit/package.dsv
[0.090s] -- Up-to-date: /home/robin/robotic_arm/install/arduinobot_moveit/share/ament_index/resource_index/packages/arduinobot_moveit
[0.090s] -- Up-to-date: /home/robin/robotic_arm/install/arduinobot_moveit/share/arduinobot_moveit/cmake/arduinobot_moveitConfig.cmake
[0.090s] -- Up-to-date: /home/robin/robotic_arm/install/arduinobot_moveit/share/arduinobot_moveit/cmake/arduinobot_moveitConfig-version.cmake
[0.091s] -- Up-to-date: /home/robin/robotic_arm/install/arduinobot_moveit/share/arduinobot_moveit/package.xml
[0.091s] Invoked command in '/home/robin/robotic_arm/build/arduinobot_moveit' returned '0': CMAKE_PREFIX_PATH=${CMAKE_PREFIX_PATH}:/home/robin/opencv_ros2/install/ros2_opencv:/home/robin/colcon_ws/install/ur5_control:/home/robin/colcon_ws/install/eYantra_Turtle:/home/robin/Robotics-and-ROS-2-Learn-by-Doing-Manipulators/Section5_Control/arduinobot_ws/install/arduinobot_py_examples:/home/robin/Robotics-and-ROS-2-Learn-by-Doing-Manipulators/Section4_Digital_Twin/arduinobot_ws/install/arduinobot_py_examples:/home/robin/Self-Driving-and-ROS-2-Learn-by-Doing-Odometry-Control/Section7_Differential_Kinematics/bumperbot_ws/install/bumperbot_py_examples:/home/robin/Self-Driving-and-ROS-2-Learn-by-Doing-Odometry-Control/Section6_Kinematics/bumperbot_ws/install/bumperbot_py_examples:/home/robin/Self-Driving-and-ROS-2-Learn-by-Doing-Odometry-Control/Section5_Control/bumperbot_ws/install/bumperbot_py_examples:/home/robin/Self-Driving-and-ROS-2-Learn-by-Doing-Odometry-Control/Section4_Locomotion/bumperbot_ws/install/bumperbot_py_examples:/opt/ros/humble /usr/bin/cmake --install /home/robin/robotic_arm/build/arduinobot_moveit
