[0.015s] Invoking command in '/home/robin/robotic_arm/build/arduinobot_description': CMAKE_PREFIX_PATH=${CMAKE_PREFIX_PATH}:/home/robin/colcon_ws/install/ur5_control:/home/robin/colcon_ws/install/eYantra_Turtle:/home/robin/Robotics-and-ROS-2-Learn-by-Doing-Manipulators/Section5_Control/arduinobot_ws/install/arduinobot_py_examples:/home/robin/Robotics-and-ROS-2-Learn-by-Doing-Manipulators/Section4_Digital_Twin/arduinobot_ws/install/arduinobot_py_examples:/home/robin/Self-Driving-and-ROS-2-Learn-by-Doing-Odometry-Control/Section7_Differential_Kinematics/bumperbot_ws/install/bumperbot_py_examples:/home/robin/Self-Driving-and-ROS-2-Learn-by-Doing-Odometry-Control/Section6_Kinematics/bumperbot_ws/install/bumperbot_py_examples:/home/robin/Self-Driving-and-ROS-2-Learn-by-Doing-Odometry-Control/Section5_Control/bumperbot_ws/install/bumperbot_py_examples:/home/robin/Self-Driving-and-ROS-2-Learn-by-Doing-Odometry-Control/Section4_Locomotion/bumperbot_ws/install/bumperbot_py_examples:/opt/ros/humble /usr/bin/cmake /home/robin/robotic_arm/src/arduinobot_description -DCMAKE_INSTALL_PREFIX=/home/robin/robotic_arm/install/arduinobot_description
[0.147s] -- The C compiler identification is GNU 11.4.0
[0.246s] -- The CXX compiler identification is GNU 11.4.0
[0.256s] -- Detecting C compiler ABI info
[0.330s] -- Detecting C compiler ABI info - done
[0.335s] -- Check for working C compiler: /usr/bin/cc - skipped
[0.335s] -- Detecting C compile features
[0.336s] -- Detecting C compile features - done
[0.339s] -- Detecting CXX compiler ABI info
[0.419s] -- Detecting CXX compiler ABI info - done
[0.424s] -- Check for working CXX compiler: /usr/bin/c++ - skipped
[0.425s] -- Detecting CXX compile features
[0.425s] -- Detecting CXX compile features - done
[0.437s] -- Found ament_cmake: 1.3.10 (/opt/ros/humble/share/ament_cmake/cmake)
[0.586s] -- Found Python3: /usr/bin/python3 (found version "3.10.12") found components: Interpreter 
[0.738s] -- Found urdf: 2.6.1 (/opt/ros/humble/share/urdf/cmake)
[0.843s] -- Found ament_lint_auto: 0.12.11 (/opt/ros/humble/share/ament_lint_auto/cmake)
[0.954s] -- Added test 'copyright' to check source files copyright and LICENSE
[0.959s] -- Added test 'flake8' to check Python code syntax and style conventions
[0.960s] -- Added test 'lint_cmake' to check CMake code style
[0.961s] -- Added test 'pep257' to check Python code against some of the docstring style conventions in PEP 257
[0.964s] -- Added test 'xmllint' to check XML markup files
[0.966s] -- Configuring done
[0.969s] -- Generating done
[0.970s] -- Build files have been written to: /home/robin/robotic_arm/build/arduinobot_description
[0.977s] Invoked command in '/home/robin/robotic_arm/build/arduinobot_description' returned '0': CMAKE_PREFIX_PATH=${CMAKE_PREFIX_PATH}:/home/robin/colcon_ws/install/ur5_control:/home/robin/colcon_ws/install/eYantra_Turtle:/home/robin/Robotics-and-ROS-2-Learn-by-Doing-Manipulators/Section5_Control/arduinobot_ws/install/arduinobot_py_examples:/home/robin/Robotics-and-ROS-2-Learn-by-Doing-Manipulators/Section4_Digital_Twin/arduinobot_ws/install/arduinobot_py_examples:/home/robin/Self-Driving-and-ROS-2-Learn-by-Doing-Odometry-Control/Section7_Differential_Kinematics/bumperbot_ws/install/bumperbot_py_examples:/home/robin/Self-Driving-and-ROS-2-Learn-by-Doing-Odometry-Control/Section6_Kinematics/bumperbot_ws/install/bumperbot_py_examples:/home/robin/Self-Driving-and-ROS-2-Learn-by-Doing-Odometry-Control/Section5_Control/bumperbot_ws/install/bumperbot_py_examples:/home/robin/Self-Driving-and-ROS-2-Learn-by-Doing-Odometry-Control/Section4_Locomotion/bumperbot_ws/install/bumperbot_py_examples:/opt/ros/humble /usr/bin/cmake /home/robin/robotic_arm/src/arduinobot_description -DCMAKE_INSTALL_PREFIX=/home/robin/robotic_arm/install/arduinobot_description
[0.979s] Invoking command in '/home/robin/robotic_arm/build/arduinobot_description': CMAKE_PREFIX_PATH=${CMAKE_PREFIX_PATH}:/home/robin/colcon_ws/install/ur5_control:/home/robin/colcon_ws/install/eYantra_Turtle:/home/robin/Robotics-and-ROS-2-Learn-by-Doing-Manipulators/Section5_Control/arduinobot_ws/install/arduinobot_py_examples:/home/robin/Robotics-and-ROS-2-Learn-by-Doing-Manipulators/Section4_Digital_Twin/arduinobot_ws/install/arduinobot_py_examples:/home/robin/Self-Driving-and-ROS-2-Learn-by-Doing-Odometry-Control/Section7_Differential_Kinematics/bumperbot_ws/install/bumperbot_py_examples:/home/robin/Self-Driving-and-ROS-2-Learn-by-Doing-Odometry-Control/Section6_Kinematics/bumperbot_ws/install/bumperbot_py_examples:/home/robin/Self-Driving-and-ROS-2-Learn-by-Doing-Odometry-Control/Section5_Control/bumperbot_ws/install/bumperbot_py_examples:/home/robin/Self-Driving-and-ROS-2-Learn-by-Doing-Odometry-Control/Section4_Locomotion/bumperbot_ws/install/bumperbot_py_examples:/opt/ros/humble /usr/bin/cmake --build /home/robin/robotic_arm/build/arduinobot_description -- -j12 -l12
[1.019s] Invoked command in '/home/robin/robotic_arm/build/arduinobot_description' returned '0': CMAKE_PREFIX_PATH=${CMAKE_PREFIX_PATH}:/home/robin/colcon_ws/install/ur5_control:/home/robin/colcon_ws/install/eYantra_Turtle:/home/robin/Robotics-and-ROS-2-Learn-by-Doing-Manipulators/Section5_Control/arduinobot_ws/install/arduinobot_py_examples:/home/robin/Robotics-and-ROS-2-Learn-by-Doing-Manipulators/Section4_Digital_Twin/arduinobot_ws/install/arduinobot_py_examples:/home/robin/Self-Driving-and-ROS-2-Learn-by-Doing-Odometry-Control/Section7_Differential_Kinematics/bumperbot_ws/install/bumperbot_py_examples:/home/robin/Self-Driving-and-ROS-2-Learn-by-Doing-Odometry-Control/Section6_Kinematics/bumperbot_ws/install/bumperbot_py_examples:/home/robin/Self-Driving-and-ROS-2-Learn-by-Doing-Odometry-Control/Section5_Control/bumperbot_ws/install/bumperbot_py_examples:/home/robin/Self-Driving-and-ROS-2-Learn-by-Doing-Odometry-Control/Section4_Locomotion/bumperbot_ws/install/bumperbot_py_examples:/opt/ros/humble /usr/bin/cmake --build /home/robin/robotic_arm/build/arduinobot_description -- -j12 -l12
[1.054s] Invoking command in '/home/robin/robotic_arm/build/arduinobot_description': CMAKE_PREFIX_PATH=${CMAKE_PREFIX_PATH}:/home/robin/colcon_ws/install/ur5_control:/home/robin/colcon_ws/install/eYantra_Turtle:/home/robin/Robotics-and-ROS-2-Learn-by-Doing-Manipulators/Section5_Control/arduinobot_ws/install/arduinobot_py_examples:/home/robin/Robotics-and-ROS-2-Learn-by-Doing-Manipulators/Section4_Digital_Twin/arduinobot_ws/install/arduinobot_py_examples:/home/robin/Self-Driving-and-ROS-2-Learn-by-Doing-Odometry-Control/Section7_Differential_Kinematics/bumperbot_ws/install/bumperbot_py_examples:/home/robin/Self-Driving-and-ROS-2-Learn-by-Doing-Odometry-Control/Section6_Kinematics/bumperbot_ws/install/bumperbot_py_examples:/home/robin/Self-Driving-and-ROS-2-Learn-by-Doing-Odometry-Control/Section5_Control/bumperbot_ws/install/bumperbot_py_examples:/home/robin/Self-Driving-and-ROS-2-Learn-by-Doing-Odometry-Control/Section4_Locomotion/bumperbot_ws/install/bumperbot_py_examples:/opt/ros/humble /usr/bin/cmake --install /home/robin/robotic_arm/build/arduinobot_description
[1.062s] -- Install configuration: ""
[1.062s] -- Installing: /home/robin/robotic_arm/install/arduinobot_description/share/arduinobot_description/launch
[1.062s] -- Installing: /home/robin/robotic_arm/install/arduinobot_description/share/arduinobot_description/launch/display.launch.py
[1.062s] -- Installing: /home/robin/robotic_arm/install/arduinobot_description/share/arduinobot_description/launch/gazebo.launch.py
[1.062s] -- Installing: /home/robin/robotic_arm/install/arduinobot_description/share/arduinobot_description/meshes
[1.062s] -- Installing: /home/robin/robotic_arm/install/arduinobot_description/share/arduinobot_description/meshes/left_finger.STL
[1.062s] -- Installing: /home/robin/robotic_arm/install/arduinobot_description/share/arduinobot_description/meshes/right_finger.STL
[1.063s] -- Installing: /home/robin/robotic_arm/install/arduinobot_description/share/arduinobot_description/meshes/servo_plate.STL
[1.063s] -- Installing: /home/robin/robotic_arm/install/arduinobot_description/share/arduinobot_description/meshes/vertical_drive_arm.STL
[1.064s] -- Installing: /home/robin/robotic_arm/install/arduinobot_description/share/arduinobot_description/meshes/basement.STL
[1.065s] -- Installing: /home/robin/robotic_arm/install/arduinobot_description/share/arduinobot_description/meshes/forward_drive_arm.STL
[1.068s] -- Installing: /home/robin/robotic_arm/install/arduinobot_description/share/arduinobot_description/meshes/plate.STL
[1.071s] -- Installing: /home/robin/robotic_arm/install/arduinobot_description/share/arduinobot_description/meshes/round_plate.STL
[1.071s] -- Installing: /home/robin/robotic_arm/install/arduinobot_description/share/arduinobot_description/meshes/base_plate.STL
[1.074s] -- Installing: /home/robin/robotic_arm/install/arduinobot_description/share/arduinobot_description/meshes/claw_support.STL
[1.075s] -- Installing: /home/robin/robotic_arm/install/arduinobot_description/share/arduinobot_description/meshes/link.STL
[1.076s] -- Installing: /home/robin/robotic_arm/install/arduinobot_description/share/arduinobot_description/meshes/horizontal_arm.STL
[1.078s] -- Installing: /home/robin/robotic_arm/install/arduinobot_description/share/arduinobot_description/meshes/triangular_link.STL
[1.079s] -- Installing: /home/robin/robotic_arm/install/arduinobot_description/share/arduinobot_description/models
[1.079s] -- Installing: /home/robin/robotic_arm/install/arduinobot_description/share/arduinobot_description/models/ground_plane
[1.079s] -- Installing: /home/robin/robotic_arm/install/arduinobot_description/share/arduinobot_description/models/ground_plane/model-1_3.sdf
[1.080s] -- Installing: /home/robin/robotic_arm/install/arduinobot_description/share/arduinobot_description/models/ground_plane/model.config
[1.080s] -- Installing: /home/robin/robotic_arm/install/arduinobot_description/share/arduinobot_description/models/ground_plane/model.sdf
[1.080s] -- Installing: /home/robin/robotic_arm/install/arduinobot_description/share/arduinobot_description/models/ground_plane/model-1_4.sdf
[1.080s] -- Installing: /home/robin/robotic_arm/install/arduinobot_description/share/arduinobot_description/models/ground_plane/model-1_2.sdf
[1.080s] -- Installing: /home/robin/robotic_arm/install/arduinobot_description/share/arduinobot_description/models/sun
[1.080s] -- Installing: /home/robin/robotic_arm/install/arduinobot_description/share/arduinobot_description/models/sun/model-1_3.sdf
[1.080s] -- Installing: /home/robin/robotic_arm/install/arduinobot_description/share/arduinobot_description/models/sun/model.config
[1.080s] -- Installing: /home/robin/robotic_arm/install/arduinobot_description/share/arduinobot_description/models/sun/model.sdf
[1.080s] -- Installing: /home/robin/robotic_arm/install/arduinobot_description/share/arduinobot_description/models/sun/model-1_4.sdf
[1.081s] -- Installing: /home/robin/robotic_arm/install/arduinobot_description/share/arduinobot_description/models/sun/model-1_2.sdf
[1.081s] -- Installing: /home/robin/robotic_arm/install/arduinobot_description/share/arduinobot_description/urdf
[1.081s] -- Installing: /home/robin/robotic_arm/install/arduinobot_description/share/arduinobot_description/urdf/arduinobot.urdf.xacro
[1.081s] -- Installing: /home/robin/robotic_arm/install/arduinobot_description/share/arduinobot_description/rviz
[1.081s] -- Installing: /home/robin/robotic_arm/install/arduinobot_description/share/arduinobot_description/rviz/display.rviz
[1.081s] -- Installing: /home/robin/robotic_arm/install/arduinobot_description/share/ament_index/resource_index/package_run_dependencies/arduinobot_description
[1.081s] -- Installing: /home/robin/robotic_arm/install/arduinobot_description/share/ament_index/resource_index/parent_prefix_path/arduinobot_description
[1.082s] -- Installing: /home/robin/robotic_arm/install/arduinobot_description/share/arduinobot_description/environment/ament_prefix_path.sh
[1.082s] -- Installing: /home/robin/robotic_arm/install/arduinobot_description/share/arduinobot_description/environment/ament_prefix_path.dsv
[1.082s] -- Installing: /home/robin/robotic_arm/install/arduinobot_description/share/arduinobot_description/environment/path.sh
[1.082s] -- Installing: /home/robin/robotic_arm/install/arduinobot_description/share/arduinobot_description/environment/path.dsv
[1.082s] -- Installing: /home/robin/robotic_arm/install/arduinobot_description/share/arduinobot_description/local_setup.bash
[1.082s] -- Installing: /home/robin/robotic_arm/install/arduinobot_description/share/arduinobot_description/local_setup.sh
[1.083s] -- Installing: /home/robin/robotic_arm/install/arduinobot_description/share/arduinobot_description/local_setup.zsh
[1.083s] -- Installing: /home/robin/robotic_arm/install/arduinobot_description/share/arduinobot_description/local_setup.dsv
[1.083s] -- Installing: /home/robin/robotic_arm/install/arduinobot_description/share/arduinobot_description/package.dsv
[1.083s] -- Installing: /home/robin/robotic_arm/install/arduinobot_description/share/ament_index/resource_index/packages/arduinobot_description
[1.083s] -- Installing: /home/robin/robotic_arm/install/arduinobot_description/share/arduinobot_description/cmake/arduinobot_descriptionConfig.cmake
[1.083s] -- Installing: /home/robin/robotic_arm/install/arduinobot_description/share/arduinobot_description/cmake/arduinobot_descriptionConfig-version.cmake
[1.084s] -- Installing: /home/robin/robotic_arm/install/arduinobot_description/share/arduinobot_description/package.xml
[1.086s] Invoked command in '/home/robin/robotic_arm/build/arduinobot_description' returned '0': CMAKE_PREFIX_PATH=${CMAKE_PREFIX_PATH}:/home/robin/colcon_ws/install/ur5_control:/home/robin/colcon_ws/install/eYantra_Turtle:/home/robin/Robotics-and-ROS-2-Learn-by-Doing-Manipulators/Section5_Control/arduinobot_ws/install/arduinobot_py_examples:/home/robin/Robotics-and-ROS-2-Learn-by-Doing-Manipulators/Section4_Digital_Twin/arduinobot_ws/install/arduinobot_py_examples:/home/robin/Self-Driving-and-ROS-2-Learn-by-Doing-Odometry-Control/Section7_Differential_Kinematics/bumperbot_ws/install/bumperbot_py_examples:/home/robin/Self-Driving-and-ROS-2-Learn-by-Doing-Odometry-Control/Section6_Kinematics/bumperbot_ws/install/bumperbot_py_examples:/home/robin/Self-Driving-and-ROS-2-Learn-by-Doing-Odometry-Control/Section5_Control/bumperbot_ws/install/bumperbot_py_examples:/home/robin/Self-Driving-and-ROS-2-Learn-by-Doing-Odometry-Control/Section4_Locomotion/bumperbot_ws/install/bumperbot_py_examples:/opt/ros/humble /usr/bin/cmake --install /home/robin/robotic_arm/build/arduinobot_description
