[0.085s] DEBUG:colcon:Command line arguments: ['/usr/bin/colcon', 'build']
[0.085s] DEBUG:colcon:Parsed command line arguments: Namespace(log_base=None, log_level=None, verb_name='build', build_base='build', install_base='install', merge_install=False, symlink_install=False, test_result_base=None, continue_on_error=False, executor='parallel', parallel_workers=12, event_handlers=None, ignore_user_meta=False, metas=['./colcon.meta'], base_paths=['.'], packages_ignore=None, packages_ignore_regex=None, paths=None, packages_up_to=None, packages_up_to_regex=None, packages_above=None, packages_above_and_dependencies=None, packages_above_depth=None, packages_select_by_dep=None, packages_skip_by_dep=None, packages_skip_up_to=None, packages_select_build_failed=False, packages_skip_build_finished=False, packages_select_test_failures=False, packages_skip_test_passed=False, packages_select=None, packages_skip=None, packages_select_regex=None, packages_skip_regex=None, packages_start=None, packages_end=None, allow_overriding=[], cmake_args=None, cmake_target=None, cmake_target_skip_unavailable=False, cmake_clean_cache=False, cmake_clean_first=False, cmake_force_configure=False, ament_cmake_args=None, catkin_cmake_args=None, catkin_skip_building_tests=False, verb_parser=<colcon_defaults.argument_parser.defaults.DefaultArgumentsDecorator object at 0x7c4894dff130>, verb_extension=<colcon_core.verb.build.BuildVerb object at 0x7c4894f345b0>, main=<bound method BuildVerb.main of <colcon_core.verb.build.BuildVerb object at 0x7c4894f345b0>>)
[0.233s] Level 1:colcon.colcon_core.package_discovery:discover_packages(colcon_meta) check parameters
[0.233s] Level 1:colcon.colcon_core.package_discovery:discover_packages(recursive) check parameters
[0.233s] Level 1:colcon.colcon_core.package_discovery:discover_packages(ignore) check parameters
[0.233s] Level 1:colcon.colcon_core.package_discovery:discover_packages(path) check parameters
[0.233s] Level 1:colcon.colcon_core.package_discovery:discover_packages(colcon_meta) discover
[0.233s] Level 1:colcon.colcon_core.package_discovery:discover_packages(recursive) discover
[0.233s] INFO:colcon.colcon_core.package_discovery:Crawling recursively for packages in '/home/robin/robotic_arm'
[0.233s] Level 1:colcon.colcon_core.package_identification:_identify(.) by extensions ['ignore', 'ignore_ament_install']
[0.233s] Level 1:colcon.colcon_core.package_identification:_identify(.) by extension 'ignore'
[0.233s] Level 1:colcon.colcon_core.package_identification:_identify(.) by extension 'ignore_ament_install'
[0.233s] Level 1:colcon.colcon_core.package_identification:_identify(.) by extensions ['colcon_pkg']
[0.233s] Level 1:colcon.colcon_core.package_identification:_identify(.) by extension 'colcon_pkg'
[0.233s] Level 1:colcon.colcon_core.package_identification:_identify(.) by extensions ['colcon_meta']
[0.233s] Level 1:colcon.colcon_core.package_identification:_identify(.) by extension 'colcon_meta'
[0.233s] Level 1:colcon.colcon_core.package_identification:_identify(.) by extensions ['ros']
[0.233s] Level 1:colcon.colcon_core.package_identification:_identify(.) by extension 'ros'
[0.241s] Level 1:colcon.colcon_core.package_identification:_identify(.) by extensions ['cmake', 'python']
[0.241s] Level 1:colcon.colcon_core.package_identification:_identify(.) by extension 'cmake'
[0.241s] Level 1:colcon.colcon_core.package_identification:_identify(.) by extension 'python'
[0.241s] Level 1:colcon.colcon_core.package_identification:_identify(.) by extensions ['python_setup_py']
[0.241s] Level 1:colcon.colcon_core.package_identification:_identify(.) by extension 'python_setup_py'
[0.241s] Level 1:colcon.colcon_core.package_identification:_identify(build) by extensions ['ignore', 'ignore_ament_install']
[0.241s] Level 1:colcon.colcon_core.package_identification:_identify(build) by extension 'ignore'
[0.241s] Level 1:colcon.colcon_core.package_identification:_identify(build) ignored
[0.242s] Level 1:colcon.colcon_core.package_identification:_identify(install) by extensions ['ignore', 'ignore_ament_install']
[0.242s] Level 1:colcon.colcon_core.package_identification:_identify(install) by extension 'ignore'
[0.242s] Level 1:colcon.colcon_core.package_identification:_identify(install) ignored
[0.242s] Level 1:colcon.colcon_core.package_identification:_identify(log) by extensions ['ignore', 'ignore_ament_install']
[0.242s] Level 1:colcon.colcon_core.package_identification:_identify(log) by extension 'ignore'
[0.242s] Level 1:colcon.colcon_core.package_identification:_identify(log) ignored
[0.242s] Level 1:colcon.colcon_core.package_identification:_identify(src) by extensions ['ignore', 'ignore_ament_install']
[0.242s] Level 1:colcon.colcon_core.package_identification:_identify(src) by extension 'ignore'
[0.242s] Level 1:colcon.colcon_core.package_identification:_identify(src) by extension 'ignore_ament_install'
[0.242s] Level 1:colcon.colcon_core.package_identification:_identify(src) by extensions ['colcon_pkg']
[0.242s] Level 1:colcon.colcon_core.package_identification:_identify(src) by extension 'colcon_pkg'
[0.242s] Level 1:colcon.colcon_core.package_identification:_identify(src) by extensions ['colcon_meta']
[0.242s] Level 1:colcon.colcon_core.package_identification:_identify(src) by extension 'colcon_meta'
[0.242s] Level 1:colcon.colcon_core.package_identification:_identify(src) by extensions ['ros']
[0.242s] Level 1:colcon.colcon_core.package_identification:_identify(src) by extension 'ros'
[0.242s] Level 1:colcon.colcon_core.package_identification:_identify(src) by extensions ['cmake', 'python']
[0.242s] Level 1:colcon.colcon_core.package_identification:_identify(src) by extension 'cmake'
[0.242s] Level 1:colcon.colcon_core.package_identification:_identify(src) by extension 'python'
[0.242s] Level 1:colcon.colcon_core.package_identification:_identify(src) by extensions ['python_setup_py']
[0.242s] Level 1:colcon.colcon_core.package_identification:_identify(src) by extension 'python_setup_py'
[0.242s] Level 1:colcon.colcon_core.package_identification:_identify(src/arduinobot_controller) by extensions ['ignore', 'ignore_ament_install']
[0.242s] Level 1:colcon.colcon_core.package_identification:_identify(src/arduinobot_controller) by extension 'ignore'
[0.242s] Level 1:colcon.colcon_core.package_identification:_identify(src/arduinobot_controller) by extension 'ignore_ament_install'
[0.242s] Level 1:colcon.colcon_core.package_identification:_identify(src/arduinobot_controller) by extensions ['colcon_pkg']
[0.242s] Level 1:colcon.colcon_core.package_identification:_identify(src/arduinobot_controller) by extension 'colcon_pkg'
[0.243s] Level 1:colcon.colcon_core.package_identification:_identify(src/arduinobot_controller) by extensions ['colcon_meta']
[0.243s] Level 1:colcon.colcon_core.package_identification:_identify(src/arduinobot_controller) by extension 'colcon_meta'
[0.243s] Level 1:colcon.colcon_core.package_identification:_identify(src/arduinobot_controller) by extensions ['ros']
[0.243s] Level 1:colcon.colcon_core.package_identification:_identify(src/arduinobot_controller) by extension 'ros'
[0.245s] DEBUG:colcon.colcon_core.package_identification:Package 'src/arduinobot_controller' with type 'ros.ament_cmake' and name 'arduinobot_controller'
[0.245s] Level 1:colcon.colcon_core.package_identification:_identify(src/arduinobot_description) by extensions ['ignore', 'ignore_ament_install']
[0.245s] Level 1:colcon.colcon_core.package_identification:_identify(src/arduinobot_description) by extension 'ignore'
[0.245s] Level 1:colcon.colcon_core.package_identification:_identify(src/arduinobot_description) by extension 'ignore_ament_install'
[0.245s] Level 1:colcon.colcon_core.package_identification:_identify(src/arduinobot_description) by extensions ['colcon_pkg']
[0.245s] Level 1:colcon.colcon_core.package_identification:_identify(src/arduinobot_description) by extension 'colcon_pkg'
[0.245s] Level 1:colcon.colcon_core.package_identification:_identify(src/arduinobot_description) by extensions ['colcon_meta']
[0.245s] Level 1:colcon.colcon_core.package_identification:_identify(src/arduinobot_description) by extension 'colcon_meta'
[0.245s] Level 1:colcon.colcon_core.package_identification:_identify(src/arduinobot_description) by extensions ['ros']
[0.245s] Level 1:colcon.colcon_core.package_identification:_identify(src/arduinobot_description) by extension 'ros'
[0.245s] DEBUG:colcon.colcon_core.package_identification:Package 'src/arduinobot_description' with type 'ros.ament_cmake' and name 'arduinobot_description'
[0.245s] Level 1:colcon.colcon_core.package_discovery:discover_packages(recursive) using defaults
[0.245s] Level 1:colcon.colcon_core.package_discovery:discover_packages(ignore) discover
[0.245s] Level 1:colcon.colcon_core.package_discovery:discover_packages(ignore) using defaults
[0.245s] Level 1:colcon.colcon_core.package_discovery:discover_packages(path) discover
[0.245s] Level 1:colcon.colcon_core.package_discovery:discover_packages(path) using defaults
[0.269s] Level 1:colcon.colcon_core.package_discovery:discover_packages(prefix_path) check parameters
[0.269s] Level 1:colcon.colcon_core.package_discovery:discover_packages(prefix_path) discover
[0.271s] DEBUG:colcon.colcon_installed_package_information.package_discovery:Found 1 installed packages in /home/robin/opencv_ros2/install
[0.271s] DEBUG:colcon.colcon_installed_package_information.package_discovery:Found 2 installed packages in /home/robin/robotic_arm/install
[0.272s] DEBUG:colcon.colcon_installed_package_information.package_discovery:Found 11 installed packages in /home/robin/colcon_ws/install
[0.272s] DEBUG:colcon.colcon_installed_package_information.package_discovery:Found 4 installed packages in /home/robin/Robotics-and-ROS-2-Learn-by-Doing-Manipulators/Section5_Control/arduinobot_ws/install
[0.273s] DEBUG:colcon.colcon_installed_package_information.package_discovery:Found 3 installed packages in /home/robin/Robotics-and-ROS-2-Learn-by-Doing-Manipulators/Section4_Digital_Twin/arduinobot_ws/install
[0.273s] DEBUG:colcon.colcon_installed_package_information.package_discovery:Found 4 installed packages in /home/robin/Self-Driving-and-ROS-2-Learn-by-Doing-Odometry-Control/Section7_Differential_Kinematics/bumperbot_ws/install
[0.273s] DEBUG:colcon.colcon_installed_package_information.package_discovery:Found 4 installed packages in /home/robin/Self-Driving-and-ROS-2-Learn-by-Doing-Odometry-Control/Section6_Kinematics/bumperbot_ws/install
[0.274s] DEBUG:colcon.colcon_installed_package_information.package_discovery:Found 4 installed packages in /home/robin/Self-Driving-and-ROS-2-Learn-by-Doing-Odometry-Control/Section5_Control/bumperbot_ws/install
[0.275s] DEBUG:colcon.colcon_installed_package_information.package_discovery:Found 1 installed packages in /home/robin/ros2_ws/install
[0.275s] DEBUG:colcon.colcon_installed_package_information.package_discovery:Found 3 installed packages in /home/robin/Self-Driving-and-ROS-2-Learn-by-Doing-Odometry-Control/Section4_Locomotion/bumperbot_ws/install
[0.276s] DEBUG:colcon.colcon_installed_package_information.package_discovery:Found 3 installed packages in /home/robin/turtlebot3_ws/install
[0.277s] DEBUG:colcon.colcon_installed_package_information.package_discovery:Found 471 installed packages in /opt/ros/humble
[0.279s] Level 1:colcon.colcon_core.package_discovery:discover_packages(prefix_path) using defaults
[0.323s] Level 5:colcon.colcon_core.verb:set package 'arduinobot_controller' build argument 'cmake_args' from command line to 'None'
[0.323s] Level 5:colcon.colcon_core.verb:set package 'arduinobot_controller' build argument 'cmake_target' from command line to 'None'
[0.323s] Level 5:colcon.colcon_core.verb:set package 'arduinobot_controller' build argument 'cmake_target_skip_unavailable' from command line to 'False'
[0.323s] Level 5:colcon.colcon_core.verb:set package 'arduinobot_controller' build argument 'cmake_clean_cache' from command line to 'False'
[0.323s] Level 5:colcon.colcon_core.verb:set package 'arduinobot_controller' build argument 'cmake_clean_first' from command line to 'False'
[0.323s] Level 5:colcon.colcon_core.verb:set package 'arduinobot_controller' build argument 'cmake_force_configure' from command line to 'False'
[0.323s] Level 5:colcon.colcon_core.verb:set package 'arduinobot_controller' build argument 'ament_cmake_args' from command line to 'None'
[0.323s] Level 5:colcon.colcon_core.verb:set package 'arduinobot_controller' build argument 'catkin_cmake_args' from command line to 'None'
[0.323s] Level 5:colcon.colcon_core.verb:set package 'arduinobot_controller' build argument 'catkin_skip_building_tests' from command line to 'False'
[0.323s] DEBUG:colcon.colcon_core.verb:Building package 'arduinobot_controller' with the following arguments: {'ament_cmake_args': None, 'build_base': '/home/robin/robotic_arm/build/arduinobot_controller', 'catkin_cmake_args': None, 'catkin_skip_building_tests': False, 'cmake_args': None, 'cmake_clean_cache': False, 'cmake_clean_first': False, 'cmake_force_configure': False, 'cmake_target': None, 'cmake_target_skip_unavailable': False, 'install_base': '/home/robin/robotic_arm/install/arduinobot_controller', 'merge_install': False, 'path': '/home/robin/robotic_arm/src/arduinobot_controller', 'symlink_install': False, 'test_result_base': None}
[0.324s] Level 5:colcon.colcon_core.verb:set package 'arduinobot_description' build argument 'cmake_args' from command line to 'None'
[0.324s] Level 5:colcon.colcon_core.verb:set package 'arduinobot_description' build argument 'cmake_target' from command line to 'None'
[0.324s] Level 5:colcon.colcon_core.verb:set package 'arduinobot_description' build argument 'cmake_target_skip_unavailable' from command line to 'False'
[0.324s] Level 5:colcon.colcon_core.verb:set package 'arduinobot_description' build argument 'cmake_clean_cache' from command line to 'False'
[0.324s] Level 5:colcon.colcon_core.verb:set package 'arduinobot_description' build argument 'cmake_clean_first' from command line to 'False'
[0.324s] Level 5:colcon.colcon_core.verb:set package 'arduinobot_description' build argument 'cmake_force_configure' from command line to 'False'
[0.324s] Level 5:colcon.colcon_core.verb:set package 'arduinobot_description' build argument 'ament_cmake_args' from command line to 'None'
[0.324s] Level 5:colcon.colcon_core.verb:set package 'arduinobot_description' build argument 'catkin_cmake_args' from command line to 'None'
[0.324s] Level 5:colcon.colcon_core.verb:set package 'arduinobot_description' build argument 'catkin_skip_building_tests' from command line to 'False'
[0.324s] DEBUG:colcon.colcon_core.verb:Building package 'arduinobot_description' with the following arguments: {'ament_cmake_args': None, 'build_base': '/home/robin/robotic_arm/build/arduinobot_description', 'catkin_cmake_args': None, 'catkin_skip_building_tests': False, 'cmake_args': None, 'cmake_clean_cache': False, 'cmake_clean_first': False, 'cmake_force_configure': False, 'cmake_target': None, 'cmake_target_skip_unavailable': False, 'install_base': '/home/robin/robotic_arm/install/arduinobot_description', 'merge_install': False, 'path': '/home/robin/robotic_arm/src/arduinobot_description', 'symlink_install': False, 'test_result_base': None}
[0.324s] INFO:colcon.colcon_core.executor:Executing jobs using 'parallel' executor
[0.325s] DEBUG:colcon.colcon_parallel_executor.executor.parallel:run_until_complete
[0.325s] INFO:colcon.colcon_ros.task.ament_cmake.build:Building ROS package in '/home/robin/robotic_arm/src/arduinobot_controller' with build type 'ament_cmake'
[0.325s] INFO:colcon.colcon_cmake.task.cmake.build:Building CMake package in '/home/robin/robotic_arm/src/arduinobot_controller'
[0.327s] INFO:colcon.colcon_core.plugin_system:Skipping extension 'colcon_core.shell.bat': Not used on non-Windows systems
[0.327s] INFO:colcon.colcon_core.shell:Skip shell extension 'powershell' for command environment: Not usable outside of PowerShell
[0.327s] DEBUG:colcon.colcon_core.shell:Skip shell extension 'dsv' for command environment
[0.334s] INFO:colcon.colcon_ros.task.ament_cmake.build:Building ROS package in '/home/robin/robotic_arm/src/arduinobot_description' with build type 'ament_cmake'
[0.335s] INFO:colcon.colcon_cmake.task.cmake.build:Building CMake package in '/home/robin/robotic_arm/src/arduinobot_description'
[0.335s] INFO:colcon.colcon_core.shell:Skip shell extension 'powershell' for command environment: Not usable outside of PowerShell
[0.335s] DEBUG:colcon.colcon_core.shell:Skip shell extension 'dsv' for command environment
[0.346s] DEBUG:colcon.colcon_core.event_handler.log_command:Invoking command in '/home/robin/robotic_arm/build/arduinobot_controller': CMAKE_PREFIX_PATH=${CMAKE_PREFIX_PATH}:/home/robin/opencv_ros2/install/ros2_opencv:/home/robin/colcon_ws/install/ur5_control:/home/robin/colcon_ws/install/eYantra_Turtle:/home/robin/Robotics-and-ROS-2-Learn-by-Doing-Manipulators/Section5_Control/arduinobot_ws/install/arduinobot_py_examples:/home/robin/Robotics-and-ROS-2-Learn-by-Doing-Manipulators/Section4_Digital_Twin/arduinobot_ws/install/arduinobot_py_examples:/home/robin/Self-Driving-and-ROS-2-Learn-by-Doing-Odometry-Control/Section7_Differential_Kinematics/bumperbot_ws/install/bumperbot_py_examples:/home/robin/Self-Driving-and-ROS-2-Learn-by-Doing-Odometry-Control/Section6_Kinematics/bumperbot_ws/install/bumperbot_py_examples:/home/robin/Self-Driving-and-ROS-2-Learn-by-Doing-Odometry-Control/Section5_Control/bumperbot_ws/install/bumperbot_py_examples:/home/robin/Self-Driving-and-ROS-2-Learn-by-Doing-Odometry-Control/Section4_Locomotion/bumperbot_ws/install/bumperbot_py_examples:/opt/ros/humble /usr/bin/cmake --build /home/robin/robotic_arm/build/arduinobot_controller -- -j12 -l12
[0.349s] DEBUG:colcon.colcon_core.event_handler.log_command:Invoking command in '/home/robin/robotic_arm/build/arduinobot_description': CMAKE_PREFIX_PATH=${CMAKE_PREFIX_PATH}:/home/robin/opencv_ros2/install/ros2_opencv:/home/robin/colcon_ws/install/ur5_control:/home/robin/colcon_ws/install/eYantra_Turtle:/home/robin/Robotics-and-ROS-2-Learn-by-Doing-Manipulators/Section5_Control/arduinobot_ws/install/arduinobot_py_examples:/home/robin/Robotics-and-ROS-2-Learn-by-Doing-Manipulators/Section4_Digital_Twin/arduinobot_ws/install/arduinobot_py_examples:/home/robin/Self-Driving-and-ROS-2-Learn-by-Doing-Odometry-Control/Section7_Differential_Kinematics/bumperbot_ws/install/bumperbot_py_examples:/home/robin/Self-Driving-and-ROS-2-Learn-by-Doing-Odometry-Control/Section6_Kinematics/bumperbot_ws/install/bumperbot_py_examples:/home/robin/Self-Driving-and-ROS-2-Learn-by-Doing-Odometry-Control/Section5_Control/bumperbot_ws/install/bumperbot_py_examples:/home/robin/Self-Driving-and-ROS-2-Learn-by-Doing-Odometry-Control/Section4_Locomotion/bumperbot_ws/install/bumperbot_py_examples:/opt/ros/humble /usr/bin/cmake --build /home/robin/robotic_arm/build/arduinobot_description -- -j12 -l12
[0.383s] DEBUG:colcon.colcon_core.event_handler.log_command:Invoked command in '/home/robin/robotic_arm/build/arduinobot_description' returned '0': CMAKE_PREFIX_PATH=${CMAKE_PREFIX_PATH}:/home/robin/opencv_ros2/install/ros2_opencv:/home/robin/colcon_ws/install/ur5_control:/home/robin/colcon_ws/install/eYantra_Turtle:/home/robin/Robotics-and-ROS-2-Learn-by-Doing-Manipulators/Section5_Control/arduinobot_ws/install/arduinobot_py_examples:/home/robin/Robotics-and-ROS-2-Learn-by-Doing-Manipulators/Section4_Digital_Twin/arduinobot_ws/install/arduinobot_py_examples:/home/robin/Self-Driving-and-ROS-2-Learn-by-Doing-Odometry-Control/Section7_Differential_Kinematics/bumperbot_ws/install/bumperbot_py_examples:/home/robin/Self-Driving-and-ROS-2-Learn-by-Doing-Odometry-Control/Section6_Kinematics/bumperbot_ws/install/bumperbot_py_examples:/home/robin/Self-Driving-and-ROS-2-Learn-by-Doing-Odometry-Control/Section5_Control/bumperbot_ws/install/bumperbot_py_examples:/home/robin/Self-Driving-and-ROS-2-Learn-by-Doing-Odometry-Control/Section4_Locomotion/bumperbot_ws/install/bumperbot_py_examples:/opt/ros/humble /usr/bin/cmake --build /home/robin/robotic_arm/build/arduinobot_description -- -j12 -l12
[0.412s] DEBUG:colcon.colcon_core.event_handler.log_command:Invoking command in '/home/robin/robotic_arm/build/arduinobot_description': CMAKE_PREFIX_PATH=${CMAKE_PREFIX_PATH}:/home/robin/opencv_ros2/install/ros2_opencv:/home/robin/colcon_ws/install/ur5_control:/home/robin/colcon_ws/install/eYantra_Turtle:/home/robin/Robotics-and-ROS-2-Learn-by-Doing-Manipulators/Section5_Control/arduinobot_ws/install/arduinobot_py_examples:/home/robin/Robotics-and-ROS-2-Learn-by-Doing-Manipulators/Section4_Digital_Twin/arduinobot_ws/install/arduinobot_py_examples:/home/robin/Self-Driving-and-ROS-2-Learn-by-Doing-Odometry-Control/Section7_Differential_Kinematics/bumperbot_ws/install/bumperbot_py_examples:/home/robin/Self-Driving-and-ROS-2-Learn-by-Doing-Odometry-Control/Section6_Kinematics/bumperbot_ws/install/bumperbot_py_examples:/home/robin/Self-Driving-and-ROS-2-Learn-by-Doing-Odometry-Control/Section5_Control/bumperbot_ws/install/bumperbot_py_examples:/home/robin/Self-Driving-and-ROS-2-Learn-by-Doing-Odometry-Control/Section4_Locomotion/bumperbot_ws/install/bumperbot_py_examples:/opt/ros/humble /usr/bin/cmake --install /home/robin/robotic_arm/build/arduinobot_description
[0.421s] Level 1:colcon.colcon_core.environment:create_environment_scripts_only(arduinobot_description)
[0.422s] DEBUG:colcon.colcon_core.event_handler.log_command:Invoked command in '/home/robin/robotic_arm/build/arduinobot_description' returned '0': CMAKE_PREFIX_PATH=${CMAKE_PREFIX_PATH}:/home/robin/opencv_ros2/install/ros2_opencv:/home/robin/colcon_ws/install/ur5_control:/home/robin/colcon_ws/install/eYantra_Turtle:/home/robin/Robotics-and-ROS-2-Learn-by-Doing-Manipulators/Section5_Control/arduinobot_ws/install/arduinobot_py_examples:/home/robin/Robotics-and-ROS-2-Learn-by-Doing-Manipulators/Section4_Digital_Twin/arduinobot_ws/install/arduinobot_py_examples:/home/robin/Self-Driving-and-ROS-2-Learn-by-Doing-Odometry-Control/Section7_Differential_Kinematics/bumperbot_ws/install/bumperbot_py_examples:/home/robin/Self-Driving-and-ROS-2-Learn-by-Doing-Odometry-Control/Section6_Kinematics/bumperbot_ws/install/bumperbot_py_examples:/home/robin/Self-Driving-and-ROS-2-Learn-by-Doing-Odometry-Control/Section5_Control/bumperbot_ws/install/bumperbot_py_examples:/home/robin/Self-Driving-and-ROS-2-Learn-by-Doing-Odometry-Control/Section4_Locomotion/bumperbot_ws/install/bumperbot_py_examples:/opt/ros/humble /usr/bin/cmake --install /home/robin/robotic_arm/build/arduinobot_description
[0.424s] Level 1:colcon.colcon_core.environment:checking '/home/robin/robotic_arm/install/arduinobot_description' for CMake module files
[0.424s] Level 1:colcon.colcon_core.environment:checking '/home/robin/robotic_arm/install/arduinobot_description' for CMake config files
[0.424s] Level 1:colcon.colcon_core.shell:create_environment_hook('arduinobot_description', 'cmake_prefix_path')
[0.424s] INFO:colcon.colcon_core.shell:Creating environment hook '/home/robin/robotic_arm/install/arduinobot_description/share/arduinobot_description/hook/cmake_prefix_path.ps1'
[0.425s] INFO:colcon.colcon_core.shell:Creating environment descriptor '/home/robin/robotic_arm/install/arduinobot_description/share/arduinobot_description/hook/cmake_prefix_path.dsv'
[0.425s] INFO:colcon.colcon_core.shell:Creating environment hook '/home/robin/robotic_arm/install/arduinobot_description/share/arduinobot_description/hook/cmake_prefix_path.sh'
[0.426s] Level 1:colcon.colcon_core.environment:checking '/home/robin/robotic_arm/install/arduinobot_description/bin'
[0.426s] Level 1:colcon.colcon_core.environment:checking '/home/robin/robotic_arm/install/arduinobot_description/lib/pkgconfig/arduinobot_description.pc'
[0.426s] Level 1:colcon.colcon_core.environment:checking '/home/robin/robotic_arm/install/arduinobot_description/lib/python3.10/site-packages'
[0.426s] Level 1:colcon.colcon_core.environment:checking '/home/robin/robotic_arm/install/arduinobot_description/bin'
[0.426s] INFO:colcon.colcon_core.shell:Creating package script '/home/robin/robotic_arm/install/arduinobot_description/share/arduinobot_description/package.ps1'
[0.427s] INFO:colcon.colcon_core.shell:Creating package descriptor '/home/robin/robotic_arm/install/arduinobot_description/share/arduinobot_description/package.dsv'
[0.427s] INFO:colcon.colcon_core.shell:Creating package script '/home/robin/robotic_arm/install/arduinobot_description/share/arduinobot_description/package.sh'
[0.427s] INFO:colcon.colcon_core.shell:Creating package script '/home/robin/robotic_arm/install/arduinobot_description/share/arduinobot_description/package.bash'
[0.428s] INFO:colcon.colcon_core.shell:Creating package script '/home/robin/robotic_arm/install/arduinobot_description/share/arduinobot_description/package.zsh'
[0.428s] Level 1:colcon.colcon_core.environment:create_file_with_runtime_dependencies(/home/robin/robotic_arm/install/arduinobot_description/share/colcon-core/packages/arduinobot_description)
[0.451s] Level 1:colcon.colcon_core.environment:create_environment_scripts_only(arduinobot_description)
[0.452s] Level 1:colcon.colcon_core.environment:checking '/home/robin/robotic_arm/install/arduinobot_description' for CMake module files
[0.452s] Level 1:colcon.colcon_core.environment:checking '/home/robin/robotic_arm/install/arduinobot_description' for CMake config files
[0.453s] Level 1:colcon.colcon_core.shell:create_environment_hook('arduinobot_description', 'cmake_prefix_path')
[0.453s] INFO:colcon.colcon_core.shell:Creating environment hook '/home/robin/robotic_arm/install/arduinobot_description/share/arduinobot_description/hook/cmake_prefix_path.ps1'
[0.453s] INFO:colcon.colcon_core.shell:Creating environment descriptor '/home/robin/robotic_arm/install/arduinobot_description/share/arduinobot_description/hook/cmake_prefix_path.dsv'
[0.454s] INFO:colcon.colcon_core.shell:Creating environment hook '/home/robin/robotic_arm/install/arduinobot_description/share/arduinobot_description/hook/cmake_prefix_path.sh'
[0.454s] Level 1:colcon.colcon_core.environment:checking '/home/robin/robotic_arm/install/arduinobot_description/bin'
[0.454s] Level 1:colcon.colcon_core.environment:checking '/home/robin/robotic_arm/install/arduinobot_description/lib/pkgconfig/arduinobot_description.pc'
[0.455s] Level 1:colcon.colcon_core.environment:checking '/home/robin/robotic_arm/install/arduinobot_description/lib/python3.10/site-packages'
[0.455s] Level 1:colcon.colcon_core.environment:checking '/home/robin/robotic_arm/install/arduinobot_description/bin'
[0.455s] INFO:colcon.colcon_core.shell:Creating package script '/home/robin/robotic_arm/install/arduinobot_description/share/arduinobot_description/package.ps1'
[0.456s] INFO:colcon.colcon_core.shell:Creating package descriptor '/home/robin/robotic_arm/install/arduinobot_description/share/arduinobot_description/package.dsv'
[0.456s] INFO:colcon.colcon_core.shell:Creating package script '/home/robin/robotic_arm/install/arduinobot_description/share/arduinobot_description/package.sh'
[0.456s] INFO:colcon.colcon_core.shell:Creating package script '/home/robin/robotic_arm/install/arduinobot_description/share/arduinobot_description/package.bash'
[0.457s] INFO:colcon.colcon_core.shell:Creating package script '/home/robin/robotic_arm/install/arduinobot_description/share/arduinobot_description/package.zsh'
[0.457s] Level 1:colcon.colcon_core.environment:create_file_with_runtime_dependencies(/home/robin/robotic_arm/install/arduinobot_description/share/colcon-core/packages/arduinobot_description)
[0.658s] DEBUG:colcon.colcon_core.event_handler.log_command:Invoked command in '/home/robin/robotic_arm/build/arduinobot_controller' returned '0': CMAKE_PREFIX_PATH=${CMAKE_PREFIX_PATH}:/home/robin/opencv_ros2/install/ros2_opencv:/home/robin/colcon_ws/install/ur5_control:/home/robin/colcon_ws/install/eYantra_Turtle:/home/robin/Robotics-and-ROS-2-Learn-by-Doing-Manipulators/Section5_Control/arduinobot_ws/install/arduinobot_py_examples:/home/robin/Robotics-and-ROS-2-Learn-by-Doing-Manipulators/Section4_Digital_Twin/arduinobot_ws/install/arduinobot_py_examples:/home/robin/Self-Driving-and-ROS-2-Learn-by-Doing-Odometry-Control/Section7_Differential_Kinematics/bumperbot_ws/install/bumperbot_py_examples:/home/robin/Self-Driving-and-ROS-2-Learn-by-Doing-Odometry-Control/Section6_Kinematics/bumperbot_ws/install/bumperbot_py_examples:/home/robin/Self-Driving-and-ROS-2-Learn-by-Doing-Odometry-Control/Section5_Control/bumperbot_ws/install/bumperbot_py_examples:/home/robin/Self-Driving-and-ROS-2-Learn-by-Doing-Odometry-Control/Section4_Locomotion/bumperbot_ws/install/bumperbot_py_examples:/opt/ros/humble /usr/bin/cmake --build /home/robin/robotic_arm/build/arduinobot_controller -- -j12 -l12
[0.685s] DEBUG:colcon.colcon_core.event_handler.log_command:Invoking command in '/home/robin/robotic_arm/build/arduinobot_controller': CMAKE_PREFIX_PATH=${CMAKE_PREFIX_PATH}:/home/robin/opencv_ros2/install/ros2_opencv:/home/robin/colcon_ws/install/ur5_control:/home/robin/colcon_ws/install/eYantra_Turtle:/home/robin/Robotics-and-ROS-2-Learn-by-Doing-Manipulators/Section5_Control/arduinobot_ws/install/arduinobot_py_examples:/home/robin/Robotics-and-ROS-2-Learn-by-Doing-Manipulators/Section4_Digital_Twin/arduinobot_ws/install/arduinobot_py_examples:/home/robin/Self-Driving-and-ROS-2-Learn-by-Doing-Odometry-Control/Section7_Differential_Kinematics/bumperbot_ws/install/bumperbot_py_examples:/home/robin/Self-Driving-and-ROS-2-Learn-by-Doing-Odometry-Control/Section6_Kinematics/bumperbot_ws/install/bumperbot_py_examples:/home/robin/Self-Driving-and-ROS-2-Learn-by-Doing-Odometry-Control/Section5_Control/bumperbot_ws/install/bumperbot_py_examples:/home/robin/Self-Driving-and-ROS-2-Learn-by-Doing-Odometry-Control/Section4_Locomotion/bumperbot_ws/install/bumperbot_py_examples:/opt/ros/humble /usr/bin/cmake --install /home/robin/robotic_arm/build/arduinobot_controller
[0.727s] Level 1:colcon.colcon_core.environment:create_environment_scripts_only(arduinobot_controller)
[0.727s] Level 1:colcon.colcon_core.environment:checking '/home/robin/robotic_arm/install/arduinobot_controller' for CMake module files
[0.727s] DEBUG:colcon.colcon_core.event_handler.log_command:Invoked command in '/home/robin/robotic_arm/build/arduinobot_controller' returned '0': CMAKE_PREFIX_PATH=${CMAKE_PREFIX_PATH}:/home/robin/opencv_ros2/install/ros2_opencv:/home/robin/colcon_ws/install/ur5_control:/home/robin/colcon_ws/install/eYantra_Turtle:/home/robin/Robotics-and-ROS-2-Learn-by-Doing-Manipulators/Section5_Control/arduinobot_ws/install/arduinobot_py_examples:/home/robin/Robotics-and-ROS-2-Learn-by-Doing-Manipulators/Section4_Digital_Twin/arduinobot_ws/install/arduinobot_py_examples:/home/robin/Self-Driving-and-ROS-2-Learn-by-Doing-Odometry-Control/Section7_Differential_Kinematics/bumperbot_ws/install/bumperbot_py_examples:/home/robin/Self-Driving-and-ROS-2-Learn-by-Doing-Odometry-Control/Section6_Kinematics/bumperbot_ws/install/bumperbot_py_examples:/home/robin/Self-Driving-and-ROS-2-Learn-by-Doing-Odometry-Control/Section5_Control/bumperbot_ws/install/bumperbot_py_examples:/home/robin/Self-Driving-and-ROS-2-Learn-by-Doing-Odometry-Control/Section4_Locomotion/bumperbot_ws/install/bumperbot_py_examples:/opt/ros/humble /usr/bin/cmake --install /home/robin/robotic_arm/build/arduinobot_controller
[0.728s] Level 1:colcon.colcon_core.environment:checking '/home/robin/robotic_arm/install/arduinobot_controller' for CMake config files
[0.728s] Level 1:colcon.colcon_core.shell:create_environment_hook('arduinobot_controller', 'cmake_prefix_path')
[0.728s] INFO:colcon.colcon_core.shell:Creating environment hook '/home/robin/robotic_arm/install/arduinobot_controller/share/arduinobot_controller/hook/cmake_prefix_path.ps1'
[0.728s] INFO:colcon.colcon_core.shell:Creating environment descriptor '/home/robin/robotic_arm/install/arduinobot_controller/share/arduinobot_controller/hook/cmake_prefix_path.dsv'
[0.728s] INFO:colcon.colcon_core.shell:Creating environment hook '/home/robin/robotic_arm/install/arduinobot_controller/share/arduinobot_controller/hook/cmake_prefix_path.sh'
[0.729s] Level 1:colcon.colcon_core.environment:checking '/home/robin/robotic_arm/install/arduinobot_controller/lib'
[0.729s] Level 1:colcon.colcon_core.environment:checking '/home/robin/robotic_arm/install/arduinobot_controller/bin'
[0.729s] Level 1:colcon.colcon_core.environment:checking '/home/robin/robotic_arm/install/arduinobot_controller/lib/pkgconfig/arduinobot_controller.pc'
[0.729s] Level 1:colcon.colcon_core.environment:checking '/home/robin/robotic_arm/install/arduinobot_controller/lib/python3.10/site-packages'
[0.729s] Level 1:colcon.colcon_core.environment:checking '/home/robin/robotic_arm/install/arduinobot_controller/bin'
[0.729s] INFO:colcon.colcon_core.shell:Creating package script '/home/robin/robotic_arm/install/arduinobot_controller/share/arduinobot_controller/package.ps1'
[0.730s] INFO:colcon.colcon_core.shell:Creating package descriptor '/home/robin/robotic_arm/install/arduinobot_controller/share/arduinobot_controller/package.dsv'
[0.730s] INFO:colcon.colcon_core.shell:Creating package script '/home/robin/robotic_arm/install/arduinobot_controller/share/arduinobot_controller/package.sh'
[0.730s] INFO:colcon.colcon_core.shell:Creating package script '/home/robin/robotic_arm/install/arduinobot_controller/share/arduinobot_controller/package.bash'
[0.730s] INFO:colcon.colcon_core.shell:Creating package script '/home/robin/robotic_arm/install/arduinobot_controller/share/arduinobot_controller/package.zsh'
[0.731s] Level 1:colcon.colcon_core.environment:create_file_with_runtime_dependencies(/home/robin/robotic_arm/install/arduinobot_controller/share/colcon-core/packages/arduinobot_controller)
[0.758s] Level 1:colcon.colcon_core.environment:create_environment_scripts_only(arduinobot_controller)
[0.758s] Level 1:colcon.colcon_core.environment:checking '/home/robin/robotic_arm/install/arduinobot_controller' for CMake module files
[0.758s] Level 1:colcon.colcon_core.environment:checking '/home/robin/robotic_arm/install/arduinobot_controller' for CMake config files
[0.758s] Level 1:colcon.colcon_core.shell:create_environment_hook('arduinobot_controller', 'cmake_prefix_path')
[0.759s] INFO:colcon.colcon_core.shell:Creating environment hook '/home/robin/robotic_arm/install/arduinobot_controller/share/arduinobot_controller/hook/cmake_prefix_path.ps1'
[0.759s] INFO:colcon.colcon_core.shell:Creating environment descriptor '/home/robin/robotic_arm/install/arduinobot_controller/share/arduinobot_controller/hook/cmake_prefix_path.dsv'
[0.759s] INFO:colcon.colcon_core.shell:Creating environment hook '/home/robin/robotic_arm/install/arduinobot_controller/share/arduinobot_controller/hook/cmake_prefix_path.sh'
[0.760s] Level 1:colcon.colcon_core.environment:checking '/home/robin/robotic_arm/install/arduinobot_controller/lib'
[0.760s] Level 1:colcon.colcon_core.environment:checking '/home/robin/robotic_arm/install/arduinobot_controller/bin'
[0.760s] Level 1:colcon.colcon_core.environment:checking '/home/robin/robotic_arm/install/arduinobot_controller/lib/pkgconfig/arduinobot_controller.pc'
[0.760s] Level 1:colcon.colcon_core.environment:checking '/home/robin/robotic_arm/install/arduinobot_controller/lib/python3.10/site-packages'
[0.760s] Level 1:colcon.colcon_core.environment:checking '/home/robin/robotic_arm/install/arduinobot_controller/bin'
[0.760s] INFO:colcon.colcon_core.shell:Creating package script '/home/robin/robotic_arm/install/arduinobot_controller/share/arduinobot_controller/package.ps1'
[0.761s] INFO:colcon.colcon_core.shell:Creating package descriptor '/home/robin/robotic_arm/install/arduinobot_controller/share/arduinobot_controller/package.dsv'
[0.761s] INFO:colcon.colcon_core.shell:Creating package script '/home/robin/robotic_arm/install/arduinobot_controller/share/arduinobot_controller/package.sh'
[0.761s] INFO:colcon.colcon_core.shell:Creating package script '/home/robin/robotic_arm/install/arduinobot_controller/share/arduinobot_controller/package.bash'
[0.761s] INFO:colcon.colcon_core.shell:Creating package script '/home/robin/robotic_arm/install/arduinobot_controller/share/arduinobot_controller/package.zsh'
[0.762s] Level 1:colcon.colcon_core.environment:create_file_with_runtime_dependencies(/home/robin/robotic_arm/install/arduinobot_controller/share/colcon-core/packages/arduinobot_controller)
[0.762s] DEBUG:colcon.colcon_parallel_executor.executor.parallel:closing loop
[0.762s] DEBUG:colcon.colcon_parallel_executor.executor.parallel:loop closed
[0.762s] DEBUG:colcon.colcon_parallel_executor.executor.parallel:run_until_complete finished with '0'
[0.762s] DEBUG:colcon.colcon_core.event_reactor:joining thread
[0.766s] INFO:colcon.colcon_core.plugin_system:Skipping extension 'colcon_notification.desktop_notification.terminal_notifier': Not used on non-Darwin systems
[0.766s] INFO:colcon.colcon_core.plugin_system:Skipping extension 'colcon_notification.desktop_notification.win32': Not used on non-Windows systems
[0.766s] INFO:colcon.colcon_notification.desktop_notification:Sending desktop notification using 'notify2'
[0.773s] DEBUG:colcon.colcon_core.event_reactor:joined thread
[0.773s] INFO:colcon.colcon_core.shell:Creating prefix script '/home/robin/robotic_arm/install/local_setup.ps1'
[0.774s] INFO:colcon.colcon_core.shell:Creating prefix util module '/home/robin/robotic_arm/install/_local_setup_util_ps1.py'
[0.775s] INFO:colcon.colcon_core.shell:Creating prefix chain script '/home/robin/robotic_arm/install/setup.ps1'
[0.777s] INFO:colcon.colcon_core.shell:Creating prefix script '/home/robin/robotic_arm/install/local_setup.sh'
[0.778s] INFO:colcon.colcon_core.shell:Creating prefix util module '/home/robin/robotic_arm/install/_local_setup_util_sh.py'
[0.778s] INFO:colcon.colcon_core.shell:Creating prefix chain script '/home/robin/robotic_arm/install/setup.sh'
[0.780s] INFO:colcon.colcon_core.shell:Creating prefix script '/home/robin/robotic_arm/install/local_setup.bash'
[0.780s] INFO:colcon.colcon_core.shell:Creating prefix chain script '/home/robin/robotic_arm/install/setup.bash'
[0.782s] INFO:colcon.colcon_core.shell:Creating prefix script '/home/robin/robotic_arm/install/local_setup.zsh'
[0.783s] INFO:colcon.colcon_core.shell:Creating prefix chain script '/home/robin/robotic_arm/install/setup.zsh'
